<?xml version="1.0" encoding="UTF-8"?>
<coverage generated="1777025310803" clover="3.2.0">
  <project timestamp="1777025310803" name="All files">
    <metrics statements="509" coveredstatements="306" conditionals="291" coveredconditionals="152" methods="62" coveredmethods="34" elements="862" coveredelements="492" complexity="0" loc="509" ncloc="509" packages="10" files="24" classes="24"/>
    <package name="src">
      <metrics statements="41" coveredstatements="9" conditionals="6" coveredconditionals="3" methods="7" coveredmethods="3"/>
      <file name="app.controller.ts" path="E:\Work\shuja\wizdaa_home_assesment\src\app.controller.ts">
        <metrics statements="6" coveredstatements="6" conditionals="4" coveredconditionals="3" methods="2" coveredmethods="2"/>
        <line num="1" count="1" type="stmt"/>
        <line num="2" count="1" type="stmt"/>
        <line num="5" count="1" type="stmt"/>
        <line num="6" count="1" type="cond" truecount="3" falsecount="1"/>
        <line num="9" count="1" type="stmt"/>
        <line num="10" count="1" type="stmt"/>
      </file>
      <file name="app.module.ts" path="E:\Work\shuja\wizdaa_home_assesment\src\app.module.ts">
        <metrics statements="19" coveredstatements="0" conditionals="0" coveredconditionals="0" methods="2" coveredmethods="0"/>
        <line num="1" count="0" type="stmt"/>
        <line num="2" count="0" type="stmt"/>
        <line num="3" count="0" type="stmt"/>
        <line num="4" count="0" type="stmt"/>
        <line num="5" count="0" type="stmt"/>
        <line num="6" count="0" type="stmt"/>
        <line num="7" count="0" type="stmt"/>
        <line num="8" count="0" type="stmt"/>
        <line num="9" count="0" type="stmt"/>
        <line num="10" count="0" type="stmt"/>
        <line num="11" count="0" type="stmt"/>
        <line num="12" count="0" type="stmt"/>
        <line num="13" count="0" type="stmt"/>
        <line num="14" count="0" type="stmt"/>
        <line num="15" count="0" type="stmt"/>
        <line num="16" count="0" type="stmt"/>
        <line num="62" count="0" type="stmt"/>
        <line num="79" count="0" type="stmt"/>
        <line num="101" count="0" type="stmt"/>
      </file>
      <file name="app.service.ts" path="E:\Work\shuja\wizdaa_home_assesment\src\app.service.ts">
        <metrics statements="3" coveredstatements="3" conditionals="0" coveredconditionals="0" methods="1" coveredmethods="1"/>
        <line num="1" count="1" type="stmt"/>
        <line num="4" count="1" type="stmt"/>
        <line num="6" count="1" type="stmt"/>
      </file>
      <file name="main.ts" path="E:\Work\shuja\wizdaa_home_assesment\src\main.ts">
        <metrics statements="13" coveredstatements="0" conditionals="2" coveredconditionals="0" methods="2" coveredmethods="0"/>
        <line num="1" count="0" type="stmt"/>
        <line num="2" count="0" type="stmt"/>
        <line num="3" count="0" type="stmt"/>
        <line num="4" count="0" type="stmt"/>
        <line num="13" count="0" type="stmt"/>
        <line num="16" count="0" type="stmt"/>
        <line num="19" count="0" type="stmt"/>
        <line num="22" count="0" type="cond" truecount="0" falsecount="2"/>
        <line num="25" count="0" type="stmt"/>
        <line num="28" count="0" type="stmt"/>
        <line num="32" count="0" type="stmt"/>
        <line num="33" count="0" type="stmt"/>
        <line num="34" count="0" type="stmt"/>
      </file>
    </package>
    <package name="src.balances">
      <metrics statements="177" coveredstatements="92" conditionals="116" coveredconditionals="53" methods="20" coveredmethods="10"/>
      <file name="balances.controller.ts" path="E:\Work\shuja\wizdaa_home_assesment\src\balances\balances.controller.ts">
        <metrics statements="12" coveredstatements="11" conditionals="8" coveredconditionals="7" methods="3" coveredmethods="2"/>
        <line num="1" count="1" type="stmt"/>
        <line num="10" count="1" type="stmt"/>
        <line num="11" count="1" type="stmt"/>
        <line num="12" count="1" type="stmt"/>
        <line num="20" count="1" type="stmt"/>
        <line num="21" count="2" type="cond" truecount="3" falsecount="1"/>
        <line num="29" count="1" type="stmt"/>
        <line num="35" count="2" type="cond" truecount="4" falsecount="0"/>
        <line num="36" count="1" type="stmt"/>
        <line num="38" count="1" type="stmt"/>
        <line num="47" count="1" type="stmt"/>
        <line num="51" count="0" type="stmt"/>
      </file>
      <file name="balances.module.ts" path="E:\Work\shuja\wizdaa_home_assesment\src\balances\balances.module.ts">
        <metrics statements="12" coveredstatements="0" conditionals="0" coveredconditionals="0" methods="0" coveredmethods="0"/>
        <line num="1" count="0" type="stmt"/>
        <line num="2" count="0" type="stmt"/>
        <line num="3" count="0" type="stmt"/>
        <line num="4" count="0" type="stmt"/>
        <line num="5" count="0" type="stmt"/>
        <line num="6" count="0" type="stmt"/>
        <line num="7" count="0" type="stmt"/>
        <line num="8" count="0" type="stmt"/>
        <line num="9" count="0" type="stmt"/>
        <line num="10" count="0" type="stmt"/>
        <line num="11" count="0" type="stmt"/>
        <line num="22" count="0" type="stmt"/>
      </file>
      <file name="balances.service.ts" path="E:\Work\shuja\wizdaa_home_assesment\src\balances\balances.service.ts">
        <metrics statements="84" coveredstatements="55" conditionals="44" coveredconditionals="24" methods="11" coveredmethods="5"/>
        <line num="1" count="5" type="stmt"/>
        <line num="2" count="5" type="stmt"/>
        <line num="3" count="5" type="stmt"/>
        <line num="4" count="5" type="stmt"/>
        <line num="5" count="5" type="stmt"/>
        <line num="9" count="5" type="stmt"/>
        <line num="10" count="5" type="stmt"/>
        <line num="11" count="5" type="stmt"/>
        <line num="19" count="5" type="stmt"/>
        <line num="20" count="4" type="stmt"/>
        <line num="25" count="4" type="cond" truecount="6" falsecount="2"/>
        <line num="27" count="4" type="cond" truecount="3" falsecount="1"/>
        <line num="29" count="4" type="cond" truecount="3" falsecount="1"/>
        <line num="30" count="4" type="cond" truecount="3" falsecount="1"/>
        <line num="31" count="4" type="stmt"/>
        <line num="34" count="4" type="stmt"/>
        <line num="52" count="2" type="stmt"/>
        <line num="57" count="2" type="cond" truecount="2" falsecount="0"/>
        <line num="59" count="2" type="cond" truecount="2" falsecount="0"/>
        <line num="60" count="1" type="stmt"/>
        <line num="63" count="1" type="stmt"/>
        <line num="66" count="1" type="stmt"/>
        <line num="67" count="1" type="stmt"/>
        <line num="78" count="1" type="stmt"/>
        <line num="83" count="1" type="stmt"/>
        <line num="84" count="1" type="stmt"/>
        <line num="86" count="1" type="stmt"/>
        <line num="87" count="1" type="stmt"/>
        <line num="91" count="1" type="cond" truecount="1" falsecount="1"/>
        <line num="92" count="1" type="stmt"/>
        <line num="99" count="1" type="stmt"/>
        <line num="100" count="1" type="stmt"/>
        <line num="101" count="1" type="stmt"/>
        <line num="103" count="1" type="stmt"/>
        <line num="106" count="1" type="stmt"/>
        <line num="113" count="1" type="stmt"/>
        <line num="114" count="1" type="stmt"/>
        <line num="115" count="1" type="stmt"/>
        <line num="128" count="0" type="stmt"/>
        <line num="134" count="0" type="cond" truecount="0" falsecount="2"/>
        <line num="135" count="0" type="stmt"/>
        <line num="139" count="0" type="cond" truecount="0" falsecount="2"/>
        <line num="140" count="0" type="stmt"/>
        <line num="143" count="0" type="stmt"/>
        <line num="144" count="0" type="stmt"/>
        <line num="148" count="0" type="stmt"/>
        <line num="149" count="0" type="stmt"/>
        <line num="152" count="0" type="cond" truecount="0" falsecount="2"/>
        <line num="153" count="0" type="stmt"/>
        <line num="162" count="0" type="stmt"/>
        <line num="174" count="0" type="stmt"/>
        <line num="180" count="0" type="cond" truecount="0" falsecount="2"/>
        <line num="181" count="0" type="stmt"/>
        <line num="184" count="0" type="cond" truecount="0" falsecount="2"/>
        <line num="185" count="0" type="stmt"/>
        <line num="188" count="0" type="stmt"/>
        <line num="189" count="0" type="stmt"/>
        <line num="193" count="0" type="stmt"/>
        <line num="194" count="0" type="stmt"/>
        <line num="197" count="0" type="cond" truecount="0" falsecount="2"/>
        <line num="198" count="0" type="stmt"/>
        <line num="207" count="0" type="stmt"/>
        <line num="215" count="2" type="stmt"/>
        <line num="216" count="2" type="stmt"/>
        <line num="217" count="2" type="stmt"/>
        <line num="219" count="2" type="stmt"/>
        <line num="220" count="2" type="stmt"/>
        <line num="228" count="2" type="cond" truecount="1" falsecount="1"/>
        <line num="229" count="0" type="stmt"/>
        <line num="235" count="0" type="stmt"/>
        <line num="236" count="0" type="stmt"/>
        <line num="240" count="2" type="cond" truecount="1" falsecount="1"/>
        <line num="241" count="0" type="stmt"/>
        <line num="249" count="0" type="stmt"/>
        <line num="253" count="2" type="stmt"/>
        <line num="262" count="2" type="cond" truecount="2" falsecount="0"/>
        <line num="264" count="1" type="stmt"/>
        <line num="265" count="1" type="stmt"/>
        <line num="266" count="1" type="stmt"/>
        <line num="268" count="1" type="stmt"/>
        <line num="271" count="1" type="stmt"/>
        <line num="283" count="1" type="stmt"/>
        <line num="288" count="2" type="stmt"/>
        <line num="301" count="2" type="stmt"/>
      </file>
      <file name="sync.controller.ts" path="E:\Work\shuja\wizdaa_home_assesment\src\balances\sync.controller.ts">
        <metrics statements="26" coveredstatements="26" conditionals="30" coveredconditionals="22" methods="3" coveredmethods="3"/>
        <line num="1" count="1" type="stmt"/>
        <line num="10" count="1" type="stmt"/>
        <line num="11" count="1" type="stmt"/>
        <line num="12" count="1" type="stmt"/>
        <line num="13" count="1" type="stmt"/>
        <line num="14" count="1" type="stmt"/>
        <line num="15" count="1" type="stmt"/>
        <line num="16" count="1" type="stmt"/>
        <line num="17" count="1" type="stmt"/>
        <line num="18" count="1" type="stmt"/>
        <line num="28" count="1" type="stmt"/>
        <line num="30" count="3" type="cond" truecount="6" falsecount="2"/>
        <line num="31" count="3" type="cond" truecount="3" falsecount="1"/>
        <line num="33" count="3" type="cond" truecount="3" falsecount="1"/>
        <line num="35" count="3" type="stmt"/>
        <line num="43" count="1" type="stmt"/>
        <line num="47" count="2" type="stmt"/>
        <line num="48" count="2" type="cond" truecount="4" falsecount="0"/>
        <line num="49" count="1" type="stmt"/>
        <line num="52" count="1" type="stmt"/>
        <line num="63" count="1" type="stmt"/>
        <line num="64" count="1" type="stmt"/>
        <line num="69" count="1" type="stmt"/>
        <line num="74" count="1" type="stmt"/>
        <line num="78" count="1" type="stmt"/>
        <line num="85" count="1" type="stmt"/>
      </file>
      <file name="sync.service.ts" path="E:\Work\shuja\wizdaa_home_assesment\src\balances\sync.service.ts">
        <metrics statements="43" coveredstatements="0" conditionals="34" coveredconditionals="0" methods="3" coveredmethods="0"/>
        <line num="1" count="0" type="stmt"/>
        <line num="2" count="0" type="stmt"/>
        <line num="3" count="0" type="stmt"/>
        <line num="4" count="0" type="stmt"/>
        <line num="5" count="0" type="stmt"/>
        <line num="6" count="0" type="stmt"/>
        <line num="7" count="0" type="stmt"/>
        <line num="8" count="0" type="stmt"/>
        <line num="9" count="0" type="stmt"/>
        <line num="10" count="0" type="stmt"/>
        <line num="19" count="0" type="stmt"/>
        <line num="22" count="0" type="stmt"/>
        <line num="23" count="0" type="stmt"/>
        <line num="27" count="0" type="cond" truecount="0" falsecount="8"/>
        <line num="29" count="0" type="cond" truecount="0" falsecount="4"/>
        <line num="31" count="0" type="cond" truecount="0" falsecount="4"/>
        <line num="32" count="0" type="cond" truecount="0" falsecount="4"/>
        <line num="33" count="0" type="cond" truecount="0" falsecount="4"/>
        <line num="34" count="0" type="cond" truecount="0" falsecount="4"/>
        <line num="35" count="0" type="stmt"/>
        <line num="44" count="0" type="stmt"/>
        <line num="45" count="0" type="stmt"/>
        <line num="48" count="0" type="stmt"/>
        <line num="49" count="0" type="stmt"/>
        <line num="51" count="0" type="stmt"/>
        <line num="52" count="0" type="stmt"/>
        <line num="54" count="0" type="stmt"/>
        <line num="59" count="0" type="stmt"/>
        <line num="60" count="0" type="stmt"/>
        <line num="64" count="0" type="cond" truecount="0" falsecount="2"/>
        <line num="68" count="0" type="stmt"/>
        <line num="69" count="0" type="stmt"/>
        <line num="72" count="0" type="stmt"/>
        <line num="73" count="0" type="stmt"/>
        <line num="74" count="0" type="stmt"/>
        <line num="75" count="0" type="stmt"/>
        <line num="78" count="0" type="stmt"/>
        <line num="87" count="0" type="stmt"/>
        <line num="96" count="0" type="cond" truecount="0" falsecount="2"/>
        <line num="97" count="0" type="stmt"/>
        <line num="103" count="0" type="stmt"/>
        <line num="120" count="0" type="stmt"/>
        <line num="126" count="0" type="stmt"/>
      </file>
    </package>
    <package name="src.common.decorators">
      <metrics statements="3" coveredstatements="3" conditionals="0" coveredconditionals="0" methods="1" coveredmethods="1"/>
      <file name="roles.decorator.ts" path="E:\Work\shuja\wizdaa_home_assesment\src\common\decorators\roles.decorator.ts">
        <metrics statements="3" coveredstatements="3" conditionals="0" coveredconditionals="0" methods="1" coveredmethods="1"/>
        <line num="1" count="3" type="stmt"/>
        <line num="4" count="3" type="stmt"/>
        <line num="10" count="9" type="stmt"/>
      </file>
    </package>
    <package name="src.common.guards">
      <metrics statements="30" coveredstatements="8" conditionals="24" coveredconditionals="6" methods="4" coveredmethods="0"/>
      <file name="auth.guard.ts" path="E:\Work\shuja\wizdaa_home_assesment\src\common\guards\auth.guard.ts">
        <metrics statements="24" coveredstatements="5" conditionals="18" coveredconditionals="6" methods="3" coveredmethods="0"/>
        <line num="1" count="3" type="stmt"/>
        <line num="8" count="3" type="stmt"/>
        <line num="9" count="3" type="stmt"/>
        <line num="10" count="3" type="stmt"/>
        <line num="18" count="3" type="stmt"/>
        <line num="20" count="0" type="cond" truecount="6" falsecount="2"/>
        <line num="21" count="0" type="stmt"/>
        <line num="25" count="0" type="stmt"/>
        <line num="26" count="0" type="stmt"/>
        <line num="28" count="0" type="cond" truecount="0" falsecount="2"/>
        <line num="29" count="0" type="stmt"/>
        <line num="32" count="0" type="stmt"/>
        <line num="34" count="0" type="stmt"/>
        <line num="35" count="0" type="stmt"/>
        <line num="37" count="0" type="stmt"/>
        <line num="41" count="0" type="stmt"/>
        <line num="46" count="0" type="cond" truecount="0" falsecount="2"/>
        <line num="47" count="0" type="stmt"/>
        <line num="50" count="0" type="stmt"/>
        <line num="51" count="0" type="cond" truecount="0" falsecount="2"/>
        <line num="52" count="0" type="stmt"/>
        <line num="57" count="0" type="stmt"/>
        <line num="64" count="0" type="cond" truecount="0" falsecount="2"/>
        <line num="65" count="0" type="cond" truecount="0" falsecount="2"/>
      </file>
      <file name="employee-throttler.guard.ts" path="E:\Work\shuja\wizdaa_home_assesment\src\common\guards\employee-throttler.guard.ts">
        <metrics statements="6" coveredstatements="3" conditionals="6" coveredconditionals="0" methods="1" coveredmethods="0"/>
        <line num="1" count="2" type="stmt"/>
        <line num="2" count="2" type="stmt"/>
        <line num="9" count="2" type="stmt"/>
        <line num="15" count="0" type="cond" truecount="0" falsecount="4"/>
        <line num="16" count="0" type="stmt"/>
        <line num="18" count="0" type="cond" truecount="0" falsecount="2"/>
      </file>
    </package>
    <package name="src.common.utils">
      <metrics statements="28" coveredstatements="18" conditionals="10" coveredconditionals="6" methods="5" coveredmethods="1"/>
      <file name="date.utils.ts" path="E:\Work\shuja\wizdaa_home_assesment\src\common\utils\date.utils.ts">
        <metrics statements="16" coveredstatements="16" conditionals="6" coveredconditionals="6" methods="1" coveredmethods="1"/>
        <line num="9" count="3" type="stmt"/>
        <line num="10" count="9" type="cond" truecount="2" falsecount="0"/>
        <line num="11" count="1" type="stmt"/>
        <line num="15" count="8" type="stmt"/>
        <line num="16" count="8" type="stmt"/>
        <line num="17" count="8" type="stmt"/>
        <line num="18" count="8" type="stmt"/>
        <line num="20" count="8" type="stmt"/>
        <line num="21" count="8" type="stmt"/>
        <line num="23" count="8" type="stmt"/>
        <line num="24" count="20" type="stmt"/>
        <line num="25" count="20" type="cond" truecount="2" falsecount="0"/>
        <line num="27" count="20" type="cond" truecount="2" falsecount="0"/>
        <line num="28" count="14" type="stmt"/>
        <line num="31" count="20" type="stmt"/>
        <line num="34" count="8" type="stmt"/>
      </file>
      <file name="mutex.service.ts" path="E:\Work\shuja\wizdaa_home_assesment\src\common\utils\mutex.service.ts">
        <metrics statements="12" coveredstatements="2" conditionals="4" coveredconditionals="0" methods="4" coveredmethods="0"/>
        <line num="1" count="2" type="stmt"/>
        <line num="11" count="2" type="stmt"/>
        <line num="12" count="0" type="stmt"/>
        <line num="19" count="0" type="cond" truecount="0" falsecount="2"/>
        <line num="22" count="0" type="stmt"/>
        <line num="23" count="0" type="stmt"/>
        <line num="26" count="0" type="stmt"/>
        <line num="28" count="0" type="stmt"/>
        <line num="30" count="0" type="stmt"/>
        <line num="31" count="0" type="stmt"/>
        <line num="33" count="0" type="cond" truecount="0" falsecount="2"/>
        <line num="34" count="0" type="stmt"/>
      </file>
    </package>
    <package name="src.database.entities">
      <metrics statements="46" coveredstatements="46" conditionals="40" coveredconditionals="31" methods="2" coveredmethods="2"/>
      <file name="balance.entity.ts" path="E:\Work\shuja\wizdaa_home_assesment\src\database\entities\balance.entity.ts">
        <metrics statements="11" coveredstatements="11" conditionals="12" coveredconditionals="9" methods="0" coveredmethods="0"/>
        <line num="1" count="5" type="stmt"/>
        <line num="16" count="5" type="stmt"/>
        <line num="18" count="5" type="stmt"/>
        <line num="22" count="5" type="stmt"/>
        <line num="26" count="5" type="stmt"/>
        <line num="30" count="5" type="stmt"/>
        <line num="34" count="5" type="stmt"/>
        <line num="41" count="5" type="stmt"/>
        <line num="45" count="5" type="cond" truecount="3" falsecount="1"/>
        <line num="48" count="5" type="cond" truecount="3" falsecount="1"/>
        <line num="51" count="5" type="cond" truecount="3" falsecount="1"/>
      </file>
      <file name="sync-log.entity.ts" path="E:\Work\shuja\wizdaa_home_assesment\src\database\entities\sync-log.entity.ts">
        <metrics statements="12" coveredstatements="12" conditionals="6" coveredconditionals="5" methods="1" coveredmethods="1"/>
        <line num="1" count="5" type="stmt"/>
        <line num="9" count="5" type="cond" truecount="2" falsecount="0"/>
        <line num="11" count="5" type="stmt"/>
        <line num="13" count="5" type="stmt"/>
        <line num="15" count="5" type="stmt"/>
        <line num="23" count="5" type="stmt"/>
        <line num="25" count="5" type="stmt"/>
        <line num="29" count="5" type="stmt"/>
        <line num="33" count="5" type="stmt"/>
        <line num="37" count="5" type="stmt"/>
        <line num="41" count="5" type="stmt"/>
        <line num="44" count="5" type="cond" truecount="3" falsecount="1"/>
      </file>
      <file name="time-off-request.entity.ts" path="E:\Work\shuja\wizdaa_home_assesment\src\database\entities\time-off-request.entity.ts">
        <metrics statements="23" coveredstatements="23" conditionals="22" coveredconditionals="17" methods="1" coveredmethods="1"/>
        <line num="1" count="5" type="stmt"/>
        <line num="11" count="5" type="cond" truecount="2" falsecount="0"/>
        <line num="12" count="5" type="stmt"/>
        <line num="13" count="5" type="stmt"/>
        <line num="14" count="5" type="stmt"/>
        <line num="15" count="5" type="stmt"/>
        <line num="23" count="5" type="stmt"/>
        <line num="25" count="5" type="stmt"/>
        <line num="30" count="5" type="stmt"/>
        <line num="34" count="5" type="stmt"/>
        <line num="38" count="5" type="stmt"/>
        <line num="41" count="5" type="cond" truecount="3" falsecount="1"/>
        <line num="44" count="5" type="cond" truecount="3" falsecount="1"/>
        <line num="48" count="5" type="stmt"/>
        <line num="55" count="5" type="stmt"/>
        <line num="59" count="5" type="stmt"/>
        <line num="63" count="5" type="stmt"/>
        <line num="67" count="5" type="stmt"/>
        <line num="71" count="5" type="stmt"/>
        <line num="75" count="5" type="stmt"/>
        <line num="78" count="5" type="cond" truecount="3" falsecount="1"/>
        <line num="82" count="5" type="cond" truecount="3" falsecount="1"/>
        <line num="85" count="5" type="cond" truecount="3" falsecount="1"/>
      </file>
    </package>
    <package name="src.hcm">
      <metrics statements="44" coveredstatements="22" conditionals="23" coveredconditionals="5" methods="6" coveredmethods="3"/>
      <file name="hcm.adapter.ts" path="E:\Work\shuja\wizdaa_home_assesment\src\hcm\hcm.adapter.ts">
        <metrics statements="41" coveredstatements="22" conditionals="23" coveredconditionals="5" methods="6" coveredmethods="3"/>
        <line num="1" count="6" type="stmt"/>
        <line num="6" count="6" type="stmt"/>
        <line num="14" count="6" type="stmt"/>
        <line num="15" count="2" type="stmt"/>
        <line num="18" count="2" type="cond" truecount="3" falsecount="1"/>
        <line num="19" count="2" type="stmt"/>
        <line num="29" count="2" type="stmt"/>
        <line num="30" count="2" type="stmt"/>
        <line num="31" count="2" type="stmt"/>
        <line num="32" count="2" type="stmt"/>
        <line num="36" count="2" type="stmt"/>
        <line num="37" count="2" type="stmt"/>
        <line num="39" count="0" type="stmt"/>
        <line num="40" count="0" type="cond" truecount="0" falsecount="2"/>
        <line num="41" count="0" type="stmt"/>
        <line num="43" count="0" type="stmt"/>
        <line num="54" count="1" type="stmt"/>
        <line num="57" count="1" type="stmt"/>
        <line num="58" count="1" type="stmt"/>
        <line num="59" count="1" type="stmt"/>
        <line num="60" count="2" type="stmt"/>
        <line num="61" count="2" type="stmt"/>
        <line num="65" count="2" type="cond" truecount="1" falsecount="1"/>
        <line num="66" count="2" type="stmt"/>
        <line num="67" count="2" type="stmt"/>
        <line num="70" count="0" type="stmt"/>
        <line num="72" count="0" type="cond" truecount="0" falsecount="2"/>
        <line num="73" count="0" type="stmt"/>
        <line num="78" count="1" type="stmt"/>
        <line num="91" count="0" type="stmt"/>
        <line num="92" count="0" type="stmt"/>
        <line num="100" count="0" type="stmt"/>
        <line num="101" count="0" type="cond" truecount="0" falsecount="4"/>
        <line num="102" count="0" type="cond" truecount="0" falsecount="2"/>
        <line num="104" count="0" type="stmt"/>
        <line num="116" count="0" type="stmt"/>
        <line num="117" count="0" type="stmt"/>
        <line num="125" count="0" type="stmt"/>
        <line num="126" count="0" type="cond" truecount="0" falsecount="4"/>
        <line num="127" count="0" type="cond" truecount="0" falsecount="2"/>
        <line num="129" count="0" type="stmt"/>
      </file>
      <file name="hcm.module.ts" path="E:\Work\shuja\wizdaa_home_assesment\src\hcm\hcm.module.ts">
        <metrics statements="3" coveredstatements="0" conditionals="0" coveredconditionals="0" methods="0" coveredmethods="0"/>
        <line num="1" count="0" type="stmt"/>
        <line num="2" count="0" type="stmt"/>
        <line num="8" count="0" type="stmt"/>
      </file>
    </package>
    <package name="src.hcm.dto">
      <metrics statements="11" coveredstatements="10" conditionals="0" coveredconditionals="0" methods="1" coveredmethods="0"/>
      <file name="hcm-batch.dto.ts" path="E:\Work\shuja\wizdaa_home_assesment\src\hcm\dto\hcm-batch.dto.ts">
        <metrics statements="11" coveredstatements="10" conditionals="0" coveredconditionals="0" methods="1" coveredmethods="0"/>
        <line num="1" count="1" type="stmt"/>
        <line num="8" count="1" type="stmt"/>
        <line num="10" count="1" type="stmt"/>
        <line num="13" count="1" type="stmt"/>
        <line num="17" count="1" type="stmt"/>
        <line num="21" count="1" type="stmt"/>
        <line num="24" count="1" type="stmt"/>
        <line num="27" count="1" type="stmt"/>
        <line num="30" count="1" type="stmt"/>
        <line num="33" count="0" type="stmt"/>
        <line num="34" count="1" type="stmt"/>
      </file>
    </package>
    <package name="src.requests">
      <metrics statements="121" coveredstatements="90" conditionals="72" coveredconditionals="48" methods="16" coveredmethods="14"/>
      <file name="requests.controller.ts" path="E:\Work\shuja\wizdaa_home_assesment\src\requests\requests.controller.ts">
        <metrics statements="31" coveredstatements="24" conditionals="22" coveredconditionals="14" methods="7" coveredmethods="5"/>
        <line num="1" count="1" type="stmt"/>
        <line num="13" count="1" type="stmt"/>
        <line num="14" count="1" type="stmt"/>
        <line num="15" count="1" type="stmt"/>
        <line num="16" count="1" type="stmt"/>
        <line num="17" count="1" type="stmt"/>
        <line num="18" count="1" type="stmt"/>
        <line num="26" count="1" type="stmt"/>
        <line num="27" count="4" type="cond" truecount="3" falsecount="1"/>
        <line num="36" count="1" type="cond" truecount="3" falsecount="1"/>
        <line num="38" count="0" type="cond" truecount="0" falsecount="2"/>
        <line num="39" count="0" type="stmt"/>
        <line num="43" count="0" type="stmt"/>
        <line num="52" count="1" type="stmt"/>
        <line num="58" count="1" type="cond" truecount="1" falsecount="1"/>
        <line num="59" count="0" type="stmt"/>
        <line num="61" count="1" type="stmt"/>
        <line num="69" count="1" type="stmt"/>
        <line num="70" count="1" type="stmt"/>
        <line num="72" count="1" type="cond" truecount="3" falsecount="1"/>
        <line num="73" count="1" type="stmt"/>
        <line num="77" count="0" type="stmt"/>
        <line num="85" count="1" type="stmt"/>
        <line num="86" count="1" type="stmt"/>
        <line num="94" count="1" type="stmt"/>
        <line num="95" count="0" type="stmt"/>
        <line num="103" count="1" type="stmt"/>
        <line num="104" count="1" type="stmt"/>
        <line num="106" count="1" type="cond" truecount="1" falsecount="1"/>
        <line num="107" count="1" type="stmt"/>
        <line num="111" count="0" type="stmt"/>
      </file>
      <file name="requests.module.ts" path="E:\Work\shuja\wizdaa_home_assesment\src\requests\requests.module.ts">
        <metrics statements="7" coveredstatements="0" conditionals="0" coveredconditionals="0" methods="0" coveredmethods="0"/>
        <line num="1" count="0" type="stmt"/>
        <line num="2" count="0" type="stmt"/>
        <line num="3" count="0" type="stmt"/>
        <line num="4" count="0" type="stmt"/>
        <line num="5" count="0" type="stmt"/>
        <line num="6" count="0" type="stmt"/>
        <line num="14" count="0" type="stmt"/>
      </file>
      <file name="requests.service.ts" path="E:\Work\shuja\wizdaa_home_assesment\src\requests\requests.service.ts">
        <metrics statements="83" coveredstatements="66" conditionals="50" coveredconditionals="34" methods="9" coveredmethods="9"/>
        <line num="1" count="2" type="stmt"/>
        <line num="2" count="2" type="stmt"/>
        <line num="3" count="2" type="stmt"/>
        <line num="4" count="2" type="stmt"/>
        <line num="9" count="2" type="stmt"/>
        <line num="10" count="2" type="stmt"/>
        <line num="11" count="2" type="stmt"/>
        <line num="18" count="2" type="stmt"/>
        <line num="19" count="10" type="stmt"/>
        <line num="23" count="10" type="cond" truecount="6" falsecount="2"/>
        <line num="24" count="10" type="cond" truecount="3" falsecount="1"/>
        <line num="25" count="10" type="stmt"/>
        <line num="33" count="4" type="stmt"/>
        <line num="34" count="4" type="stmt"/>
        <line num="37" count="4" type="cond" truecount="1" falsecount="1"/>
        <line num="38" count="0" type="stmt"/>
        <line num="42" count="4" type="stmt"/>
        <line num="43" count="4" type="cond" truecount="2" falsecount="0"/>
        <line num="44" count="1" type="stmt"/>
        <line num="50" count="3" type="stmt"/>
        <line num="54" count="3" type="stmt"/>
        <line num="56" count="3" type="cond" truecount="4" falsecount="0"/>
        <line num="57" count="1" type="stmt"/>
        <line num="62" count="2" type="stmt"/>
        <line num="68" count="2" type="stmt"/>
        <line num="78" count="1" type="stmt"/>
        <line num="79" count="1" type="cond" truecount="1" falsecount="1"/>
        <line num="80" count="1" type="cond" truecount="1" falsecount="1"/>
        <line num="82" count="1" type="stmt"/>
        <line num="92" count="5" type="stmt"/>
        <line num="93" count="5" type="cond" truecount="1" falsecount="1"/>
        <line num="94" count="0" type="stmt"/>
        <line num="96" count="5" type="stmt"/>
        <line num="107" count="3" type="stmt"/>
        <line num="110" count="3" type="stmt"/>
        <line num="111" count="3" type="stmt"/>
        <line num="112" count="3" type="cond" truecount="2" falsecount="0"/>
        <line num="113" count="1" type="stmt"/>
        <line num="119" count="2" type="stmt"/>
        <line num="123" count="2" type="stmt"/>
        <line num="126" count="2" type="cond" truecount="4" falsecount="0"/>
        <line num="127" count="1" type="stmt"/>
        <line num="133" count="1" type="stmt"/>
        <line num="134" count="1" type="stmt"/>
        <line num="141" count="1" type="cond" truecount="1" falsecount="1"/>
        <line num="142" count="1" type="stmt"/>
        <line num="143" count="1" type="stmt"/>
        <line num="144" count="1" type="stmt"/>
        <line num="145" count="1" type="stmt"/>
        <line num="147" count="0" type="stmt"/>
        <line num="148" count="0" type="stmt"/>
        <line num="152" count="0" type="stmt"/>
        <line num="153" count="0" type="stmt"/>
        <line num="154" count="0" type="stmt"/>
        <line num="157" count="1" type="stmt"/>
        <line num="159" count="3" type="stmt"/>
        <line num="167" count="1" type="stmt"/>
        <line num="168" count="1" type="cond" truecount="1" falsecount="1"/>
        <line num="169" count="0" type="stmt"/>
        <line num="174" count="1" type="stmt"/>
        <line num="175" count="1" type="stmt"/>
        <line num="176" count="1" type="stmt"/>
        <line num="178" count="1" type="stmt"/>
        <line num="186" count="1" type="stmt"/>
        <line num="188" count="1" type="cond" truecount="1" falsecount="1"/>
        <line num="189" count="0" type="stmt"/>
        <line num="192" count="1" type="cond" truecount="1" falsecount="1"/>
        <line num="193" count="0" type="stmt"/>
        <line num="196" count="1" type="stmt"/>
        <line num="197" count="1" type="stmt"/>
        <line num="198" count="1" type="cond" truecount="1" falsecount="1"/>
        <line num="200" count="1" type="stmt"/>
        <line num="202" count="1" type="stmt"/>
        <line num="205" count="1" type="cond" truecount="1" falsecount="1"/>
        <line num="206" count="1" type="stmt"/>
        <line num="212" count="0" type="stmt"/>
        <line num="213" count="0" type="stmt"/>
        <line num="220" count="0" type="cond" truecount="0" falsecount="2"/>
        <line num="221" count="0" type="stmt"/>
        <line num="226" count="0" type="stmt"/>
        <line num="232" count="0" type="stmt"/>
        <line num="233" count="0" type="stmt"/>
        <line num="235" count="1" type="stmt"/>
      </file>
    </package>
    <package name="src.requests.dto">
      <metrics statements="8" coveredstatements="8" conditionals="0" coveredconditionals="0" methods="0" coveredmethods="0"/>
      <file name="create-request.dto.ts" path="E:\Work\shuja\wizdaa_home_assesment\src\requests\dto\create-request.dto.ts">
        <metrics statements="8" coveredstatements="8" conditionals="0" coveredconditionals="0" methods="0" coveredmethods="0"/>
        <line num="1" count="2" type="stmt"/>
        <line num="13" count="2" type="stmt"/>
        <line num="17" count="2" type="stmt"/>
        <line num="22" count="2" type="stmt"/>
        <line num="28" count="2" type="stmt"/>
        <line num="33" count="2" type="stmt"/>
        <line num="38" count="2" type="stmt"/>
        <line num="43" count="2" type="stmt"/>
      </file>
    </package>
  </project>
</coverage>
