{"E:\\Work\\shuja\\wizdaa_home_assesment\\src\\app.controller.ts": {"path":"E:\\Work\\shuja\\wizdaa_home_assesment\\src\\app.controller.ts","statementMap":{"0":{"start":{"line":1,"column":0},"end":{"line":1,"column":49}},"1":{"start":{"line":2,"column":0},"end":{"line":2,"column":43}},"2":{"start":{"line":5,"column":7},"end":{"line":12,"column":null}},"3":{"start":{"line":6,"column":31},"end":{"line":6,"column":43}},"4":{"start":{"line":10,"column":4},"end":{"line":10,"column":38}},"5":{"start":{"line":5,"column":13},"end":{"line":5,"column":26}},"6":{"start":{"line":9,"column":2},"end":{"line":11,"column":null}},"7":{"start":{"line":5,"column":13},"end":{"line":12,"column":null}}},"fnMap":{"0":{"name":"(anonymous_2)","decl":{"start":{"line":6,"column":2},"end":{"line":6,"column":31}},"loc":{"start":{"line":6,"column":53},"end":{"line":6,"column":57}}},"1":{"name":"(anonymous_3)","decl":{"start":{"line":9,"column":2},"end":{"line":9,"column":10}},"loc":{"start":{"line":9,"column":10},"end":{"line":11,"column":3}}}},"branchMap":{"0":{"loc":{"start":{"line":6,"column":43},"end":{"line":6,"column":56}},"type":"cond-expr","locations":[{"start":{"line":6,"column":53},"end":{"line":6,"column":56}},{"start":{"line":6,"column":53},"end":{"line":6,"column":56}}]},"1":{"loc":{"start":{"line":6,"column":43},"end":{"line":6,"column":53}},"type":"binary-expr","locations":[{"start":{"line":6,"column":43},"end":{"line":6,"column":56}},{"start":{"line":6,"column":43},"end":{"line":6,"column":53}}]}},"s":{"0":1,"1":1,"2":1,"3":1,"4":1,"5":1,"6":1,"7":1},"f":{"0":1,"1":1},"b":{"0":[1,0],"1":[1,1]}}
,"E:\\Work\\shuja\\wizdaa_home_assesment\\src\\app.module.ts": {"path":"E:\\Work\\shuja\\wizdaa_home_assesment\\src\\app.module.ts","statementMap":{"0":{"start":{"line":1,"column":0},"end":{"line":1,"column":40}},"1":{"start":{"line":2,"column":0},"end":{"line":2,"column":61}},"2":{"start":{"line":3,"column":0},"end":{"line":3,"column":48}},"3":{"start":{"line":4,"column":0},"end":{"line":4,"column":49}},"4":{"start":{"line":5,"column":0},"end":{"line":5,"column":43}},"5":{"start":{"line":6,"column":0},"end":{"line":6,"column":61}},"6":{"start":{"line":7,"column":0},"end":{"line":7,"column":77}},"7":{"start":{"line":8,"column":0},"end":{"line":8,"column":62}},"8":{"start":{"line":9,"column":0},"end":{"line":9,"column":60}},"9":{"start":{"line":10,"column":0},"end":{"line":10,"column":60}},"10":{"start":{"line":11,"column":0},"end":{"line":11,"column":50}},"11":{"start":{"line":12,"column":0},"end":{"line":12,"column":43}},"12":{"start":{"line":13,"column":0},"end":{"line":13,"column":68}},"13":{"start":{"line":14,"column":0},"end":{"line":14,"column":41}},"14":{"start":{"line":15,"column":0},"end":{"line":15,"column":40}},"15":{"start":{"line":68,"column":7},"end":{"line":68,"column":null}},"16":{"start":{"line":68,"column":13},"end":{"line":68,"column":22}},"17":{"start":{"line":68,"column":13},"end":{"line":68,"column":null}},"18":{"start":{"line":39,"column":59},"end":{"line":42,"column":8}},"19":{"start":{"line":50,"column":53},"end":{"line":55,"column":8}}},"fnMap":{"0":{"name":"(anonymous_1)","decl":{"start":{"line":39,"column":18},"end":{"line":39,"column":23}},"loc":{"start":{"line":39,"column":59},"end":{"line":42,"column":8}}},"1":{"name":"(anonymous_2)","decl":{"start":{"line":50,"column":18},"end":{"line":50,"column":19}},"loc":{"start":{"line":50,"column":53},"end":{"line":55,"column":8}}}},"branchMap":{},"s":{"0":0,"1":0,"2":0,"3":0,"4":0,"5":0,"6":0,"7":0,"8":0,"9":0,"10":0,"11":0,"12":0,"13":0,"14":0,"15":0,"16":0,"17":0,"18":0,"19":0},"f":{"0":0,"1":0},"b":{}}
,"E:\\Work\\shuja\\wizdaa_home_assesment\\src\\app.service.ts": {"path":"E:\\Work\\shuja\\wizdaa_home_assesment\\src\\app.service.ts","statementMap":{"0":{"start":{"line":1,"column":0},"end":{"line":1,"column":44}},"1":{"start":{"line":4,"column":7},"end":{"line":8,"column":null}},"2":{"start":{"line":6,"column":4},"end":{"line":6,"column":26}},"3":{"start":{"line":4,"column":13},"end":{"line":4,"column":23}},"4":{"start":{"line":4,"column":13},"end":{"line":8,"column":null}}},"fnMap":{"0":{"name":"(anonymous_1)","decl":{"start":{"line":5,"column":2},"end":{"line":5,"column":10}},"loc":{"start":{"line":5,"column":10},"end":{"line":7,"column":3}}}},"branchMap":{},"s":{"0":1,"1":1,"2":1,"3":1,"4":1},"f":{"0":1},"b":{}}
,"E:\\Work\\shuja\\wizdaa_home_assesment\\src\\main.ts": {"path":"E:\\Work\\shuja\\wizdaa_home_assesment\\src\\main.ts","statementMap":{"0":{"start":{"line":1,"column":0},"end":{"line":1,"column":43}},"1":{"start":{"line":2,"column":0},"end":{"line":2,"column":41}},"2":{"start":{"line":3,"column":0},"end":{"line":3,"column":37}},"3":{"start":{"line":6,"column":14},"end":{"line":6,"column":71}},"4":{"start":{"line":7,"column":2},"end":{"line":7,"column":33}},"5":{"start":{"line":8,"column":15},"end":{"line":8,"column":39}},"6":{"start":{"line":9,"column":2},"end":{"line":9,"column":25}},"7":{"start":{"line":10,"column":2},"end":{"line":10,"column":69}},"8":{"start":{"line":12,"column":0},"end":{"line":12,"column":12}}},"fnMap":{"0":{"name":"bootstrap","decl":{"start":{"line":5,"column":15},"end":{"line":5,"column":24}},"loc":{"start":{"line":5,"column":24},"end":{"line":11,"column":1}}}},"branchMap":{"0":{"loc":{"start":{"line":8,"column":15},"end":{"line":8,"column":39}},"type":"binary-expr","locations":[{"start":{"line":8,"column":15},"end":{"line":8,"column":31}},{"start":{"line":8,"column":35},"end":{"line":8,"column":39}}]}},"s":{"0":0,"1":0,"2":0,"3":0,"4":0,"5":0,"6":0,"7":0,"8":0},"f":{"0":0},"b":{"0":[0,0]}}
,"E:\\Work\\shuja\\wizdaa_home_assesment\\src\\balances\\balances.controller.ts": {"path":"E:\\Work\\shuja\\wizdaa_home_assesment\\src\\balances\\balances.controller.ts","statementMap":{"0":{"start":{"line":1,"column":0},"end":{"line":1,"column":102}},"1":{"start":{"line":2,"column":0},"end":{"line":2,"column":53}},"2":{"start":{"line":3,"column":0},"end":{"line":3,"column":56}},"3":{"start":{"line":4,"column":0},"end":{"line":4,"column":61}},"4":{"start":{"line":8,"column":7},"end":{"line":32,"column":null}},"5":{"start":{"line":9,"column":31},"end":{"line":9,"column":48}},"6":{"start":{"line":18,"column":4},"end":{"line":20,"column":5}},"7":{"start":{"line":19,"column":6},"end":{"line":19,"column":81}},"8":{"start":{"line":21,"column":4},"end":{"line":21,"column":68}},"9":{"start":{"line":30,"column":4},"end":{"line":30,"column":69}},"10":{"start":{"line":8,"column":13},"end":{"line":8,"column":31}},"11":{"start":{"line":13,"column":8},"end":{"line":22,"column":null}},"12":{"start":{"line":26,"column":8},"end":{"line":31,"column":null}},"13":{"start":{"line":8,"column":13},"end":{"line":32,"column":null}}},"fnMap":{"0":{"name":"(anonymous_4)","decl":{"start":{"line":9,"column":2},"end":{"line":9,"column":31}},"loc":{"start":{"line":9,"column":63},"end":{"line":9,"column":67}}},"1":{"name":"(anonymous_5)","decl":{"start":{"line":13,"column":8},"end":{"line":13,"column":19}},"loc":{"start":{"line":16,"column":23},"end":{"line":22,"column":3}}},"2":{"name":"(anonymous_6)","decl":{"start":{"line":26,"column":8},"end":{"line":26,"column":20}},"loc":{"start":{"line":28,"column":43},"end":{"line":31,"column":3}}}},"branchMap":{"0":{"loc":{"start":{"line":18,"column":4},"end":{"line":20,"column":5}},"type":"if","locations":[{"start":{"line":18,"column":4},"end":{"line":20,"column":5}},{"start":{},"end":{}}]},"1":{"loc":{"start":{"line":18,"column":8},"end":{"line":18,"column":67}},"type":"binary-expr","locations":[{"start":{"line":18,"column":8},"end":{"line":18,"column":36}},{"start":{"line":18,"column":40},"end":{"line":18,"column":67}}]},"2":{"loc":{"start":{"line":9,"column":48},"end":{"line":9,"column":66}},"type":"cond-expr","locations":[{"start":{"line":9,"column":63},"end":{"line":9,"column":66}},{"start":{"line":9,"column":63},"end":{"line":9,"column":66}}]},"3":{"loc":{"start":{"line":9,"column":48},"end":{"line":9,"column":63}},"type":"binary-expr","locations":[{"start":{"line":9,"column":48},"end":{"line":9,"column":66}},{"start":{"line":9,"column":48},"end":{"line":9,"column":63}}]}},"s":{"0":0,"1":0,"2":0,"3":0,"4":0,"5":0,"6":0,"7":0,"8":0,"9":0,"10":0,"11":0,"12":0,"13":0},"f":{"0":0,"1":0,"2":0},"b":{"0":[0,0],"1":[0,0],"2":[0,0],"3":[0,0]}}
,"E:\\Work\\shuja\\wizdaa_home_assesment\\src\\balances\\balances.module.ts": {"path":"E:\\Work\\shuja\\wizdaa_home_assesment\\src\\balances\\balances.module.ts","statementMap":{"0":{"start":{"line":1,"column":0},"end":{"line":1,"column":40}},"1":{"start":{"line":2,"column":0},"end":{"line":2,"column":48}},"2":{"start":{"line":3,"column":0},"end":{"line":3,"column":62}},"3":{"start":{"line":4,"column":0},"end":{"line":4,"column":78}},"4":{"start":{"line":5,"column":0},"end":{"line":5,"column":63}},"5":{"start":{"line":6,"column":0},"end":{"line":6,"column":53}},"6":{"start":{"line":7,"column":0},"end":{"line":7,"column":59}},"7":{"start":{"line":8,"column":0},"end":{"line":8,"column":51}},"8":{"start":{"line":9,"column":0},"end":{"line":9,"column":45}},"9":{"start":{"line":10,"column":0},"end":{"line":10,"column":46}},"10":{"start":{"line":21,"column":7},"end":{"line":21,"column":null}},"11":{"start":{"line":21,"column":13},"end":{"line":21,"column":27}},"12":{"start":{"line":21,"column":13},"end":{"line":21,"column":null}}},"fnMap":{},"branchMap":{},"s":{"0":0,"1":0,"2":0,"3":0,"4":0,"5":0,"6":0,"7":0,"8":0,"9":0,"10":0,"11":0,"12":0},"f":{},"b":{}}
,"E:\\Work\\shuja\\wizdaa_home_assesment\\src\\balances\\balances.service.ts": {"path":"E:\\Work\\shuja\\wizdaa_home_assesment\\src\\balances\\balances.service.ts","statementMap":{"0":{"start":{"line":1,"column":0},"end":{"line":1,"column":52}},"1":{"start":{"line":2,"column":0},"end":{"line":2,"column":51}},"2":{"start":{"line":3,"column":0},"end":{"line":3,"column":41}},"3":{"start":{"line":4,"column":0},"end":{"line":4,"column":62}},"4":{"start":{"line":5,"column":0},"end":{"line":5,"column":93}},"5":{"start":{"line":6,"column":0},"end":{"line":6,"column":76}},"6":{"start":{"line":7,"column":0},"end":{"line":7,"column":48}},"7":{"start":{"line":8,"column":0},"end":{"line":8,"column":47}},"8":{"start":{"line":12,"column":28},"end":{"line":188,"column":null}},"9":{"start":{"line":13,"column":28},"end":{"line":13,"column":60}},"10":{"start":{"line":18,"column":21},"end":{"line":18,"column":40}},"11":{"start":{"line":20,"column":21},"end":{"line":20,"column":40}},"12":{"start":{"line":22,"column":21},"end":{"line":22,"column":40}},"13":{"start":{"line":23,"column":21},"end":{"line":23,"column":33}},"14":{"start":{"line":24,"column":21},"end":{"line":24,"column":36}},"15":{"start":{"line":26,"column":4},"end":{"line":26,"column":88}},"16":{"start":{"line":35,"column":26},"end":{"line":37,"column":6}},"17":{"start":{"line":39,"column":20},"end":{"line":39,"column":80}},"18":{"start":{"line":41,"column":4},"end":{"line":44,"column":5}},"19":{"start":{"line":42,"column":6},"end":{"line":42,"column":84}},"20":{"start":{"line":43,"column":6},"end":{"line":43,"column":55}},"21":{"start":{"line":46,"column":4},"end":{"line":46,"column":65}},"22":{"start":{"line":47,"column":4},"end":{"line":47,"column":25}},"23":{"start":{"line":54,"column":24},"end":{"line":54,"column":80}},"24":{"start":{"line":56,"column":16},"end":{"line":56,"column":26}},"25":{"start":{"line":57,"column":39},"end":{"line":57,"column":41}},"26":{"start":{"line":59,"column":4},"end":{"line":77,"column":5}},"27":{"start":{"line":60,"column":20},"end":{"line":62,"column":8}},"28":{"start":{"line":64,"column":6},"end":{"line":70,"column":7}},"29":{"start":{"line":65,"column":8},"end":{"line":69,"column":11}},"30":{"start":{"line":72,"column":6},"end":{"line":72,"column":35}},"31":{"start":{"line":73,"column":6},"end":{"line":73,"column":41}},"32":{"start":{"line":74,"column":6},"end":{"line":74,"column":33}},"33":{"start":{"line":76,"column":6},"end":{"line":76,"column":71}},"34":{"start":{"line":79,"column":4},"end":{"line":79,"column":27}},"35":{"start":{"line":83,"column":24},"end":{"line":83,"column":57}},"36":{"start":{"line":84,"column":26},"end":{"line":84,"column":79}},"37":{"start":{"line":85,"column":4},"end":{"line":85,"column":39}},"38":{"start":{"line":89,"column":19},"end":{"line":89,"column":94}},"39":{"start":{"line":90,"column":4},"end":{"line":98,"column":5}},"40":{"start":{"line":91,"column":6},"end":{"line":97,"column":8}},"41":{"start":{"line":99,"column":4},"end":{"line":99,"column":18}},"42":{"start":{"line":103,"column":19},"end":{"line":103,"column":95}},"43":{"start":{"line":104,"column":4},"end":{"line":112,"column":5}},"44":{"start":{"line":105,"column":6},"end":{"line":111,"column":8}},"45":{"start":{"line":113,"column":4},"end":{"line":113,"column":18}},"46":{"start":{"line":117,"column":16},"end":{"line":117,"column":26}},"47":{"start":{"line":118,"column":20},"end":{"line":118,"column":21}},"48":{"start":{"line":119,"column":18},"end":{"line":119,"column":19}},"49":{"start":{"line":121,"column":4},"end":{"line":176,"column":5}},"50":{"start":{"line":123,"column":27},"end":{"line":129,"column":8}},"51":{"start":{"line":132,"column":6},"end":{"line":139,"column":7}},"52":{"start":{"line":133,"column":8},"end":{"line":136,"column":12}},"53":{"start":{"line":137,"column":8},"end":{"line":137,"column":18}},"54":{"start":{"line":138,"column":8},"end":{"line":138,"column":17}},"55":{"start":{"line":142,"column":6},"end":{"line":149,"column":7}},"56":{"start":{"line":144,"column":8},"end":{"line":147,"column":10}},"57":{"start":{"line":148,"column":8},"end":{"line":148,"column":17}},"58":{"start":{"line":152,"column":30},"end":{"line":159,"column":8}},"59":{"start":{"line":161,"column":6},"end":{"line":175,"column":7}},"60":{"start":{"line":163,"column":8},"end":{"line":166,"column":9}},"61":{"start":{"line":164,"column":10},"end":{"line":164,"column":37}},"62":{"start":{"line":165,"column":10},"end":{"line":165,"column":49}},"63":{"start":{"line":167,"column":8},"end":{"line":167,"column":20}},"64":{"start":{"line":170,"column":8},"end":{"line":173,"column":10}},"65":{"start":{"line":174,"column":8},"end":{"line":174,"column":18}},"66":{"start":{"line":179,"column":4},"end":{"line":184,"column":8}},"67":{"start":{"line":186,"column":4},"end":{"line":186,"column":70}},"68":{"start":{"line":12,"column":13},"end":{"line":12,"column":28}},"69":{"start":{"line":12,"column":13},"end":{"line":188,"column":null}}},"fnMap":{"0":{"name":"(anonymous_4)","decl":{"start":{"line":16,"column":2},"end":{"line":16,"column":null}},"loc":{"start":{"line":24,"column":49},"end":{"line":27,"column":3}}},"1":{"name":"(anonymous_5)","decl":{"start":{"line":34,"column":2},"end":{"line":34,"column":7}},"loc":{"start":{"line":34,"column":58},"end":{"line":48,"column":3}}},"2":{"name":"(anonymous_6)","decl":{"start":{"line":53,"column":2},"end":{"line":53,"column":7}},"loc":{"start":{"line":53,"column":59},"end":{"line":80,"column":3}}},"3":{"name":"(anonymous_7)","decl":{"start":{"line":82,"column":10},"end":{"line":82,"column":17}},"loc":{"start":{"line":82,"column":34},"end":{"line":86,"column":3}}},"4":{"name":"(anonymous_8)","decl":{"start":{"line":88,"column":2},"end":{"line":88,"column":7}},"loc":{"start":{"line":88,"column":88},"end":{"line":100,"column":3}}},"5":{"name":"(anonymous_9)","decl":{"start":{"line":102,"column":2},"end":{"line":102,"column":7}},"loc":{"start":{"line":102,"column":89},"end":{"line":114,"column":3}}},"6":{"name":"(anonymous_10)","decl":{"start":{"line":116,"column":2},"end":{"line":116,"column":7}},"loc":{"start":{"line":116,"column":48},"end":{"line":187,"column":3}}}},"branchMap":{"0":{"loc":{"start":{"line":39,"column":20},"end":{"line":39,"column":80}},"type":"binary-expr","locations":[{"start":{"line":39,"column":20},"end":{"line":39,"column":46}},{"start":{"line":39,"column":50},"end":{"line":39,"column":80}}]},"1":{"loc":{"start":{"line":41,"column":4},"end":{"line":44,"column":5}},"type":"if","locations":[{"start":{"line":41,"column":4},"end":{"line":44,"column":5}},{"start":{},"end":{}}]},"2":{"loc":{"start":{"line":64,"column":6},"end":{"line":70,"column":7}},"type":"if","locations":[{"start":{"line":64,"column":6},"end":{"line":70,"column":7}},{"start":{},"end":{}}]},"3":{"loc":{"start":{"line":90,"column":4},"end":{"line":98,"column":5}},"type":"if","locations":[{"start":{"line":90,"column":4},"end":{"line":98,"column":5}},{"start":{},"end":{}}]},"4":{"loc":{"start":{"line":104,"column":4},"end":{"line":112,"column":5}},"type":"if","locations":[{"start":{"line":104,"column":4},"end":{"line":112,"column":5}},{"start":{},"end":{}}]},"5":{"loc":{"start":{"line":132,"column":6},"end":{"line":139,"column":7}},"type":"if","locations":[{"start":{"line":132,"column":6},"end":{"line":139,"column":7}},{"start":{},"end":{}}]},"6":{"loc":{"start":{"line":142,"column":6},"end":{"line":149,"column":7}},"type":"if","locations":[{"start":{"line":142,"column":6},"end":{"line":149,"column":7}},{"start":{},"end":{}}]},"7":{"loc":{"start":{"line":161,"column":6},"end":{"line":175,"column":7}},"type":"if","locations":[{"start":{"line":161,"column":6},"end":{"line":175,"column":7}},{"start":{"line":168,"column":13},"end":{"line":175,"column":7}}]},"8":{"loc":{"start":{"line":18,"column":40},"end":{"line":18,"column":59}},"type":"cond-expr","locations":[{"start":{"line":18,"column":50},"end":{"line":18,"column":59}},{"start":{"line":18,"column":50},"end":{"line":18,"column":59}}]},"9":{"loc":{"start":{"line":18,"column":40},"end":{"line":18,"column":50}},"type":"binary-expr","locations":[{"start":{"line":18,"column":40},"end":{"line":18,"column":59}},{"start":{"line":18,"column":40},"end":{"line":18,"column":50}}]},"10":{"loc":{"start":{"line":18,"column":50},"end":{"line":20,"column":66}},"type":"cond-expr","locations":[{"start":{"line":20,"column":50},"end":{"line":20,"column":66}},{"start":{"line":20,"column":50},"end":{"line":20,"column":66}}]},"11":{"loc":{"start":{"line":18,"column":50},"end":{"line":20,"column":50}},"type":"binary-expr","locations":[{"start":{"line":18,"column":50},"end":{"line":20,"column":66}},{"start":{"line":20,"column":40},"end":{"line":20,"column":50}}]},"12":{"loc":{"start":{"line":20,"column":50},"end":{"line":22,"column":59}},"type":"cond-expr","locations":[{"start":{"line":22,"column":50},"end":{"line":22,"column":59}},{"start":{"line":22,"column":50},"end":{"line":22,"column":59}}]},"13":{"loc":{"start":{"line":20,"column":50},"end":{"line":22,"column":50}},"type":"binary-expr","locations":[{"start":{"line":20,"column":50},"end":{"line":22,"column":59}},{"start":{"line":22,"column":40},"end":{"line":22,"column":50}}]},"14":{"loc":{"start":{"line":22,"column":50},"end":{"line":23,"column":null}},"type":"cond-expr","locations":[{"start":{"line":23,"column":43},"end":{"line":23,"column":null}},{"start":{"line":23,"column":43},"end":{"line":23,"column":null}}]},"15":{"loc":{"start":{"line":22,"column":50},"end":{"line":23,"column":43}},"type":"binary-expr","locations":[{"start":{"line":22,"column":50},"end":{"line":23,"column":null}},{"start":{"line":23,"column":33},"end":{"line":23,"column":43}}]},"16":{"loc":{"start":{"line":23,"column":43},"end":{"line":24,"column":null}},"type":"cond-expr","locations":[{"start":{"line":24,"column":49},"end":{"line":24,"column":null}},{"start":{"line":24,"column":49},"end":{"line":24,"column":null}}]},"17":{"loc":{"start":{"line":23,"column":43},"end":{"line":24,"column":49}},"type":"binary-expr","locations":[{"start":{"line":23,"column":43},"end":{"line":24,"column":null}},{"start":{"line":24,"column":36},"end":{"line":24,"column":49}}]}},"s":{"0":2,"1":2,"2":2,"3":2,"4":2,"5":2,"6":2,"7":2,"8":2,"9":4,"10":4,"11":4,"12":4,"13":4,"14":4,"15":4,"16":2,"17":2,"18":2,"19":1,"20":1,"21":1,"22":1,"23":1,"24":1,"25":1,"26":1,"27":1,"28":1,"29":1,"30":1,"31":1,"32":1,"33":1,"34":1,"35":1,"36":1,"37":1,"38":0,"39":0,"40":0,"41":0,"42":0,"43":0,"44":0,"45":0,"46":2,"47":2,"48":2,"49":2,"50":2,"51":2,"52":0,"53":0,"54":0,"55":2,"56":0,"57":0,"58":2,"59":2,"60":1,"61":1,"62":1,"63":1,"64":1,"65":1,"66":2,"67":2,"68":2,"69":2},"f":{"0":4,"1":2,"2":1,"3":1,"4":0,"5":0,"6":2},"b":{"0":[2,1],"1":[1,1],"2":[1,0],"3":[0,0],"4":[0,0],"5":[0,2],"6":[0,2],"7":[1,1],"8":[2,0],"9":[2,2],"10":[2,0],"11":[2,2],"12":[2,0],"13":[2,2],"14":[2,0],"15":[2,2],"16":[2,0],"17":[2,2]}}
,"E:\\Work\\shuja\\wizdaa_home_assesment\\src\\balances\\sync.controller.ts": {"path":"E:\\Work\\shuja\\wizdaa_home_assesment\\src\\balances\\sync.controller.ts","statementMap":{"0":{"start":{"line":1,"column":0},"end":{"line":1,"column":104}},"1":{"start":{"line":2,"column":0},"end":{"line":2,"column":53}},"2":{"start":{"line":3,"column":0},"end":{"line":3,"column":55}},"3":{"start":{"line":4,"column":0},"end":{"line":4,"column":47}},"4":{"start":{"line":5,"column":0},"end":{"line":5,"column":51}},"5":{"start":{"line":6,"column":0},"end":{"line":6,"column":37}},"6":{"start":{"line":7,"column":0},"end":{"line":7,"column":63}},"7":{"start":{"line":8,"column":0},"end":{"line":8,"column":56}},"8":{"start":{"line":9,"column":0},"end":{"line":9,"column":61}},"9":{"start":{"line":12,"column":7},"end":{"line":43,"column":null}},"10":{"start":{"line":14,"column":21},"end":{"line":14,"column":38}},"11":{"start":{"line":15,"column":21},"end":{"line":15,"column":36}},"12":{"start":{"line":17,"column":21},"end":{"line":17,"column":40}},"13":{"start":{"line":25,"column":27},"end":{"line":25,"column":78}},"14":{"start":{"line":26,"column":4},"end":{"line":28,"column":5}},"15":{"start":{"line":27,"column":6},"end":{"line":27,"column":71}},"16":{"start":{"line":30,"column":4},"end":{"line":30,"column":61}},"17":{"start":{"line":37,"column":17},"end":{"line":40,"column":6}},"18":{"start":{"line":41,"column":4},"end":{"line":41,"column":32}},"19":{"start":{"line":12,"column":13},"end":{"line":12,"column":27}},"20":{"start":{"line":21,"column":8},"end":{"line":31,"column":null}},"21":{"start":{"line":36,"column":8},"end":{"line":42,"column":null}},"22":{"start":{"line":12,"column":13},"end":{"line":43,"column":null}}},"fnMap":{"0":{"name":"(anonymous_4)","decl":{"start":{"line":13,"column":2},"end":{"line":13,"column":null}},"loc":{"start":{"line":17,"column":59},"end":{"line":18,"column":6}}},"1":{"name":"(anonymous_5)","decl":{"start":{"line":21,"column":8},"end":{"line":21,"column":20}},"loc":{"start":{"line":23,"column":43},"end":{"line":31,"column":3}}},"2":{"name":"(anonymous_6)","decl":{"start":{"line":36,"column":8},"end":{"line":36,"column":21}},"loc":{"start":{"line":36,"column":21},"end":{"line":42,"column":3}}}},"branchMap":{"0":{"loc":{"start":{"line":26,"column":4},"end":{"line":28,"column":5}},"type":"if","locations":[{"start":{"line":26,"column":4},"end":{"line":28,"column":5}},{"start":{},"end":{}}]},"1":{"loc":{"start":{"line":26,"column":8},"end":{"line":26,"column":52}},"type":"binary-expr","locations":[{"start":{"line":26,"column":8},"end":{"line":26,"column":23}},{"start":{"line":26,"column":27},"end":{"line":26,"column":52}}]},"2":{"loc":{"start":{"line":22,"column":22},"end":{"line":22,"column":null}},"type":"cond-expr","locations":[{"start":{"line":22,"column":33},"end":{"line":22,"column":null}},{"start":{"line":22,"column":33},"end":{"line":22,"column":null}}]},"3":{"loc":{"start":{"line":22,"column":22},"end":{"line":22,"column":33}},"type":"binary-expr","locations":[{"start":{"line":22,"column":22},"end":{"line":22,"column":null}},{"start":{"line":22,"column":22},"end":{"line":22,"column":33}}]},"4":{"loc":{"start":{"line":14,"column":38},"end":{"line":14,"column":null}},"type":"cond-expr","locations":[{"start":{"line":14,"column":53},"end":{"line":14,"column":null}},{"start":{"line":14,"column":53},"end":{"line":14,"column":null}}]},"5":{"loc":{"start":{"line":14,"column":38},"end":{"line":14,"column":53}},"type":"binary-expr","locations":[{"start":{"line":14,"column":38},"end":{"line":14,"column":null}},{"start":{"line":14,"column":38},"end":{"line":14,"column":53}}]},"6":{"loc":{"start":{"line":14,"column":53},"end":{"line":15,"column":null}},"type":"cond-expr","locations":[{"start":{"line":15,"column":49},"end":{"line":15,"column":null}},{"start":{"line":15,"column":49},"end":{"line":15,"column":null}}]},"7":{"loc":{"start":{"line":14,"column":53},"end":{"line":15,"column":49}},"type":"binary-expr","locations":[{"start":{"line":14,"column":53},"end":{"line":15,"column":null}},{"start":{"line":15,"column":36},"end":{"line":15,"column":49}}]},"8":{"loc":{"start":{"line":15,"column":49},"end":{"line":17,"column":59}},"type":"cond-expr","locations":[{"start":{"line":17,"column":50},"end":{"line":17,"column":59}},{"start":{"line":17,"column":50},"end":{"line":17,"column":59}}]},"9":{"loc":{"start":{"line":15,"column":49},"end":{"line":17,"column":50}},"type":"binary-expr","locations":[{"start":{"line":15,"column":49},"end":{"line":17,"column":59}},{"start":{"line":17,"column":40},"end":{"line":17,"column":50}}]}},"s":{"0":0,"1":0,"2":0,"3":0,"4":0,"5":0,"6":0,"7":0,"8":0,"9":0,"10":0,"11":0,"12":0,"13":0,"14":0,"15":0,"16":0,"17":0,"18":0,"19":0,"20":0,"21":0,"22":0},"f":{"0":0,"1":0,"2":0},"b":{"0":[0,0],"1":[0,0],"2":[0,0],"3":[0,0],"4":[0,0],"5":[0,0],"6":[0,0],"7":[0,0],"8":[0,0],"9":[0,0]}}
,"E:\\Work\\shuja\\wizdaa_home_assesment\\src\\balances\\sync.service.ts": {"path":"E:\\Work\\shuja\\wizdaa_home_assesment\\src\\balances\\sync.service.ts","statementMap":{"0":{"start":{"line":1,"column":0},"end":{"line":1,"column":52}},"1":{"start":{"line":2,"column":0},"end":{"line":2,"column":56}},"2":{"start":{"line":3,"column":0},"end":{"line":3,"column":51}},"3":{"start":{"line":4,"column":0},"end":{"line":4,"column":37}},"4":{"start":{"line":5,"column":0},"end":{"line":5,"column":62}},"5":{"start":{"line":6,"column":0},"end":{"line":6,"column":76}},"6":{"start":{"line":7,"column":0},"end":{"line":7,"column":53}},"7":{"start":{"line":8,"column":0},"end":{"line":8,"column":47}},"8":{"start":{"line":11,"column":24},"end":{"line":73,"column":null}},"9":{"start":{"line":12,"column":28},"end":{"line":12,"column":56}},"10":{"start":{"line":16,"column":21},"end":{"line":16,"column":40}},"11":{"start":{"line":18,"column":21},"end":{"line":18,"column":40}},"12":{"start":{"line":19,"column":21},"end":{"line":19,"column":38}},"13":{"start":{"line":20,"column":21},"end":{"line":20,"column":36}},"14":{"start":{"line":25,"column":4},"end":{"line":25,"column":61}},"15":{"start":{"line":28,"column":29},"end":{"line":28,"column":64}},"16":{"start":{"line":29,"column":21},"end":{"line":29,"column":22}},"17":{"start":{"line":31,"column":4},"end":{"line":69,"column":5}},"18":{"start":{"line":32,"column":6},"end":{"line":68,"column":7}},"19":{"start":{"line":38,"column":28},"end":{"line":38,"column":115}},"20":{"start":{"line":40,"column":30},"end":{"line":40,"column":84}},"21":{"start":{"line":40,"column":52},"end":{"line":40,"column":83}},"22":{"start":{"line":42,"column":8},"end":{"line":65,"column":9}},"23":{"start":{"line":43,"column":10},"end":{"line":43,"column":23}},"24":{"start":{"line":44,"column":34},"end":{"line":44,"column":47}},"25":{"start":{"line":47,"column":10},"end":{"line":47,"column":48}},"26":{"start":{"line":48,"column":10},"end":{"line":48,"column":54}},"27":{"start":{"line":49,"column":10},"end":{"line":49,"column":42}},"28":{"start":{"line":50,"column":10},"end":{"line":50,"column":51}},"29":{"start":{"line":53,"column":10},"end":{"line":64,"column":14}},"30":{"start":{"line":67,"column":8},"end":{"line":67,"column":95}},"31":{"start":{"line":71,"column":4},"end":{"line":71,"column":84}},"32":{"start":{"line":11,"column":13},"end":{"line":11,"column":24}},"33":{"start":{"line":24,"column":8},"end":{"line":72,"column":null}},"34":{"start":{"line":11,"column":13},"end":{"line":73,"column":null}}},"fnMap":{"0":{"name":"(anonymous_4)","decl":{"start":{"line":14,"column":2},"end":{"line":14,"column":null}},"loc":{"start":{"line":20,"column":49},"end":{"line":21,"column":6}}},"1":{"name":"(anonymous_5)","decl":{"start":{"line":24,"column":8},"end":{"line":24,"column":28}},"loc":{"start":{"line":24,"column":28},"end":{"line":72,"column":3}}},"2":{"name":"(anonymous_6)","decl":{"start":{"line":40,"column":47},"end":{"line":40,"column":48}},"loc":{"start":{"line":40,"column":52},"end":{"line":40,"column":83}}}},"branchMap":{"0":{"loc":{"start":{"line":42,"column":8},"end":{"line":65,"column":9}},"type":"if","locations":[{"start":{"line":42,"column":8},"end":{"line":65,"column":9}},{"start":{},"end":{}}]},"1":{"loc":{"start":{"line":42,"column":12},"end":{"line":42,"column":68}},"type":"binary-expr","locations":[{"start":{"line":42,"column":12},"end":{"line":42,"column":25}},{"start":{"line":42,"column":29},"end":{"line":42,"column":68}}]},"2":{"loc":{"start":{"line":16,"column":40},"end":{"line":16,"column":59}},"type":"cond-expr","locations":[{"start":{"line":16,"column":50},"end":{"line":16,"column":59}},{"start":{"line":16,"column":50},"end":{"line":16,"column":59}}]},"3":{"loc":{"start":{"line":16,"column":40},"end":{"line":16,"column":50}},"type":"binary-expr","locations":[{"start":{"line":16,"column":40},"end":{"line":16,"column":59}},{"start":{"line":16,"column":40},"end":{"line":16,"column":50}}]},"4":{"loc":{"start":{"line":16,"column":50},"end":{"line":18,"column":59}},"type":"cond-expr","locations":[{"start":{"line":18,"column":50},"end":{"line":18,"column":59}},{"start":{"line":18,"column":50},"end":{"line":18,"column":59}}]},"5":{"loc":{"start":{"line":16,"column":50},"end":{"line":18,"column":50}},"type":"binary-expr","locations":[{"start":{"line":16,"column":50},"end":{"line":18,"column":59}},{"start":{"line":18,"column":40},"end":{"line":18,"column":50}}]},"6":{"loc":{"start":{"line":18,"column":50},"end":{"line":19,"column":null}},"type":"cond-expr","locations":[{"start":{"line":19,"column":53},"end":{"line":19,"column":null}},{"start":{"line":19,"column":53},"end":{"line":19,"column":null}}]},"7":{"loc":{"start":{"line":18,"column":50},"end":{"line":19,"column":53}},"type":"binary-expr","locations":[{"start":{"line":18,"column":50},"end":{"line":19,"column":null}},{"start":{"line":19,"column":38},"end":{"line":19,"column":53}}]},"8":{"loc":{"start":{"line":19,"column":53},"end":{"line":20,"column":null}},"type":"cond-expr","locations":[{"start":{"line":20,"column":49},"end":{"line":20,"column":null}},{"start":{"line":20,"column":49},"end":{"line":20,"column":null}}]},"9":{"loc":{"start":{"line":19,"column":53},"end":{"line":20,"column":49}},"type":"binary-expr","locations":[{"start":{"line":19,"column":53},"end":{"line":20,"column":null}},{"start":{"line":20,"column":36},"end":{"line":20,"column":49}}]}},"s":{"0":0,"1":0,"2":0,"3":0,"4":0,"5":0,"6":0,"7":0,"8":0,"9":0,"10":0,"11":0,"12":0,"13":0,"14":0,"15":0,"16":0,"17":0,"18":0,"19":0,"20":0,"21":0,"22":0,"23":0,"24":0,"25":0,"26":0,"27":0,"28":0,"29":0,"30":0,"31":0,"32":0,"33":0,"34":0},"f":{"0":0,"1":0,"2":0},"b":{"0":[0,0],"1":[0,0],"2":[0,0],"3":[0,0],"4":[0,0],"5":[0,0],"6":[0,0],"7":[0,0],"8":[0,0],"9":[0,0]}}
,"E:\\Work\\shuja\\wizdaa_home_assesment\\src\\common\\decorators\\roles.decorator.ts": {"path":"E:\\Work\\shuja\\wizdaa_home_assesment\\src\\common\\decorators\\roles.decorator.ts","statementMap":{"0":{"start":{"line":1,"column":0},"end":{"line":1,"column":45}},"1":{"start":{"line":2,"column":0},"end":{"line":2,"column":49}},"2":{"start":{"line":4,"column":21},"end":{"line":4,"column":74}},"3":{"start":{"line":4,"column":45},"end":{"line":4,"column":74}},"4":{"start":{"line":4,"column":13},"end":{"line":4,"column":21}}},"fnMap":{"0":{"name":"(anonymous_0)","decl":{"start":{"line":4,"column":21},"end":{"line":4,"column":22}},"loc":{"start":{"line":4,"column":45},"end":{"line":4,"column":74}}}},"branchMap":{},"s":{"0":0,"1":0,"2":0,"3":0,"4":0},"f":{"0":0},"b":{}}
,"E:\\Work\\shuja\\wizdaa_home_assesment\\src\\common\\guards\\auth.guard.ts": {"path":"E:\\Work\\shuja\\wizdaa_home_assesment\\src\\common\\guards\\auth.guard.ts","statementMap":{"0":{"start":{"line":1,"column":0},"end":{"line":1,"column":null}},"1":{"start":{"line":8,"column":0},"end":{"line":8,"column":41}},"2":{"start":{"line":10,"column":0},"end":{"line":10,"column":41}},"3":{"start":{"line":12,"column":13},"end":{"line":12,"column":33}},"4":{"start":{"line":15,"column":7},"end":{"line":50,"column":null}},"5":{"start":{"line":16,"column":22},"end":{"line":16,"column":34}},"6":{"start":{"line":16,"column":54},"end":{"line":16,"column":65}},"7":{"start":{"line":19,"column":20},"end":{"line":19,"column":55}},"8":{"start":{"line":20,"column":18},"end":{"line":20,"column":54}},"9":{"start":{"line":22,"column":4},"end":{"line":24,"column":5}},"10":{"start":{"line":23,"column":6},"end":{"line":23,"column":40}},"11":{"start":{"line":26,"column":4},"end":{"line":42,"column":5}},"12":{"start":{"line":27,"column":22},"end":{"line":27,"column":62}},"13":{"start":{"line":28,"column":6},"end":{"line":28,"column":32}},"14":{"start":{"line":30,"column":28},"end":{"line":33,"column":8}},"15":{"start":{"line":35,"column":6},"end":{"line":37,"column":7}},"16":{"start":{"line":36,"column":8},"end":{"line":36,"column":91}},"17":{"start":{"line":39,"column":6},"end":{"line":39,"column":55}},"18":{"start":{"line":39,"column":45},"end":{"line":39,"column":55}},"19":{"start":{"line":40,"column":6},"end":{"line":40,"column":60}},"20":{"start":{"line":41,"column":6},"end":{"line":41,"column":40}},"21":{"start":{"line":43,"column":4},"end":{"line":43,"column":16}},"22":{"start":{"line":47,"column":26},"end":{"line":47,"column":73}},"23":{"start":{"line":48,"column":4},"end":{"line":48,"column":49}},"24":{"start":{"line":15,"column":13},"end":{"line":15,"column":22}},"25":{"start":{"line":15,"column":13},"end":{"line":50,"column":null}}},"fnMap":{"0":{"name":"(anonymous_2)","decl":{"start":{"line":16,"column":2},"end":{"line":16,"column":22}},"loc":{"start":{"line":16,"column":74},"end":{"line":16,"column":78}}},"1":{"name":"(anonymous_3)","decl":{"start":{"line":18,"column":2},"end":{"line":18,"column":7}},"loc":{"start":{"line":18,"column":45},"end":{"line":44,"column":3}}},"2":{"name":"(anonymous_4)","decl":{"start":{"line":46,"column":10},"end":{"line":46,"column":32}},"loc":{"start":{"line":46,"column":49},"end":{"line":49,"column":3}}}},"branchMap":{"0":{"loc":{"start":{"line":22,"column":4},"end":{"line":24,"column":5}},"type":"if","locations":[{"start":{"line":22,"column":4},"end":{"line":24,"column":5}},{"start":{},"end":{}}]},"1":{"loc":{"start":{"line":35,"column":6},"end":{"line":37,"column":7}},"type":"if","locations":[{"start":{"line":35,"column":6},"end":{"line":37,"column":7}},{"start":{},"end":{}}]},"2":{"loc":{"start":{"line":35,"column":10},"end":{"line":35,"column":64}},"type":"binary-expr","locations":[{"start":{"line":35,"column":10},"end":{"line":35,"column":23}},{"start":{"line":35,"column":27},"end":{"line":35,"column":64}}]},"3":{"loc":{"start":{"line":39,"column":6},"end":{"line":39,"column":55}},"type":"if","locations":[{"start":{"line":39,"column":6},"end":{"line":39,"column":55}},{"start":{},"end":{}}]},"4":{"loc":{"start":{"line":47,"column":26},"end":{"line":47,"column":73}},"type":"binary-expr","locations":[{"start":{"line":47,"column":26},"end":{"line":47,"column":67}},{"start":{"line":47,"column":71},"end":{"line":47,"column":73}}]},"5":{"loc":{"start":{"line":48,"column":11},"end":{"line":48,"column":48}},"type":"cond-expr","locations":[{"start":{"line":48,"column":31},"end":{"line":48,"column":36}},{"start":{"line":48,"column":39},"end":{"line":48,"column":48}}]},"6":{"loc":{"start":{"line":16,"column":34},"end":{"line":16,"column":54}},"type":"cond-expr","locations":[{"start":{"line":16,"column":44},"end":{"line":16,"column":54}},{"start":{"line":16,"column":44},"end":{"line":16,"column":54}}]},"7":{"loc":{"start":{"line":16,"column":34},"end":{"line":16,"column":44}},"type":"binary-expr","locations":[{"start":{"line":16,"column":34},"end":{"line":16,"column":54}},{"start":{"line":16,"column":34},"end":{"line":16,"column":44}}]},"8":{"loc":{"start":{"line":16,"column":44},"end":{"line":16,"column":77}},"type":"cond-expr","locations":[{"start":{"line":16,"column":74},"end":{"line":16,"column":77}},{"start":{"line":16,"column":74},"end":{"line":16,"column":77}}]},"9":{"loc":{"start":{"line":16,"column":44},"end":{"line":16,"column":74}},"type":"binary-expr","locations":[{"start":{"line":16,"column":44},"end":{"line":16,"column":77}},{"start":{"line":16,"column":65},"end":{"line":16,"column":74}}]}},"s":{"0":0,"1":0,"2":0,"3":0,"4":0,"5":0,"6":0,"7":0,"8":0,"9":0,"10":0,"11":0,"12":0,"13":0,"14":0,"15":0,"16":0,"17":0,"18":0,"19":0,"20":0,"21":0,"22":0,"23":0,"24":0,"25":0},"f":{"0":0,"1":0,"2":0},"b":{"0":[0,0],"1":[0,0],"2":[0,0],"3":[0,0],"4":[0,0],"5":[0,0],"6":[0,0],"7":[0,0],"8":[0,0],"9":[0,0]}}
,"E:\\Work\\shuja\\wizdaa_home_assesment\\src\\common\\guards\\employee-throttler.guard.ts": {"path":"E:\\Work\\shuja\\wizdaa_home_assesment\\src\\common\\guards\\employee-throttler.guard.ts","statementMap":{"0":{"start":{"line":1,"column":0},"end":{"line":1,"column":62}},"1":{"start":{"line":2,"column":0},"end":{"line":2,"column":51}},"2":{"start":{"line":5,"column":7},"end":{"line":12,"column":null}},"3":{"start":{"line":7,"column":4},"end":{"line":9,"column":5}},"4":{"start":{"line":8,"column":6},"end":{"line":8,"column":26}},"5":{"start":{"line":10,"column":4},"end":{"line":10,"column":48}},"6":{"start":{"line":5,"column":13},"end":{"line":5,"column":35}},"7":{"start":{"line":5,"column":13},"end":{"line":12,"column":null}}},"fnMap":{"0":{"name":"(anonymous_1)","decl":{"start":{"line":6,"column":12},"end":{"line":6,"column":17}},"loc":{"start":{"line":6,"column":53},"end":{"line":11,"column":3}}}},"branchMap":{"0":{"loc":{"start":{"line":7,"column":4},"end":{"line":9,"column":5}},"type":"if","locations":[{"start":{"line":7,"column":4},"end":{"line":9,"column":5}},{"start":{},"end":{}}]},"1":{"loc":{"start":{"line":7,"column":8},"end":{"line":7,"column":32}},"type":"binary-expr","locations":[{"start":{"line":7,"column":8},"end":{"line":7,"column":16}},{"start":{"line":7,"column":20},"end":{"line":7,"column":32}}]},"2":{"loc":{"start":{"line":10,"column":11},"end":{"line":10,"column":47}},"type":"cond-expr","locations":[{"start":{"line":10,"column":28},"end":{"line":10,"column":38}},{"start":{"line":10,"column":41},"end":{"line":10,"column":47}}]}},"s":{"0":0,"1":0,"2":0,"3":0,"4":0,"5":0,"6":0,"7":0},"f":{"0":0},"b":{"0":[0,0],"1":[0,0],"2":[0,0]}}
,"E:\\Work\\shuja\\wizdaa_home_assesment\\src\\common\\utils\\date.utils.ts": {"path":"E:\\Work\\shuja\\wizdaa_home_assesment\\src\\common\\utils\\date.utils.ts","statementMap":{"0":{"start":{"line":4,"column":0},"end":{"line":4,"column":16}},"1":{"start":{"line":5,"column":2},"end":{"line":7,"column":3}},"2":{"start":{"line":6,"column":4},"end":{"line":6,"column":13}},"3":{"start":{"line":10,"column":16},"end":{"line":10,"column":35}},"4":{"start":{"line":11,"column":2},"end":{"line":11,"column":29}},"5":{"start":{"line":12,"column":14},"end":{"line":12,"column":31}},"6":{"start":{"line":13,"column":2},"end":{"line":13,"column":27}},"7":{"start":{"line":15,"column":14},"end":{"line":15,"column":15}},"8":{"start":{"line":16,"column":18},"end":{"line":16,"column":33}},"9":{"start":{"line":18,"column":2},"end":{"line":26,"column":3}},"10":{"start":{"line":19,"column":22},"end":{"line":19,"column":38}},"11":{"start":{"line":20,"column":22},"end":{"line":20,"column":56}},"12":{"start":{"line":22,"column":4},"end":{"line":24,"column":5}},"13":{"start":{"line":23,"column":6},"end":{"line":23,"column":14}},"14":{"start":{"line":25,"column":4},"end":{"line":25,"column":43}},"15":{"start":{"line":28,"column":2},"end":{"line":28,"column":15}}},"fnMap":{"0":{"name":"calculateBusinessDays","decl":{"start":{"line":4,"column":16},"end":{"line":4,"column":37}},"loc":{"start":{"line":4,"column":68},"end":{"line":29,"column":1}}}},"branchMap":{"0":{"loc":{"start":{"line":5,"column":2},"end":{"line":7,"column":3}},"type":"if","locations":[{"start":{"line":5,"column":2},"end":{"line":7,"column":3}},{"start":{},"end":{}}]},"1":{"loc":{"start":{"line":20,"column":22},"end":{"line":20,"column":56}},"type":"binary-expr","locations":[{"start":{"line":20,"column":22},"end":{"line":20,"column":37}},{"start":{"line":20,"column":41},"end":{"line":20,"column":56}}]},"2":{"loc":{"start":{"line":22,"column":4},"end":{"line":24,"column":5}},"type":"if","locations":[{"start":{"line":22,"column":4},"end":{"line":24,"column":5}},{"start":{},"end":{}}]}},"s":{"0":2,"1":8,"2":1,"3":7,"4":7,"5":7,"6":7,"7":7,"8":7,"9":7,"10":20,"11":20,"12":20,"13":12,"14":20,"15":7},"f":{"0":8},"b":{"0":[1,7],"1":[20,16],"2":[12,8]}}
,"E:\\Work\\shuja\\wizdaa_home_assesment\\src\\database\\entities\\balance.entity.ts": {"path":"E:\\Work\\shuja\\wizdaa_home_assesment\\src\\database\\entities\\balance.entity.ts","statementMap":{"0":{"start":{"line":1,"column":0},"end":{"line":1,"column":56}},"1":{"start":{"line":4,"column":7},"end":{"line":22,"column":null}},"2":{"start":{"line":4,"column":13},"end":{"line":4,"column":20}},"3":{"start":{"line":6,"column":2},"end":{"line":6,"column":null}},"4":{"start":{"line":9,"column":2},"end":{"line":9,"column":null}},"5":{"start":{"line":12,"column":2},"end":{"line":12,"column":null}},"6":{"start":{"line":15,"column":2},"end":{"line":15,"column":null}},"7":{"start":{"line":18,"column":2},"end":{"line":18,"column":null}},"8":{"start":{"line":21,"column":2},"end":{"line":21,"column":null}},"9":{"start":{"line":4,"column":13},"end":{"line":22,"column":null}}},"fnMap":{},"branchMap":{"0":{"loc":{"start":{"line":21,"column":16},"end":{"line":21,"column":21}},"type":"cond-expr","locations":[{"start":{"line":21,"column":20},"end":{"line":21,"column":21}},{"start":{"line":21,"column":20},"end":{"line":21,"column":21}}]},"1":{"loc":{"start":{"line":21,"column":16},"end":{"line":21,"column":20}},"type":"binary-expr","locations":[{"start":{"line":21,"column":16},"end":{"line":21,"column":21}},{"start":{"line":21,"column":16},"end":{"line":21,"column":20}}]}},"s":{"0":2,"1":2,"2":2,"3":2,"4":2,"5":2,"6":2,"7":2,"8":2,"9":2},"f":{},"b":{"0":[2,0],"1":[2,2]}}
,"E:\\Work\\shuja\\wizdaa_home_assesment\\src\\database\\entities\\sync-log.entity.ts": {"path":"E:\\Work\\shuja\\wizdaa_home_assesment\\src\\database\\entities\\sync-log.entity.ts","statementMap":{"0":{"start":{"line":1,"column":0},"end":{"line":1,"column":83}},"1":{"start":{"line":3,"column":0},"end":{"line":3,"column":null}},"2":{"start":{"line":4,"column":2},"end":{"line":4,"column":null}},"3":{"start":{"line":5,"column":2},"end":{"line":5,"column":null}},"4":{"start":{"line":6,"column":2},"end":{"line":6,"column":null}},"5":{"start":{"line":10,"column":7},"end":{"line":28,"column":null}},"6":{"start":{"line":10,"column":13},"end":{"line":10,"column":20}},"7":{"start":{"line":12,"column":2},"end":{"line":12,"column":null}},"8":{"start":{"line":15,"column":2},"end":{"line":15,"column":null}},"9":{"start":{"line":18,"column":2},"end":{"line":18,"column":23}},"10":{"start":{"line":21,"column":2},"end":{"line":21,"column":18}},"11":{"start":{"line":24,"column":2},"end":{"line":24,"column":18}},"12":{"start":{"line":27,"column":2},"end":{"line":27,"column":null}},"13":{"start":{"line":10,"column":13},"end":{"line":28,"column":null}}},"fnMap":{"0":{"name":"(anonymous_2)","decl":{"start":{"line":3,"column":0},"end":{"line":3,"column":12}},"loc":{"start":{"line":3,"column":23},"end":{"line":7,"column":1}}}},"branchMap":{"0":{"loc":{"start":{"line":3,"column":12},"end":{"line":3,"column":null}},"type":"binary-expr","locations":[{"start":{"line":3,"column":12},"end":{"line":3,"column":23}},{"start":{"line":3,"column":23},"end":{"line":3,"column":null}}]},"1":{"loc":{"start":{"line":27,"column":13},"end":{"line":27,"column":18}},"type":"cond-expr","locations":[{"start":{"line":27,"column":17},"end":{"line":27,"column":18}},{"start":{"line":27,"column":17},"end":{"line":27,"column":18}}]},"2":{"loc":{"start":{"line":27,"column":13},"end":{"line":27,"column":17}},"type":"binary-expr","locations":[{"start":{"line":27,"column":13},"end":{"line":27,"column":18}},{"start":{"line":27,"column":13},"end":{"line":27,"column":17}}]}},"s":{"0":2,"1":2,"2":2,"3":2,"4":2,"5":2,"6":2,"7":2,"8":2,"9":2,"10":2,"11":2,"12":2,"13":2},"f":{"0":2},"b":{"0":[2,2],"1":[2,0],"2":[2,2]}}
,"E:\\Work\\shuja\\wizdaa_home_assesment\\src\\database\\entities\\time-off-request.entity.ts": {"path":"E:\\Work\\shuja\\wizdaa_home_assesment\\src\\database\\entities\\time-off-request.entity.ts","statementMap":{"0":{"start":{"line":1,"column":0},"end":{"line":1,"column":83}},"1":{"start":{"line":3,"column":0},"end":{"line":3,"column":null}},"2":{"start":{"line":4,"column":2},"end":{"line":4,"column":null}},"3":{"start":{"line":5,"column":2},"end":{"line":5,"column":null}},"4":{"start":{"line":6,"column":2},"end":{"line":6,"column":null}},"5":{"start":{"line":7,"column":2},"end":{"line":7,"column":null}},"6":{"start":{"line":11,"column":7},"end":{"line":56,"column":null}},"7":{"start":{"line":11,"column":13},"end":{"line":11,"column":27}},"8":{"start":{"line":13,"column":2},"end":{"line":13,"column":null}},"9":{"start":{"line":16,"column":2},"end":{"line":16,"column":null}},"10":{"start":{"line":19,"column":2},"end":{"line":19,"column":null}},"11":{"start":{"line":22,"column":2},"end":{"line":22,"column":null}},"12":{"start":{"line":25,"column":2},"end":{"line":25,"column":null}},"13":{"start":{"line":28,"column":2},"end":{"line":28,"column":null}},"14":{"start":{"line":31,"column":2},"end":{"line":31,"column":null}},"15":{"start":{"line":37,"column":2},"end":{"line":37,"column":null}},"16":{"start":{"line":40,"column":2},"end":{"line":40,"column":null}},"17":{"start":{"line":43,"column":2},"end":{"line":43,"column":null}},"18":{"start":{"line":46,"column":2},"end":{"line":46,"column":null}},"19":{"start":{"line":49,"column":2},"end":{"line":49,"column":null}},"20":{"start":{"line":52,"column":2},"end":{"line":52,"column":null}},"21":{"start":{"line":55,"column":2},"end":{"line":55,"column":null}},"22":{"start":{"line":11,"column":13},"end":{"line":56,"column":null}}},"fnMap":{"0":{"name":"(anonymous_2)","decl":{"start":{"line":3,"column":0},"end":{"line":3,"column":12}},"loc":{"start":{"line":3,"column":25},"end":{"line":8,"column":1}}}},"branchMap":{"0":{"loc":{"start":{"line":3,"column":12},"end":{"line":3,"column":null}},"type":"binary-expr","locations":[{"start":{"line":3,"column":12},"end":{"line":3,"column":25}},{"start":{"line":3,"column":25},"end":{"line":3,"column":null}}]},"1":{"loc":{"start":{"line":40,"column":15},"end":{"line":40,"column":20}},"type":"cond-expr","locations":[{"start":{"line":40,"column":19},"end":{"line":40,"column":20}},{"start":{"line":40,"column":19},"end":{"line":40,"column":20}}]},"2":{"loc":{"start":{"line":40,"column":15},"end":{"line":40,"column":19}},"type":"binary-expr","locations":[{"start":{"line":40,"column":15},"end":{"line":40,"column":20}},{"start":{"line":40,"column":15},"end":{"line":40,"column":19}}]},"3":{"loc":{"start":{"line":43,"column":14},"end":{"line":43,"column":19}},"type":"cond-expr","locations":[{"start":{"line":43,"column":18},"end":{"line":43,"column":19}},{"start":{"line":43,"column":18},"end":{"line":43,"column":19}}]},"4":{"loc":{"start":{"line":43,"column":14},"end":{"line":43,"column":18}},"type":"binary-expr","locations":[{"start":{"line":43,"column":14},"end":{"line":43,"column":19}},{"start":{"line":43,"column":14},"end":{"line":43,"column":18}}]}},"s":{"0":2,"1":2,"2":2,"3":2,"4":2,"5":2,"6":2,"7":2,"8":2,"9":2,"10":2,"11":2,"12":2,"13":2,"14":2,"15":2,"16":2,"17":2,"18":2,"19":2,"20":2,"21":2,"22":2},"f":{"0":2},"b":{"0":[2,2],"1":[2,0],"2":[2,2],"3":[2,0],"4":[2,2]}}
,"E:\\Work\\shuja\\wizdaa_home_assesment\\src\\hcm\\hcm.adapter.ts": {"path":"E:\\Work\\shuja\\wizdaa_home_assesment\\src\\hcm\\hcm.adapter.ts","statementMap":{"0":{"start":{"line":1,"column":0},"end":{"line":1,"column":81}},"1":{"start":{"line":2,"column":0},"end":{"line":2,"column":47}},"2":{"start":{"line":5,"column":23},"end":{"line":70,"column":null}},"3":{"start":{"line":6,"column":28},"end":{"line":6,"column":55}},"4":{"start":{"line":9,"column":31},"end":{"line":9,"column":46}},"5":{"start":{"line":10,"column":4},"end":{"line":10,"column":89}},"6":{"start":{"line":14,"column":23},"end":{"line":14,"column":44}},"7":{"start":{"line":15,"column":15},"end":{"line":15,"column":62}},"8":{"start":{"line":15,"column":32},"end":{"line":15,"column":50}},"9":{"start":{"line":16,"column":4},"end":{"line":26,"column":5}},"10":{"start":{"line":17,"column":23},"end":{"line":17,"column":82}},"11":{"start":{"line":18,"column":6},"end":{"line":18,"column":23}},"12":{"start":{"line":19,"column":6},"end":{"line":19,"column":22}},"13":{"start":{"line":21,"column":6},"end":{"line":21,"column":23}},"14":{"start":{"line":22,"column":6},"end":{"line":24,"column":7}},"15":{"start":{"line":23,"column":8},"end":{"line":23,"column":68}},"16":{"start":{"line":25,"column":6},"end":{"line":25,"column":86}},"17":{"start":{"line":30,"column":4},"end":{"line":30,"column":84}},"18":{"start":{"line":31,"column":18},"end":{"line":31,"column":36}},"19":{"start":{"line":32,"column":20},"end":{"line":32,"column":22}},"20":{"start":{"line":33,"column":4},"end":{"line":39,"column":5}},"21":{"start":{"line":34,"column":18},"end":{"line":34,"column":130}},"22":{"start":{"line":35,"column":6},"end":{"line":38,"column":7}},"23":{"start":{"line":36,"column":21},"end":{"line":36,"column":37}},"24":{"start":{"line":37,"column":8},"end":{"line":37,"column":27}},"25":{"start":{"line":40,"column":4},"end":{"line":40,"column":19}},"26":{"start":{"line":44,"column":4},"end":{"line":44,"column":72}},"27":{"start":{"line":45,"column":16},"end":{"line":49,"column":6}},"28":{"start":{"line":50,"column":17},"end":{"line":50,"column":33}},"29":{"start":{"line":51,"column":4},"end":{"line":53,"column":5}},"30":{"start":{"line":52,"column":6},"end":{"line":52,"column":76}},"31":{"start":{"line":54,"column":4},"end":{"line":54,"column":16}},"32":{"start":{"line":58,"column":4},"end":{"line":58,"column":71}},"33":{"start":{"line":59,"column":16},"end":{"line":63,"column":6}},"34":{"start":{"line":64,"column":17},"end":{"line":64,"column":33}},"35":{"start":{"line":65,"column":4},"end":{"line":67,"column":5}},"36":{"start":{"line":66,"column":6},"end":{"line":66,"column":77}},"37":{"start":{"line":68,"column":4},"end":{"line":68,"column":16}},"38":{"start":{"line":5,"column":13},"end":{"line":5,"column":23}},"39":{"start":{"line":5,"column":13},"end":{"line":70,"column":null}}},"fnMap":{"0":{"name":"(anonymous_2)","decl":{"start":{"line":9,"column":2},"end":{"line":9,"column":31}},"loc":{"start":{"line":9,"column":59},"end":{"line":11,"column":3}}},"1":{"name":"(anonymous_3)","decl":{"start":{"line":13,"column":10},"end":{"line":13,"column":15}},"loc":{"start":{"line":13,"column":76},"end":{"line":27,"column":3}}},"2":{"name":"(anonymous_4)","decl":{"start":{"line":15,"column":26},"end":{"line":15,"column":29}},"loc":{"start":{"line":15,"column":32},"end":{"line":15,"column":50}}},"3":{"name":"(anonymous_5)","decl":{"start":{"line":29,"column":2},"end":{"line":29,"column":7}},"loc":{"start":{"line":29,"column":57},"end":{"line":41,"column":3}}},"4":{"name":"(anonymous_6)","decl":{"start":{"line":43,"column":2},"end":{"line":43,"column":7}},"loc":{"start":{"line":43,"column":92},"end":{"line":55,"column":3}}},"5":{"name":"(anonymous_7)","decl":{"start":{"line":57,"column":2},"end":{"line":57,"column":7}},"loc":{"start":{"line":57,"column":93},"end":{"line":69,"column":3}}}},"branchMap":{"0":{"loc":{"start":{"line":13,"column":60},"end":{"line":13,"column":76}},"type":"default-arg","locations":[{"start":{"line":13,"column":72},"end":{"line":13,"column":76}}]},"1":{"loc":{"start":{"line":22,"column":6},"end":{"line":24,"column":7}},"type":"if","locations":[{"start":{"line":22,"column":6},"end":{"line":24,"column":7}},{"start":{},"end":{}}]},"2":{"loc":{"start":{"line":35,"column":6},"end":{"line":38,"column":7}},"type":"if","locations":[{"start":{"line":35,"column":6},"end":{"line":38,"column":7}},{"start":{},"end":{}}]},"3":{"loc":{"start":{"line":51,"column":4},"end":{"line":53,"column":5}},"type":"if","locations":[{"start":{"line":51,"column":4},"end":{"line":53,"column":5}},{"start":{},"end":{}}]},"4":{"loc":{"start":{"line":51,"column":8},"end":{"line":51,"column":32}},"type":"binary-expr","locations":[{"start":{"line":51,"column":8},"end":{"line":51,"column":15}},{"start":{"line":51,"column":19},"end":{"line":51,"column":32}}]},"5":{"loc":{"start":{"line":52,"column":38},"end":{"line":52,"column":73}},"type":"binary-expr","locations":[{"start":{"line":52,"column":38},"end":{"line":52,"column":48}},{"start":{"line":52,"column":52},"end":{"line":52,"column":73}}]},"6":{"loc":{"start":{"line":65,"column":4},"end":{"line":67,"column":5}},"type":"if","locations":[{"start":{"line":65,"column":4},"end":{"line":67,"column":5}},{"start":{},"end":{}}]},"7":{"loc":{"start":{"line":65,"column":8},"end":{"line":65,"column":32}},"type":"binary-expr","locations":[{"start":{"line":65,"column":8},"end":{"line":65,"column":15}},{"start":{"line":65,"column":19},"end":{"line":65,"column":32}}]},"8":{"loc":{"start":{"line":66,"column":38},"end":{"line":66,"column":74}},"type":"binary-expr","locations":[{"start":{"line":66,"column":38},"end":{"line":66,"column":48}},{"start":{"line":66,"column":52},"end":{"line":66,"column":74}}]},"9":{"loc":{"start":{"line":9,"column":46},"end":{"line":9,"column":null}},"type":"cond-expr","locations":[{"start":{"line":9,"column":59},"end":{"line":9,"column":null}},{"start":{"line":9,"column":59},"end":{"line":9,"column":null}}]},"10":{"loc":{"start":{"line":9,"column":46},"end":{"line":9,"column":59}},"type":"binary-expr","locations":[{"start":{"line":9,"column":46},"end":{"line":9,"column":null}},{"start":{"line":9,"column":46},"end":{"line":9,"column":59}}]}},"s":{"0":3,"1":3,"2":3,"3":2,"4":2,"5":2,"6":2,"7":2,"8":0,"9":2,"10":2,"11":2,"12":2,"13":0,"14":0,"15":0,"16":0,"17":1,"18":1,"19":1,"20":1,"21":2,"22":2,"23":2,"24":2,"25":1,"26":0,"27":0,"28":0,"29":0,"30":0,"31":0,"32":0,"33":0,"34":0,"35":0,"36":0,"37":0,"38":3,"39":3},"f":{"0":2,"1":2,"2":0,"3":1,"4":0,"5":0},"b":{"0":[2],"1":[0,0],"2":[2,0],"3":[0,0],"4":[0,0],"5":[0,0],"6":[0,0],"7":[0,0],"8":[0,0],"9":[3,0],"10":[3,3]}}
,"E:\\Work\\shuja\\wizdaa_home_assesment\\src\\hcm\\hcm.module.ts": {"path":"E:\\Work\\shuja\\wizdaa_home_assesment\\src\\hcm\\hcm.module.ts","statementMap":{"0":{"start":{"line":1,"column":0},"end":{"line":1,"column":40}},"1":{"start":{"line":2,"column":0},"end":{"line":2,"column":43}},"2":{"start":{"line":8,"column":7},"end":{"line":8,"column":null}},"3":{"start":{"line":8,"column":13},"end":{"line":8,"column":22}},"4":{"start":{"line":8,"column":13},"end":{"line":8,"column":null}}},"fnMap":{},"branchMap":{},"s":{"0":0,"1":0,"2":0,"3":0,"4":0},"f":{},"b":{}}
,"E:\\Work\\shuja\\wizdaa_home_assesment\\src\\hcm\\dto\\hcm-batch.dto.ts": {"path":"E:\\Work\\shuja\\wizdaa_home_assesment\\src\\hcm\\dto\\hcm-batch.dto.ts","statementMap":{"0":{"start":{"line":1,"column":0},"end":{"line":1,"column":90}},"1":{"start":{"line":2,"column":0},"end":{"line":2,"column":41}},"2":{"start":{"line":4,"column":0},"end":{"line":4,"column":13}},"3":{"start":{"line":7,"column":2},"end":{"line":7,"column":null}},"4":{"start":{"line":11,"column":2},"end":{"line":11,"column":null}},"5":{"start":{"line":15,"column":2},"end":{"line":15,"column":null}},"6":{"start":{"line":18,"column":2},"end":{"line":18,"column":null}},"7":{"start":{"line":22,"column":2},"end":{"line":22,"column":null}},"8":{"start":{"line":25,"column":0},"end":{"line":25,"column":13}},"9":{"start":{"line":29,"column":2},"end":{"line":29,"column":null}},"10":{"start":{"line":28,"column":14},"end":{"line":28,"column":33}}},"fnMap":{"0":{"name":"(anonymous_2)","decl":{"start":{"line":28,"column":8},"end":{"line":28,"column":11}},"loc":{"start":{"line":28,"column":14},"end":{"line":28,"column":33}}}},"branchMap":{},"s":{"0":0,"1":0,"2":0,"3":0,"4":0,"5":0,"6":0,"7":0,"8":0,"9":0,"10":0},"f":{"0":0},"b":{}}
,"E:\\Work\\shuja\\wizdaa_home_assesment\\src\\requests\\requests.controller.ts": {"path":"E:\\Work\\shuja\\wizdaa_home_assesment\\src\\requests\\requests.controller.ts","statementMap":{"0":{"start":{"line":1,"column":0},"end":{"line":1,"column":122}},"1":{"start":{"line":2,"column":0},"end":{"line":2,"column":53}},"2":{"start":{"line":3,"column":0},"end":{"line":3,"column":60}},"3":{"start":{"line":4,"column":0},"end":{"line":4,"column":77}},"4":{"start":{"line":5,"column":0},"end":{"line":5,"column":56}},"5":{"start":{"line":6,"column":0},"end":{"line":6,"column":61}},"6":{"start":{"line":7,"column":0},"end":{"line":7,"column":45}},"7":{"start":{"line":8,"column":0},"end":{"line":8,"column":83}},"8":{"start":{"line":12,"column":7},"end":{"line":63,"column":null}},"9":{"start":{"line":13,"column":31},"end":{"line":13,"column":48}},"10":{"start":{"line":20,"column":4},"end":{"line":22,"column":5}},"11":{"start":{"line":21,"column":6},"end":{"line":21,"column":81}},"12":{"start":{"line":23,"column":4},"end":{"line":23,"column":64}},"13":{"start":{"line":33,"column":4},"end":{"line":35,"column":5}},"14":{"start":{"line":34,"column":6},"end":{"line":34,"column":81}},"15":{"start":{"line":36,"column":4},"end":{"line":36,"column":60}},"16":{"start":{"line":42,"column":4},"end":{"line":42,"column":44}},"17":{"start":{"line":48,"column":4},"end":{"line":48,"column":62}},"18":{"start":{"line":54,"column":4},"end":{"line":54,"column":61}},"19":{"start":{"line":61,"column":4},"end":{"line":61,"column":50}},"20":{"start":{"line":12,"column":13},"end":{"line":12,"column":31}},"21":{"start":{"line":19,"column":8},"end":{"line":24,"column":null}},"22":{"start":{"line":28,"column":8},"end":{"line":37,"column":null}},"23":{"start":{"line":41,"column":8},"end":{"line":43,"column":null}},"24":{"start":{"line":47,"column":8},"end":{"line":49,"column":null}},"25":{"start":{"line":53,"column":8},"end":{"line":55,"column":null}},"26":{"start":{"line":59,"column":8},"end":{"line":62,"column":null}},"27":{"start":{"line":12,"column":13},"end":{"line":63,"column":null}}},"fnMap":{"0":{"name":"(anonymous_4)","decl":{"start":{"line":13,"column":2},"end":{"line":13,"column":31}},"loc":{"start":{"line":13,"column":63},"end":{"line":13,"column":67}}},"1":{"name":"(anonymous_5)","decl":{"start":{"line":19,"column":8},"end":{"line":19,"column":14}},"loc":{"start":{"line":19,"column":78},"end":{"line":24,"column":3}}},"2":{"name":"(anonymous_6)","decl":{"start":{"line":28,"column":8},"end":{"line":28,"column":15}},"loc":{"start":{"line":31,"column":24},"end":{"line":37,"column":3}}},"3":{"name":"(anonymous_7)","decl":{"start":{"line":41,"column":8},"end":{"line":41,"column":15}},"loc":{"start":{"line":41,"column":39},"end":{"line":43,"column":3}}},"4":{"name":"(anonymous_8)","decl":{"start":{"line":47,"column":8},"end":{"line":47,"column":15}},"loc":{"start":{"line":47,"column":77},"end":{"line":49,"column":3}}},"5":{"name":"(anonymous_9)","decl":{"start":{"line":53,"column":8},"end":{"line":53,"column":14}},"loc":{"start":{"line":53,"column":76},"end":{"line":55,"column":3}}},"6":{"name":"(anonymous_10)","decl":{"start":{"line":59,"column":8},"end":{"line":59,"column":14}},"loc":{"start":{"line":59,"column":38},"end":{"line":62,"column":3}}}},"branchMap":{"0":{"loc":{"start":{"line":20,"column":4},"end":{"line":22,"column":5}},"type":"if","locations":[{"start":{"line":20,"column":4},"end":{"line":22,"column":5}},{"start":{},"end":{}}]},"1":{"loc":{"start":{"line":33,"column":4},"end":{"line":35,"column":5}},"type":"if","locations":[{"start":{"line":33,"column":4},"end":{"line":35,"column":5}},{"start":{},"end":{}}]},"2":{"loc":{"start":{"line":33,"column":8},"end":{"line":33,"column":67}},"type":"binary-expr","locations":[{"start":{"line":33,"column":8},"end":{"line":33,"column":36}},{"start":{"line":33,"column":40},"end":{"line":33,"column":67}}]},"3":{"loc":{"start":{"line":19,"column":41},"end":{"line":19,"column":60}},"type":"cond-expr","locations":[{"start":{"line":19,"column":57},"end":{"line":19,"column":60}},{"start":{"line":19,"column":57},"end":{"line":19,"column":60}}]},"4":{"loc":{"start":{"line":19,"column":41},"end":{"line":19,"column":57}},"type":"binary-expr","locations":[{"start":{"line":19,"column":41},"end":{"line":19,"column":60}},{"start":{"line":19,"column":41},"end":{"line":19,"column":57}}]},"5":{"loc":{"start":{"line":30,"column":30},"end":{"line":30,"column":null}},"type":"cond-expr","locations":[{"start":{"line":30,"column":43},"end":{"line":30,"column":null}},{"start":{"line":30,"column":43},"end":{"line":30,"column":null}}]},"6":{"loc":{"start":{"line":30,"column":30},"end":{"line":30,"column":43}},"type":"binary-expr","locations":[{"start":{"line":30,"column":30},"end":{"line":30,"column":null}},{"start":{"line":30,"column":30},"end":{"line":30,"column":43}}]},"7":{"loc":{"start":{"line":13,"column":48},"end":{"line":13,"column":66}},"type":"cond-expr","locations":[{"start":{"line":13,"column":63},"end":{"line":13,"column":66}},{"start":{"line":13,"column":63},"end":{"line":13,"column":66}}]},"8":{"loc":{"start":{"line":13,"column":48},"end":{"line":13,"column":63}},"type":"binary-expr","locations":[{"start":{"line":13,"column":48},"end":{"line":13,"column":66}},{"start":{"line":13,"column":48},"end":{"line":13,"column":63}}]}},"s":{"0":0,"1":0,"2":0,"3":0,"4":0,"5":0,"6":0,"7":0,"8":0,"9":0,"10":0,"11":0,"12":0,"13":0,"14":0,"15":0,"16":0,"17":0,"18":0,"19":0,"20":0,"21":0,"22":0,"23":0,"24":0,"25":0,"26":0,"27":0},"f":{"0":0,"1":0,"2":0,"3":0,"4":0,"5":0,"6":0},"b":{"0":[0,0],"1":[0,0],"2":[0,0],"3":[0,0],"4":[0,0],"5":[0,0],"6":[0,0],"7":[0,0],"8":[0,0]}}
,"E:\\Work\\shuja\\wizdaa_home_assesment\\src\\requests\\requests.module.ts": {"path":"E:\\Work\\shuja\\wizdaa_home_assesment\\src\\requests\\requests.module.ts","statementMap":{"0":{"start":{"line":1,"column":0},"end":{"line":1,"column":40}},"1":{"start":{"line":2,"column":0},"end":{"line":2,"column":48}},"2":{"start":{"line":3,"column":0},"end":{"line":3,"column":78}},"3":{"start":{"line":4,"column":0},"end":{"line":4,"column":53}},"4":{"start":{"line":5,"column":0},"end":{"line":5,"column":59}},"5":{"start":{"line":6,"column":0},"end":{"line":6,"column":61}},"6":{"start":{"line":17,"column":7},"end":{"line":17,"column":null}},"7":{"start":{"line":17,"column":13},"end":{"line":17,"column":27}},"8":{"start":{"line":17,"column":13},"end":{"line":17,"column":null}}},"fnMap":{},"branchMap":{},"s":{"0":0,"1":0,"2":0,"3":0,"4":0,"5":0,"6":0,"7":0,"8":0},"f":{},"b":{}}
,"E:\\Work\\shuja\\wizdaa_home_assesment\\src\\requests\\requests.service.ts": {"path":"E:\\Work\\shuja\\wizdaa_home_assesment\\src\\requests\\requests.service.ts","statementMap":{"0":{"start":{"line":1,"column":0},"end":{"line":1,"column":73}},"1":{"start":{"line":2,"column":0},"end":{"line":2,"column":51}},"2":{"start":{"line":3,"column":0},"end":{"line":3,"column":37}},"3":{"start":{"line":4,"column":0},"end":{"line":4,"column":93}},"4":{"start":{"line":6,"column":0},"end":{"line":6,"column":67}},"5":{"start":{"line":7,"column":0},"end":{"line":7,"column":63}},"6":{"start":{"line":10,"column":28},"end":{"line":164,"column":null}},"7":{"start":{"line":11,"column":28},"end":{"line":11,"column":60}},"8":{"start":{"line":15,"column":21},"end":{"line":15,"column":40}},"9":{"start":{"line":16,"column":21},"end":{"line":16,"column":38}},"10":{"start":{"line":20,"column":22},"end":{"line":20,"column":45}},"11":{"start":{"line":21,"column":20},"end":{"line":21,"column":41}},"12":{"start":{"line":23,"column":4},"end":{"line":25,"column":5}},"13":{"start":{"line":24,"column":6},"end":{"line":24,"column":75}},"14":{"start":{"line":27,"column":17},"end":{"line":27,"column":58}},"15":{"start":{"line":28,"column":4},"end":{"line":30,"column":5}},"16":{"start":{"line":29,"column":6},"end":{"line":29,"column":82}},"17":{"start":{"line":33,"column":21},"end":{"line":33,"column":91}},"18":{"start":{"line":34,"column":20},"end":{"line":34,"column":71}},"19":{"start":{"line":34,"column":41},"end":{"line":34,"column":70}},"20":{"start":{"line":36,"column":4},"end":{"line":38,"column":5}},"21":{"start":{"line":37,"column":6},"end":{"line":37,"column":133}},"22":{"start":{"line":40,"column":20},"end":{"line":44,"column":6}},"23":{"start":{"line":46,"column":4},"end":{"line":46,"column":48}},"24":{"start":{"line":50,"column":23},"end":{"line":50,"column":25}},"25":{"start":{"line":51,"column":4},"end":{"line":51,"column":50}},"26":{"start":{"line":51,"column":20},"end":{"line":51,"column":50}},"27":{"start":{"line":52,"column":4},"end":{"line":52,"column":38}},"28":{"start":{"line":52,"column":16},"end":{"line":52,"column":38}},"29":{"start":{"line":54,"column":4},"end":{"line":57,"column":7}},"30":{"start":{"line":61,"column":20},"end":{"line":61,"column":75}},"31":{"start":{"line":62,"column":4},"end":{"line":64,"column":5}},"32":{"start":{"line":63,"column":6},"end":{"line":63,"column":57}},"33":{"start":{"line":65,"column":4},"end":{"line":65,"column":19}},"34":{"start":{"line":69,"column":20},"end":{"line":69,"column":42}},"35":{"start":{"line":70,"column":4},"end":{"line":72,"column":5}},"36":{"start":{"line":71,"column":6},"end":{"line":71,"column":90}},"37":{"start":{"line":75,"column":21},"end":{"line":75,"column":100}},"38":{"start":{"line":76,"column":20},"end":{"line":76,"column":75}},"39":{"start":{"line":76,"column":41},"end":{"line":76,"column":74}},"40":{"start":{"line":79,"column":4},"end":{"line":81,"column":5}},"41":{"start":{"line":80,"column":6},"end":{"line":80,"column":152}},"42":{"start":{"line":84,"column":4},"end":{"line":105,"column":5}},"43":{"start":{"line":85,"column":24},"end":{"line":89,"column":null}},"44":{"start":{"line":92,"column":6},"end":{"line":100,"column":7}},"45":{"start":{"line":93,"column":8},"end":{"line":93,"column":48}},"46":{"start":{"line":94,"column":8},"end":{"line":94,"column":38}},"47":{"start":{"line":95,"column":8},"end":{"line":95,"column":40}},"48":{"start":{"line":96,"column":8},"end":{"line":96,"column":36}},"49":{"start":{"line":98,"column":8},"end":{"line":98,"column":65}},"50":{"start":{"line":99,"column":8},"end":{"line":99,"column":56}},"51":{"start":{"line":102,"column":6},"end":{"line":102,"column":39}},"52":{"start":{"line":103,"column":6},"end":{"line":103,"column":49}},"53":{"start":{"line":104,"column":6},"end":{"line":104,"column":18}},"54":{"start":{"line":107,"column":4},"end":{"line":107,"column":48}},"55":{"start":{"line":111,"column":20},"end":{"line":111,"column":42}},"56":{"start":{"line":112,"column":4},"end":{"line":114,"column":5}},"57":{"start":{"line":113,"column":6},"end":{"line":113,"column":89}},"58":{"start":{"line":116,"column":4},"end":{"line":116,"column":44}},"59":{"start":{"line":117,"column":4},"end":{"line":117,"column":34}},"60":{"start":{"line":118,"column":4},"end":{"line":118,"column":36}},"61":{"start":{"line":120,"column":4},"end":{"line":120,"column":48}},"62":{"start":{"line":124,"column":20},"end":{"line":124,"column":42}},"63":{"start":{"line":126,"column":4},"end":{"line":128,"column":5}},"64":{"start":{"line":127,"column":6},"end":{"line":127,"column":21}},"65":{"start":{"line":130,"column":4},"end":{"line":132,"column":5}},"66":{"start":{"line":131,"column":6},"end":{"line":131,"column":72}},"67":{"start":{"line":134,"column":4},"end":{"line":159,"column":5}},"68":{"start":{"line":136,"column":25},"end":{"line":136,"column":27}},"69":{"start":{"line":137,"column":32},"end":{"line":137,"column":105}},"70":{"start":{"line":139,"column":6},"end":{"line":141,"column":7}},"71":{"start":{"line":140,"column":8},"end":{"line":140,"column":116}},"72":{"start":{"line":144,"column":6},"end":{"line":158,"column":7}},"73":{"start":{"line":145,"column":26},"end":{"line":149,"column":null}},"74":{"start":{"line":152,"column":8},"end":{"line":155,"column":9}},"75":{"start":{"line":153,"column":10},"end":{"line":153,"column":86}},"76":{"start":{"line":157,"column":8},"end":{"line":157,"column":91}},"77":{"start":{"line":161,"column":4},"end":{"line":161,"column":45}},"78":{"start":{"line":162,"column":4},"end":{"line":162,"column":48}},"79":{"start":{"line":10,"column":13},"end":{"line":10,"column":28}},"80":{"start":{"line":10,"column":13},"end":{"line":164,"column":null}}},"fnMap":{"0":{"name":"(anonymous_4)","decl":{"start":{"line":13,"column":2},"end":{"line":13,"column":null}},"loc":{"start":{"line":16,"column":53},"end":{"line":17,"column":6}}},"1":{"name":"(anonymous_5)","decl":{"start":{"line":19,"column":2},"end":{"line":19,"column":7}},"loc":{"start":{"line":19,"column":43},"end":{"line":47,"column":3}}},"2":{"name":"(anonymous_6)","decl":{"start":{"line":34,"column":34},"end":{"line":34,"column":35}},"loc":{"start":{"line":34,"column":41},"end":{"line":34,"column":70}}},"3":{"name":"(anonymous_7)","decl":{"start":{"line":49,"column":2},"end":{"line":49,"column":7}},"loc":{"start":{"line":49,"column":59},"end":{"line":58,"column":3}}},"4":{"name":"(anonymous_8)","decl":{"start":{"line":60,"column":2},"end":{"line":60,"column":7}},"loc":{"start":{"line":60,"column":26},"end":{"line":66,"column":3}}},"5":{"name":"(anonymous_9)","decl":{"start":{"line":68,"column":2},"end":{"line":68,"column":7}},"loc":{"start":{"line":68,"column":52},"end":{"line":108,"column":3}}},"6":{"name":"(anonymous_10)","decl":{"start":{"line":76,"column":34},"end":{"line":76,"column":35}},"loc":{"start":{"line":76,"column":41},"end":{"line":76,"column":74}}},"7":{"name":"(anonymous_11)","decl":{"start":{"line":110,"column":2},"end":{"line":110,"column":7}},"loc":{"start":{"line":110,"column":51},"end":{"line":121,"column":3}}},"8":{"name":"(anonymous_12)","decl":{"start":{"line":123,"column":2},"end":{"line":123,"column":7}},"loc":{"start":{"line":123,"column":32},"end":{"line":163,"column":3}}}},"branchMap":{"0":{"loc":{"start":{"line":23,"column":4},"end":{"line":25,"column":5}},"type":"if","locations":[{"start":{"line":23,"column":4},"end":{"line":25,"column":5}},{"start":{},"end":{}}]},"1":{"loc":{"start":{"line":28,"column":4},"end":{"line":30,"column":5}},"type":"if","locations":[{"start":{"line":28,"column":4},"end":{"line":30,"column":5}},{"start":{},"end":{}}]},"2":{"loc":{"start":{"line":36,"column":4},"end":{"line":38,"column":5}},"type":"if","locations":[{"start":{"line":36,"column":4},"end":{"line":38,"column":5}},{"start":{},"end":{}}]},"3":{"loc":{"start":{"line":36,"column":8},"end":{"line":36,"column":42}},"type":"binary-expr","locations":[{"start":{"line":36,"column":8},"end":{"line":36,"column":16}},{"start":{"line":36,"column":20},"end":{"line":36,"column":42}}]},"4":{"loc":{"start":{"line":37,"column":108},"end":{"line":37,"column":129}},"type":"binary-expr","locations":[{"start":{"line":37,"column":108},"end":{"line":37,"column":124}},{"start":{"line":37,"column":128},"end":{"line":37,"column":129}}]},"5":{"loc":{"start":{"line":51,"column":4},"end":{"line":51,"column":50}},"type":"if","locations":[{"start":{"line":51,"column":4},"end":{"line":51,"column":50}},{"start":{},"end":{}}]},"6":{"loc":{"start":{"line":52,"column":4},"end":{"line":52,"column":38}},"type":"if","locations":[{"start":{"line":52,"column":4},"end":{"line":52,"column":38}},{"start":{},"end":{}}]},"7":{"loc":{"start":{"line":62,"column":4},"end":{"line":64,"column":5}},"type":"if","locations":[{"start":{"line":62,"column":4},"end":{"line":64,"column":5}},{"start":{},"end":{}}]},"8":{"loc":{"start":{"line":70,"column":4},"end":{"line":72,"column":5}},"type":"if","locations":[{"start":{"line":70,"column":4},"end":{"line":72,"column":5}},{"start":{},"end":{}}]},"9":{"loc":{"start":{"line":79,"column":4},"end":{"line":81,"column":5}},"type":"if","locations":[{"start":{"line":79,"column":4},"end":{"line":81,"column":5}},{"start":{},"end":{}}]},"10":{"loc":{"start":{"line":79,"column":8},"end":{"line":79,"column":50}},"type":"binary-expr","locations":[{"start":{"line":79,"column":8},"end":{"line":79,"column":16}},{"start":{"line":79,"column":20},"end":{"line":79,"column":50}}]},"11":{"loc":{"start":{"line":80,"column":100},"end":{"line":80,"column":121}},"type":"binary-expr","locations":[{"start":{"line":80,"column":100},"end":{"line":80,"column":116}},{"start":{"line":80,"column":120},"end":{"line":80,"column":121}}]},"12":{"loc":{"start":{"line":92,"column":6},"end":{"line":100,"column":7}},"type":"if","locations":[{"start":{"line":92,"column":6},"end":{"line":100,"column":7}},{"start":{"line":97,"column":13},"end":{"line":100,"column":7}}]},"13":{"loc":{"start":{"line":112,"column":4},"end":{"line":114,"column":5}},"type":"if","locations":[{"start":{"line":112,"column":4},"end":{"line":114,"column":5}},{"start":{},"end":{}}]},"14":{"loc":{"start":{"line":126,"column":4},"end":{"line":128,"column":5}},"type":"if","locations":[{"start":{"line":126,"column":4},"end":{"line":128,"column":5}},{"start":{},"end":{}}]},"15":{"loc":{"start":{"line":130,"column":4},"end":{"line":132,"column":5}},"type":"if","locations":[{"start":{"line":130,"column":4},"end":{"line":132,"column":5}},{"start":{},"end":{}}]},"16":{"loc":{"start":{"line":134,"column":4},"end":{"line":159,"column":5}},"type":"if","locations":[{"start":{"line":134,"column":4},"end":{"line":159,"column":5}},{"start":{},"end":{}}]},"17":{"loc":{"start":{"line":139,"column":6},"end":{"line":141,"column":7}},"type":"if","locations":[{"start":{"line":139,"column":6},"end":{"line":141,"column":7}},{"start":{},"end":{}}]},"18":{"loc":{"start":{"line":152,"column":8},"end":{"line":155,"column":9}},"type":"if","locations":[{"start":{"line":152,"column":8},"end":{"line":155,"column":9}},{"start":{},"end":{}}]},"19":{"loc":{"start":{"line":15,"column":40},"end":{"line":15,"column":66}},"type":"cond-expr","locations":[{"start":{"line":15,"column":50},"end":{"line":15,"column":66}},{"start":{"line":15,"column":50},"end":{"line":15,"column":66}}]},"20":{"loc":{"start":{"line":15,"column":40},"end":{"line":15,"column":50}},"type":"binary-expr","locations":[{"start":{"line":15,"column":40},"end":{"line":15,"column":66}},{"start":{"line":15,"column":40},"end":{"line":15,"column":50}}]},"21":{"loc":{"start":{"line":15,"column":50},"end":{"line":16,"column":null}},"type":"cond-expr","locations":[{"start":{"line":16,"column":53},"end":{"line":16,"column":null}},{"start":{"line":16,"column":53},"end":{"line":16,"column":null}}]},"22":{"loc":{"start":{"line":15,"column":50},"end":{"line":16,"column":53}},"type":"binary-expr","locations":[{"start":{"line":15,"column":50},"end":{"line":16,"column":null}},{"start":{"line":16,"column":38},"end":{"line":16,"column":53}}]}},"s":{"0":1,"1":1,"2":1,"3":1,"4":1,"5":1,"6":1,"7":6,"8":6,"9":6,"10":3,"11":3,"12":3,"13":0,"14":3,"15":3,"16":1,"17":2,"18":2,"19":2,"20":2,"21":1,"22":1,"23":1,"24":0,"25":0,"26":0,"27":0,"28":0,"29":0,"30":3,"31":3,"32":0,"33":3,"34":2,"35":2,"36":1,"37":1,"38":1,"39":1,"40":1,"41":0,"42":1,"43":1,"44":1,"45":1,"46":1,"47":1,"48":1,"49":0,"50":0,"51":0,"52":0,"53":0,"54":1,"55":0,"56":0,"57":0,"58":0,"59":0,"60":0,"61":0,"62":1,"63":1,"64":0,"65":1,"66":0,"67":1,"68":1,"69":1,"70":1,"71":0,"72":1,"73":1,"74":1,"75":0,"76":0,"77":1,"78":1,"79":1,"80":1},"f":{"0":6,"1":3,"2":2,"3":0,"4":3,"5":2,"6":1,"7":0,"8":1},"b":{"0":[0,3],"1":[1,2],"2":[1,1],"3":[2,2],"4":[1,0],"5":[0,0],"6":[0,0],"7":[0,3],"8":[1,1],"9":[0,1],"10":[1,1],"11":[0,0],"12":[1,0],"13":[0,0],"14":[0,1],"15":[0,1],"16":[1,0],"17":[0,1],"18":[0,1],"19":[1,0],"20":[1,1],"21":[1,0],"22":[1,1]}}
,"E:\\Work\\shuja\\wizdaa_home_assesment\\src\\requests\\dto\\create-request.dto.ts": {"path":"E:\\Work\\shuja\\wizdaa_home_assesment\\src\\requests\\dto\\create-request.dto.ts","statementMap":{"0":{"start":{"line":1,"column":0},"end":{"line":1,"column":69}},"1":{"start":{"line":3,"column":0},"end":{"line":3,"column":13}},"2":{"start":{"line":6,"column":2},"end":{"line":6,"column":null}},"3":{"start":{"line":10,"column":2},"end":{"line":10,"column":null}},"4":{"start":{"line":14,"column":2},"end":{"line":14,"column":null}},"5":{"start":{"line":18,"column":2},"end":{"line":18,"column":null}},"6":{"start":{"line":22,"column":2},"end":{"line":22,"column":null}}},"fnMap":{},"branchMap":{},"s":{"0":0,"1":0,"2":0,"3":0,"4":0,"5":0,"6":0},"f":{},"b":{}}
}
