{"E:\\Work\\shuja\\wizdaa_home_assesment\\src\\app.controller.ts": {"path":"E:\\Work\\shuja\\wizdaa_home_assesment\\src\\app.controller.ts","statementMap":{"0":{"start":{"line":1,"column":0},"end":{"line":1,"column":49}},"1":{"start":{"line":2,"column":0},"end":{"line":2,"column":43}},"2":{"start":{"line":5,"column":7},"end":{"line":12,"column":null}},"3":{"start":{"line":6,"column":31},"end":{"line":6,"column":43}},"4":{"start":{"line":10,"column":4},"end":{"line":10,"column":38}},"5":{"start":{"line":5,"column":13},"end":{"line":5,"column":26}},"6":{"start":{"line":9,"column":2},"end":{"line":11,"column":null}},"7":{"start":{"line":5,"column":13},"end":{"line":12,"column":null}}},"fnMap":{"0":{"name":"(anonymous_2)","decl":{"start":{"line":6,"column":2},"end":{"line":6,"column":31}},"loc":{"start":{"line":6,"column":53},"end":{"line":6,"column":57}}},"1":{"name":"(anonymous_3)","decl":{"start":{"line":9,"column":2},"end":{"line":9,"column":10}},"loc":{"start":{"line":9,"column":10},"end":{"line":11,"column":3}}}},"branchMap":{"0":{"loc":{"start":{"line":6,"column":43},"end":{"line":6,"column":56}},"type":"cond-expr","locations":[{"start":{"line":6,"column":53},"end":{"line":6,"column":56}},{"start":{"line":6,"column":53},"end":{"line":6,"column":56}}]},"1":{"loc":{"start":{"line":6,"column":43},"end":{"line":6,"column":53}},"type":"binary-expr","locations":[{"start":{"line":6,"column":43},"end":{"line":6,"column":56}},{"start":{"line":6,"column":43},"end":{"line":6,"column":53}}]}},"s":{"0":1,"1":1,"2":1,"3":1,"4":1,"5":1,"6":1,"7":1},"f":{"0":1,"1":1},"b":{"0":[1,0],"1":[1,1]}}
,"E:\\Work\\shuja\\wizdaa_home_assesment\\src\\app.module.ts": {"path":"E:\\Work\\shuja\\wizdaa_home_assesment\\src\\app.module.ts","statementMap":{"0":{"start":{"line":1,"column":0},"end":{"line":1,"column":40}},"1":{"start":{"line":2,"column":0},"end":{"line":2,"column":61}},"2":{"start":{"line":3,"column":0},"end":{"line":3,"column":48}},"3":{"start":{"line":4,"column":0},"end":{"line":4,"column":49}},"4":{"start":{"line":5,"column":0},"end":{"line":5,"column":43}},"5":{"start":{"line":6,"column":0},"end":{"line":6,"column":61}},"6":{"start":{"line":7,"column":0},"end":{"line":7,"column":77}},"7":{"start":{"line":8,"column":0},"end":{"line":8,"column":62}},"8":{"start":{"line":9,"column":0},"end":{"line":9,"column":60}},"9":{"start":{"line":10,"column":0},"end":{"line":10,"column":60}},"10":{"start":{"line":11,"column":0},"end":{"line":11,"column":50}},"11":{"start":{"line":12,"column":0},"end":{"line":12,"column":43}},"12":{"start":{"line":13,"column":0},"end":{"line":13,"column":68}},"13":{"start":{"line":14,"column":0},"end":{"line":14,"column":41}},"14":{"start":{"line":15,"column":0},"end":{"line":15,"column":40}},"15":{"start":{"line":70,"column":7},"end":{"line":70,"column":null}},"16":{"start":{"line":70,"column":13},"end":{"line":70,"column":22}},"17":{"start":{"line":70,"column":13},"end":{"line":70,"column":null}},"18":{"start":{"line":41,"column":53},"end":{"line":44,"column":8}},"19":{"start":{"line":52,"column":53},"end":{"line":57,"column":8}}},"fnMap":{"0":{"name":"(anonymous_1)","decl":{"start":{"line":41,"column":18},"end":{"line":41,"column":19}},"loc":{"start":{"line":41,"column":53},"end":{"line":44,"column":8}}},"1":{"name":"(anonymous_2)","decl":{"start":{"line":52,"column":18},"end":{"line":52,"column":19}},"loc":{"start":{"line":52,"column":53},"end":{"line":57,"column":8}}}},"branchMap":{},"s":{"0":0,"1":0,"2":0,"3":0,"4":0,"5":0,"6":0,"7":0,"8":0,"9":0,"10":0,"11":0,"12":0,"13":0,"14":0,"15":0,"16":0,"17":0,"18":0,"19":0},"f":{"0":0,"1":0},"b":{}}
,"E:\\Work\\shuja\\wizdaa_home_assesment\\src\\app.service.ts": {"path":"E:\\Work\\shuja\\wizdaa_home_assesment\\src\\app.service.ts","statementMap":{"0":{"start":{"line":1,"column":0},"end":{"line":1,"column":44}},"1":{"start":{"line":4,"column":7},"end":{"line":8,"column":null}},"2":{"start":{"line":6,"column":4},"end":{"line":6,"column":26}},"3":{"start":{"line":4,"column":13},"end":{"line":4,"column":23}},"4":{"start":{"line":4,"column":13},"end":{"line":8,"column":null}}},"fnMap":{"0":{"name":"(anonymous_1)","decl":{"start":{"line":5,"column":2},"end":{"line":5,"column":10}},"loc":{"start":{"line":5,"column":10},"end":{"line":7,"column":3}}}},"branchMap":{},"s":{"0":1,"1":1,"2":1,"3":1,"4":1},"f":{"0":1},"b":{}}
,"E:\\Work\\shuja\\wizdaa_home_assesment\\src\\main.ts": {"path":"E:\\Work\\shuja\\wizdaa_home_assesment\\src\\main.ts","statementMap":{"0":{"start":{"line":1,"column":0},"end":{"line":1,"column":43}},"1":{"start":{"line":2,"column":0},"end":{"line":2,"column":41}},"2":{"start":{"line":3,"column":0},"end":{"line":3,"column":37}},"3":{"start":{"line":6,"column":14},"end":{"line":6,"column":71}},"4":{"start":{"line":7,"column":2},"end":{"line":7,"column":33}},"5":{"start":{"line":8,"column":15},"end":{"line":8,"column":39}},"6":{"start":{"line":9,"column":2},"end":{"line":9,"column":25}},"7":{"start":{"line":10,"column":2},"end":{"line":10,"column":69}},"8":{"start":{"line":12,"column":0},"end":{"line":15,"column":3}},"9":{"start":{"line":13,"column":2},"end":{"line":13,"column":57}},"10":{"start":{"line":14,"column":2},"end":{"line":14,"column":18}}},"fnMap":{"0":{"name":"bootstrap","decl":{"start":{"line":5,"column":15},"end":{"line":5,"column":24}},"loc":{"start":{"line":5,"column":24},"end":{"line":11,"column":1}}},"1":{"name":"(anonymous_1)","decl":{"start":{"line":12,"column":18},"end":{"line":12,"column":19}},"loc":{"start":{"line":12,"column":26},"end":{"line":15,"column":1}}}},"branchMap":{"0":{"loc":{"start":{"line":8,"column":15},"end":{"line":8,"column":39}},"type":"binary-expr","locations":[{"start":{"line":8,"column":15},"end":{"line":8,"column":31}},{"start":{"line":8,"column":35},"end":{"line":8,"column":39}}]}},"s":{"0":0,"1":0,"2":0,"3":0,"4":0,"5":0,"6":0,"7":0,"8":0,"9":0,"10":0},"f":{"0":0,"1":0},"b":{"0":[0,0]}}
,"E:\\Work\\shuja\\wizdaa_home_assesment\\src\\balances\\balances.controller.ts": {"path":"E:\\Work\\shuja\\wizdaa_home_assesment\\src\\balances\\balances.controller.ts","statementMap":{"0":{"start":{"line":1,"column":0},"end":{"line":1,"column":null}},"1":{"start":{"line":10,"column":0},"end":{"line":10,"column":53}},"2":{"start":{"line":11,"column":0},"end":{"line":11,"column":56}},"3":{"start":{"line":12,"column":0},"end":{"line":12,"column":58}},"4":{"start":{"line":13,"column":0},"end":{"line":13,"column":61}},"5":{"start":{"line":17,"column":7},"end":{"line":43,"column":null}},"6":{"start":{"line":18,"column":31},"end":{"line":18,"column":48}},"7":{"start":{"line":27,"column":4},"end":{"line":31,"column":5}},"8":{"start":{"line":28,"column":6},"end":{"line":30,"column":8}},"9":{"start":{"line":32,"column":4},"end":{"line":32,"column":68}},"10":{"start":{"line":41,"column":4},"end":{"line":41,"column":69}},"11":{"start":{"line":17,"column":13},"end":{"line":17,"column":31}},"12":{"start":{"line":22,"column":8},"end":{"line":33,"column":null}},"13":{"start":{"line":37,"column":8},"end":{"line":42,"column":null}},"14":{"start":{"line":17,"column":13},"end":{"line":43,"column":null}}},"fnMap":{"0":{"name":"(anonymous_4)","decl":{"start":{"line":18,"column":2},"end":{"line":18,"column":31}},"loc":{"start":{"line":18,"column":63},"end":{"line":18,"column":67}}},"1":{"name":"(anonymous_5)","decl":{"start":{"line":22,"column":8},"end":{"line":22,"column":19}},"loc":{"start":{"line":25,"column":23},"end":{"line":33,"column":3}}},"2":{"name":"(anonymous_6)","decl":{"start":{"line":37,"column":8},"end":{"line":37,"column":20}},"loc":{"start":{"line":39,"column":43},"end":{"line":42,"column":3}}}},"branchMap":{"0":{"loc":{"start":{"line":27,"column":4},"end":{"line":31,"column":5}},"type":"if","locations":[{"start":{"line":27,"column":4},"end":{"line":31,"column":5}},{"start":{},"end":{}}]},"1":{"loc":{"start":{"line":27,"column":8},"end":{"line":27,"column":67}},"type":"binary-expr","locations":[{"start":{"line":27,"column":8},"end":{"line":27,"column":36}},{"start":{"line":27,"column":40},"end":{"line":27,"column":67}}]},"2":{"loc":{"start":{"line":18,"column":48},"end":{"line":18,"column":66}},"type":"cond-expr","locations":[{"start":{"line":18,"column":63},"end":{"line":18,"column":66}},{"start":{"line":18,"column":63},"end":{"line":18,"column":66}}]},"3":{"loc":{"start":{"line":18,"column":48},"end":{"line":18,"column":63}},"type":"binary-expr","locations":[{"start":{"line":18,"column":48},"end":{"line":18,"column":66}},{"start":{"line":18,"column":48},"end":{"line":18,"column":63}}]}},"s":{"0":1,"1":1,"2":1,"3":1,"4":1,"5":1,"6":2,"7":2,"8":1,"9":1,"10":0,"11":1,"12":1,"13":1,"14":1},"f":{"0":2,"1":2,"2":0},"b":{"0":[1,1],"1":[2,2],"2":[1,0],"3":[1,1]}}
,"E:\\Work\\shuja\\wizdaa_home_assesment\\src\\balances\\balances.module.ts": {"path":"E:\\Work\\shuja\\wizdaa_home_assesment\\src\\balances\\balances.module.ts","statementMap":{"0":{"start":{"line":1,"column":0},"end":{"line":1,"column":40}},"1":{"start":{"line":2,"column":0},"end":{"line":2,"column":48}},"2":{"start":{"line":3,"column":0},"end":{"line":3,"column":62}},"3":{"start":{"line":4,"column":0},"end":{"line":4,"column":78}},"4":{"start":{"line":5,"column":0},"end":{"line":5,"column":63}},"5":{"start":{"line":6,"column":0},"end":{"line":6,"column":53}},"6":{"start":{"line":7,"column":0},"end":{"line":7,"column":59}},"7":{"start":{"line":8,"column":0},"end":{"line":8,"column":51}},"8":{"start":{"line":9,"column":0},"end":{"line":9,"column":45}},"9":{"start":{"line":10,"column":0},"end":{"line":10,"column":46}},"10":{"start":{"line":21,"column":7},"end":{"line":21,"column":null}},"11":{"start":{"line":21,"column":13},"end":{"line":21,"column":27}},"12":{"start":{"line":21,"column":13},"end":{"line":21,"column":null}}},"fnMap":{},"branchMap":{},"s":{"0":0,"1":0,"2":0,"3":0,"4":0,"5":0,"6":0,"7":0,"8":0,"9":0,"10":0,"11":0,"12":0},"f":{},"b":{}}
,"E:\\Work\\shuja\\wizdaa_home_assesment\\src\\balances\\balances.service.ts": {"path":"E:\\Work\\shuja\\wizdaa_home_assesment\\src\\balances\\balances.service.ts","statementMap":{"0":{"start":{"line":1,"column":0},"end":{"line":1,"column":52}},"1":{"start":{"line":2,"column":0},"end":{"line":2,"column":51}},"2":{"start":{"line":3,"column":0},"end":{"line":3,"column":37}},"3":{"start":{"line":4,"column":0},"end":{"line":4,"column":62}},"4":{"start":{"line":5,"column":0},"end":{"line":5,"column":null}},"5":{"start":{"line":9,"column":0},"end":{"line":9,"column":76}},"6":{"start":{"line":10,"column":0},"end":{"line":10,"column":48}},"7":{"start":{"line":11,"column":0},"end":{"line":11,"column":47}},"8":{"start":{"line":15,"column":28},"end":{"line":245,"column":null}},"9":{"start":{"line":16,"column":28},"end":{"line":16,"column":60}},"10":{"start":{"line":21,"column":21},"end":{"line":21,"column":40}},"11":{"start":{"line":23,"column":21},"end":{"line":23,"column":40}},"12":{"start":{"line":25,"column":21},"end":{"line":25,"column":40}},"13":{"start":{"line":26,"column":21},"end":{"line":26,"column":33}},"14":{"start":{"line":27,"column":21},"end":{"line":27,"column":36}},"15":{"start":{"line":29,"column":4},"end":{"line":32,"column":6}},"16":{"start":{"line":43,"column":26},"end":{"line":45,"column":6}},"17":{"start":{"line":48,"column":6},"end":{"line":48,"column":66}},"18":{"start":{"line":50,"column":4},"end":{"line":55,"column":5}},"19":{"start":{"line":51,"column":6},"end":{"line":53,"column":8}},"20":{"start":{"line":54,"column":6},"end":{"line":54,"column":55}},"21":{"start":{"line":57,"column":4},"end":{"line":57,"column":65}},"22":{"start":{"line":58,"column":4},"end":{"line":58,"column":25}},"23":{"start":{"line":68,"column":24},"end":{"line":70,"column":null}},"24":{"start":{"line":73,"column":16},"end":{"line":73,"column":26}},"25":{"start":{"line":74,"column":39},"end":{"line":74,"column":41}},"26":{"start":{"line":76,"column":4},"end":{"line":94,"column":5}},"27":{"start":{"line":77,"column":20},"end":{"line":79,"column":8}},"28":{"start":{"line":81,"column":6},"end":{"line":87,"column":7}},"29":{"start":{"line":82,"column":8},"end":{"line":86,"column":11}},"30":{"start":{"line":89,"column":6},"end":{"line":89,"column":35}},"31":{"start":{"line":90,"column":6},"end":{"line":90,"column":41}},"32":{"start":{"line":91,"column":6},"end":{"line":91,"column":33}},"33":{"start":{"line":93,"column":6},"end":{"line":93,"column":71}},"34":{"start":{"line":96,"column":4},"end":{"line":96,"column":27}},"35":{"start":{"line":100,"column":24},"end":{"line":100,"column":57}},"36":{"start":{"line":101,"column":26},"end":{"line":101,"column":79}},"37":{"start":{"line":102,"column":4},"end":{"line":102,"column":39}},"38":{"start":{"line":111,"column":19},"end":{"line":115,"column":null}},"39":{"start":{"line":117,"column":4},"end":{"line":125,"column":5}},"40":{"start":{"line":118,"column":6},"end":{"line":124,"column":8}},"41":{"start":{"line":126,"column":4},"end":{"line":126,"column":18}},"42":{"start":{"line":135,"column":19},"end":{"line":139,"column":null}},"43":{"start":{"line":141,"column":4},"end":{"line":149,"column":5}},"44":{"start":{"line":142,"column":6},"end":{"line":148,"column":8}},"45":{"start":{"line":150,"column":4},"end":{"line":150,"column":18}},"46":{"start":{"line":154,"column":16},"end":{"line":154,"column":26}},"47":{"start":{"line":155,"column":20},"end":{"line":155,"column":21}},"48":{"start":{"line":156,"column":18},"end":{"line":156,"column":19}},"49":{"start":{"line":158,"column":4},"end":{"line":227,"column":5}},"50":{"start":{"line":160,"column":27},"end":{"line":166,"column":8}},"51":{"start":{"line":169,"column":6},"end":{"line":178,"column":7}},"52":{"start":{"line":170,"column":8},"end":{"line":175,"column":10}},"53":{"start":{"line":176,"column":8},"end":{"line":176,"column":18}},"54":{"start":{"line":177,"column":8},"end":{"line":177,"column":17}},"55":{"start":{"line":181,"column":6},"end":{"line":192,"column":7}},"56":{"start":{"line":183,"column":8},"end":{"line":190,"column":10}},"57":{"start":{"line":191,"column":8},"end":{"line":191,"column":17}},"58":{"start":{"line":195,"column":30},"end":{"line":202,"column":8}},"59":{"start":{"line":204,"column":6},"end":{"line":226,"column":7}},"60":{"start":{"line":206,"column":8},"end":{"line":209,"column":9}},"61":{"start":{"line":207,"column":10},"end":{"line":207,"column":37}},"62":{"start":{"line":208,"column":10},"end":{"line":208,"column":49}},"63":{"start":{"line":210,"column":8},"end":{"line":210,"column":20}},"64":{"start":{"line":213,"column":8},"end":{"line":224,"column":10}},"65":{"start":{"line":225,"column":8},"end":{"line":225,"column":18}},"66":{"start":{"line":230,"column":4},"end":{"line":241,"column":6}},"67":{"start":{"line":243,"column":4},"end":{"line":243,"column":70}},"68":{"start":{"line":15,"column":13},"end":{"line":15,"column":28}},"69":{"start":{"line":15,"column":13},"end":{"line":245,"column":null}}},"fnMap":{"0":{"name":"(anonymous_4)","decl":{"start":{"line":19,"column":2},"end":{"line":19,"column":null}},"loc":{"start":{"line":27,"column":49},"end":{"line":33,"column":3}}},"1":{"name":"(anonymous_5)","decl":{"start":{"line":39,"column":2},"end":{"line":39,"column":7}},"loc":{"start":{"line":41,"column":22},"end":{"line":59,"column":3}}},"2":{"name":"(anonymous_6)","decl":{"start":{"line":64,"column":2},"end":{"line":64,"column":7}},"loc":{"start":{"line":66,"column":22},"end":{"line":97,"column":3}}},"3":{"name":"(anonymous_7)","decl":{"start":{"line":99,"column":10},"end":{"line":99,"column":17}},"loc":{"start":{"line":99,"column":34},"end":{"line":103,"column":3}}},"4":{"name":"(anonymous_8)","decl":{"start":{"line":105,"column":2},"end":{"line":105,"column":7}},"loc":{"start":{"line":109,"column":16},"end":{"line":127,"column":3}}},"5":{"name":"(anonymous_9)","decl":{"start":{"line":129,"column":2},"end":{"line":129,"column":7}},"loc":{"start":{"line":133,"column":16},"end":{"line":151,"column":3}}},"6":{"name":"(anonymous_10)","decl":{"start":{"line":153,"column":2},"end":{"line":153,"column":7}},"loc":{"start":{"line":153,"column":48},"end":{"line":244,"column":3}}}},"branchMap":{"0":{"loc":{"start":{"line":48,"column":6},"end":{"line":48,"column":66}},"type":"binary-expr","locations":[{"start":{"line":48,"column":6},"end":{"line":48,"column":32}},{"start":{"line":48,"column":36},"end":{"line":48,"column":66}}]},"1":{"loc":{"start":{"line":50,"column":4},"end":{"line":55,"column":5}},"type":"if","locations":[{"start":{"line":50,"column":4},"end":{"line":55,"column":5}},{"start":{},"end":{}}]},"2":{"loc":{"start":{"line":81,"column":6},"end":{"line":87,"column":7}},"type":"if","locations":[{"start":{"line":81,"column":6},"end":{"line":87,"column":7}},{"start":{},"end":{}}]},"3":{"loc":{"start":{"line":117,"column":4},"end":{"line":125,"column":5}},"type":"if","locations":[{"start":{"line":117,"column":4},"end":{"line":125,"column":5}},{"start":{},"end":{}}]},"4":{"loc":{"start":{"line":141,"column":4},"end":{"line":149,"column":5}},"type":"if","locations":[{"start":{"line":141,"column":4},"end":{"line":149,"column":5}},{"start":{},"end":{}}]},"5":{"loc":{"start":{"line":169,"column":6},"end":{"line":178,"column":7}},"type":"if","locations":[{"start":{"line":169,"column":6},"end":{"line":178,"column":7}},{"start":{},"end":{}}]},"6":{"loc":{"start":{"line":181,"column":6},"end":{"line":192,"column":7}},"type":"if","locations":[{"start":{"line":181,"column":6},"end":{"line":192,"column":7}},{"start":{},"end":{}}]},"7":{"loc":{"start":{"line":204,"column":6},"end":{"line":226,"column":7}},"type":"if","locations":[{"start":{"line":204,"column":6},"end":{"line":226,"column":7}},{"start":{"line":211,"column":13},"end":{"line":226,"column":7}}]},"8":{"loc":{"start":{"line":21,"column":40},"end":{"line":21,"column":59}},"type":"cond-expr","locations":[{"start":{"line":21,"column":50},"end":{"line":21,"column":59}},{"start":{"line":21,"column":50},"end":{"line":21,"column":59}}]},"9":{"loc":{"start":{"line":21,"column":40},"end":{"line":21,"column":50}},"type":"binary-expr","locations":[{"start":{"line":21,"column":40},"end":{"line":21,"column":59}},{"start":{"line":21,"column":40},"end":{"line":21,"column":50}}]},"10":{"loc":{"start":{"line":21,"column":50},"end":{"line":23,"column":66}},"type":"cond-expr","locations":[{"start":{"line":23,"column":50},"end":{"line":23,"column":66}},{"start":{"line":23,"column":50},"end":{"line":23,"column":66}}]},"11":{"loc":{"start":{"line":21,"column":50},"end":{"line":23,"column":50}},"type":"binary-expr","locations":[{"start":{"line":21,"column":50},"end":{"line":23,"column":66}},{"start":{"line":23,"column":40},"end":{"line":23,"column":50}}]},"12":{"loc":{"start":{"line":23,"column":50},"end":{"line":25,"column":59}},"type":"cond-expr","locations":[{"start":{"line":25,"column":50},"end":{"line":25,"column":59}},{"start":{"line":25,"column":50},"end":{"line":25,"column":59}}]},"13":{"loc":{"start":{"line":23,"column":50},"end":{"line":25,"column":50}},"type":"binary-expr","locations":[{"start":{"line":23,"column":50},"end":{"line":25,"column":59}},{"start":{"line":25,"column":40},"end":{"line":25,"column":50}}]},"14":{"loc":{"start":{"line":25,"column":50},"end":{"line":26,"column":null}},"type":"cond-expr","locations":[{"start":{"line":26,"column":43},"end":{"line":26,"column":null}},{"start":{"line":26,"column":43},"end":{"line":26,"column":null}}]},"15":{"loc":{"start":{"line":25,"column":50},"end":{"line":26,"column":43}},"type":"binary-expr","locations":[{"start":{"line":25,"column":50},"end":{"line":26,"column":null}},{"start":{"line":26,"column":33},"end":{"line":26,"column":43}}]},"16":{"loc":{"start":{"line":26,"column":43},"end":{"line":27,"column":null}},"type":"cond-expr","locations":[{"start":{"line":27,"column":49},"end":{"line":27,"column":null}},{"start":{"line":27,"column":49},"end":{"line":27,"column":null}}]},"17":{"loc":{"start":{"line":26,"column":43},"end":{"line":27,"column":49}},"type":"binary-expr","locations":[{"start":{"line":26,"column":43},"end":{"line":27,"column":null}},{"start":{"line":27,"column":36},"end":{"line":27,"column":49}}]}},"s":{"0":5,"1":5,"2":5,"3":5,"4":5,"5":5,"6":5,"7":5,"8":5,"9":4,"10":4,"11":4,"12":4,"13":4,"14":4,"15":4,"16":2,"17":2,"18":2,"19":1,"20":1,"21":1,"22":1,"23":1,"24":1,"25":1,"26":1,"27":1,"28":1,"29":1,"30":1,"31":1,"32":1,"33":1,"34":1,"35":1,"36":1,"37":1,"38":0,"39":0,"40":0,"41":0,"42":0,"43":0,"44":0,"45":0,"46":2,"47":2,"48":2,"49":2,"50":2,"51":2,"52":0,"53":0,"54":0,"55":2,"56":0,"57":0,"58":2,"59":2,"60":1,"61":1,"62":1,"63":1,"64":1,"65":1,"66":2,"67":2,"68":5,"69":5},"f":{"0":4,"1":2,"2":1,"3":1,"4":0,"5":0,"6":2},"b":{"0":[2,1],"1":[1,1],"2":[1,0],"3":[0,0],"4":[0,0],"5":[0,2],"6":[0,2],"7":[1,1],"8":[5,0],"9":[5,5],"10":[5,0],"11":[5,5],"12":[5,0],"13":[5,5],"14":[5,0],"15":[5,5],"16":[5,0],"17":[5,5]}}
,"E:\\Work\\shuja\\wizdaa_home_assesment\\src\\balances\\sync.controller.ts": {"path":"E:\\Work\\shuja\\wizdaa_home_assesment\\src\\balances\\sync.controller.ts","statementMap":{"0":{"start":{"line":1,"column":0},"end":{"line":1,"column":null}},"1":{"start":{"line":10,"column":0},"end":{"line":10,"column":53}},"2":{"start":{"line":11,"column":0},"end":{"line":11,"column":55}},"3":{"start":{"line":12,"column":0},"end":{"line":12,"column":47}},"4":{"start":{"line":13,"column":0},"end":{"line":13,"column":51}},"5":{"start":{"line":14,"column":0},"end":{"line":14,"column":37}},"6":{"start":{"line":15,"column":0},"end":{"line":15,"column":63}},"7":{"start":{"line":16,"column":0},"end":{"line":16,"column":56}},"8":{"start":{"line":17,"column":0},"end":{"line":17,"column":58}},"9":{"start":{"line":18,"column":0},"end":{"line":18,"column":61}},"10":{"start":{"line":21,"column":7},"end":{"line":52,"column":null}},"11":{"start":{"line":23,"column":21},"end":{"line":23,"column":38}},"12":{"start":{"line":24,"column":21},"end":{"line":24,"column":36}},"13":{"start":{"line":26,"column":21},"end":{"line":26,"column":40}},"14":{"start":{"line":34,"column":27},"end":{"line":34,"column":78}},"15":{"start":{"line":35,"column":4},"end":{"line":37,"column":5}},"16":{"start":{"line":36,"column":6},"end":{"line":36,"column":71}},"17":{"start":{"line":39,"column":4},"end":{"line":39,"column":61}},"18":{"start":{"line":46,"column":17},"end":{"line":49,"column":6}},"19":{"start":{"line":50,"column":4},"end":{"line":50,"column":32}},"20":{"start":{"line":21,"column":13},"end":{"line":21,"column":27}},"21":{"start":{"line":30,"column":8},"end":{"line":40,"column":null}},"22":{"start":{"line":45,"column":8},"end":{"line":51,"column":null}},"23":{"start":{"line":21,"column":13},"end":{"line":52,"column":null}}},"fnMap":{"0":{"name":"(anonymous_4)","decl":{"start":{"line":22,"column":2},"end":{"line":22,"column":null}},"loc":{"start":{"line":26,"column":59},"end":{"line":27,"column":6}}},"1":{"name":"(anonymous_5)","decl":{"start":{"line":30,"column":8},"end":{"line":30,"column":20}},"loc":{"start":{"line":32,"column":43},"end":{"line":40,"column":3}}},"2":{"name":"(anonymous_6)","decl":{"start":{"line":45,"column":8},"end":{"line":45,"column":21}},"loc":{"start":{"line":45,"column":21},"end":{"line":51,"column":3}}}},"branchMap":{"0":{"loc":{"start":{"line":35,"column":4},"end":{"line":37,"column":5}},"type":"if","locations":[{"start":{"line":35,"column":4},"end":{"line":37,"column":5}},{"start":{},"end":{}}]},"1":{"loc":{"start":{"line":35,"column":8},"end":{"line":35,"column":52}},"type":"binary-expr","locations":[{"start":{"line":35,"column":8},"end":{"line":35,"column":23}},{"start":{"line":35,"column":27},"end":{"line":35,"column":52}}]},"2":{"loc":{"start":{"line":31,"column":22},"end":{"line":31,"column":null}},"type":"cond-expr","locations":[{"start":{"line":31,"column":33},"end":{"line":31,"column":null}},{"start":{"line":31,"column":33},"end":{"line":31,"column":null}}]},"3":{"loc":{"start":{"line":31,"column":22},"end":{"line":31,"column":33}},"type":"binary-expr","locations":[{"start":{"line":31,"column":22},"end":{"line":31,"column":null}},{"start":{"line":31,"column":22},"end":{"line":31,"column":33}}]},"4":{"loc":{"start":{"line":23,"column":38},"end":{"line":23,"column":null}},"type":"cond-expr","locations":[{"start":{"line":23,"column":53},"end":{"line":23,"column":null}},{"start":{"line":23,"column":53},"end":{"line":23,"column":null}}]},"5":{"loc":{"start":{"line":23,"column":38},"end":{"line":23,"column":53}},"type":"binary-expr","locations":[{"start":{"line":23,"column":38},"end":{"line":23,"column":null}},{"start":{"line":23,"column":38},"end":{"line":23,"column":53}}]},"6":{"loc":{"start":{"line":23,"column":53},"end":{"line":24,"column":null}},"type":"cond-expr","locations":[{"start":{"line":24,"column":49},"end":{"line":24,"column":null}},{"start":{"line":24,"column":49},"end":{"line":24,"column":null}}]},"7":{"loc":{"start":{"line":23,"column":53},"end":{"line":24,"column":49}},"type":"binary-expr","locations":[{"start":{"line":23,"column":53},"end":{"line":24,"column":null}},{"start":{"line":24,"column":36},"end":{"line":24,"column":49}}]},"8":{"loc":{"start":{"line":24,"column":49},"end":{"line":26,"column":59}},"type":"cond-expr","locations":[{"start":{"line":26,"column":50},"end":{"line":26,"column":59}},{"start":{"line":26,"column":50},"end":{"line":26,"column":59}}]},"9":{"loc":{"start":{"line":24,"column":49},"end":{"line":26,"column":50}},"type":"binary-expr","locations":[{"start":{"line":24,"column":49},"end":{"line":26,"column":59}},{"start":{"line":26,"column":40},"end":{"line":26,"column":50}}]}},"s":{"0":1,"1":1,"2":1,"3":1,"4":1,"5":1,"6":1,"7":1,"8":1,"9":1,"10":1,"11":3,"12":3,"13":3,"14":2,"15":2,"16":1,"17":1,"18":1,"19":1,"20":1,"21":1,"22":1,"23":1},"f":{"0":3,"1":2,"2":1},"b":{"0":[1,1],"1":[2,2],"2":[1,0],"3":[1,1],"4":[1,0],"5":[1,1],"6":[1,0],"7":[1,1],"8":[1,0],"9":[1,1]}}
,"E:\\Work\\shuja\\wizdaa_home_assesment\\src\\balances\\sync.service.ts": {"path":"E:\\Work\\shuja\\wizdaa_home_assesment\\src\\balances\\sync.service.ts","statementMap":{"0":{"start":{"line":1,"column":0},"end":{"line":1,"column":52}},"1":{"start":{"line":2,"column":0},"end":{"line":2,"column":56}},"2":{"start":{"line":3,"column":0},"end":{"line":3,"column":51}},"3":{"start":{"line":4,"column":0},"end":{"line":4,"column":37}},"4":{"start":{"line":5,"column":0},"end":{"line":5,"column":62}},"5":{"start":{"line":6,"column":0},"end":{"line":6,"column":76}},"6":{"start":{"line":7,"column":0},"end":{"line":7,"column":53}},"7":{"start":{"line":8,"column":0},"end":{"line":8,"column":47}},"8":{"start":{"line":11,"column":24},"end":{"line":84,"column":null}},"9":{"start":{"line":12,"column":28},"end":{"line":12,"column":56}},"10":{"start":{"line":16,"column":21},"end":{"line":16,"column":40}},"11":{"start":{"line":18,"column":21},"end":{"line":18,"column":40}},"12":{"start":{"line":19,"column":21},"end":{"line":19,"column":38}},"13":{"start":{"line":20,"column":21},"end":{"line":20,"column":36}},"14":{"start":{"line":25,"column":4},"end":{"line":25,"column":61}},"15":{"start":{"line":28,"column":29},"end":{"line":28,"column":64}},"16":{"start":{"line":29,"column":21},"end":{"line":29,"column":22}},"17":{"start":{"line":31,"column":4},"end":{"line":78,"column":5}},"18":{"start":{"line":32,"column":6},"end":{"line":77,"column":7}},"19":{"start":{"line":38,"column":28},"end":{"line":40,"column":null}},"20":{"start":{"line":43,"column":30},"end":{"line":44,"column":null}},"21":{"start":{"line":44,"column":17},"end":{"line":44,"column":48}},"22":{"start":{"line":47,"column":8},"end":{"line":72,"column":9}},"23":{"start":{"line":48,"column":10},"end":{"line":48,"column":23}},"24":{"start":{"line":49,"column":34},"end":{"line":49,"column":47}},"25":{"start":{"line":52,"column":10},"end":{"line":52,"column":48}},"26":{"start":{"line":53,"column":10},"end":{"line":53,"column":54}},"27":{"start":{"line":54,"column":10},"end":{"line":54,"column":42}},"28":{"start":{"line":55,"column":10},"end":{"line":55,"column":51}},"29":{"start":{"line":58,"column":10},"end":{"line":71,"column":12}},"30":{"start":{"line":74,"column":8},"end":{"line":76,"column":10}},"31":{"start":{"line":80,"column":4},"end":{"line":82,"column":6}},"32":{"start":{"line":11,"column":13},"end":{"line":11,"column":24}},"33":{"start":{"line":24,"column":8},"end":{"line":83,"column":null}},"34":{"start":{"line":11,"column":13},"end":{"line":84,"column":null}}},"fnMap":{"0":{"name":"(anonymous_4)","decl":{"start":{"line":14,"column":2},"end":{"line":14,"column":null}},"loc":{"start":{"line":20,"column":49},"end":{"line":21,"column":6}}},"1":{"name":"(anonymous_5)","decl":{"start":{"line":24,"column":8},"end":{"line":24,"column":28}},"loc":{"start":{"line":24,"column":28},"end":{"line":83,"column":3}}},"2":{"name":"(anonymous_6)","decl":{"start":{"line":44,"column":10},"end":{"line":44,"column":11}},"loc":{"start":{"line":44,"column":17},"end":{"line":44,"column":48}}}},"branchMap":{"0":{"loc":{"start":{"line":47,"column":8},"end":{"line":72,"column":9}},"type":"if","locations":[{"start":{"line":47,"column":8},"end":{"line":72,"column":9}},{"start":{},"end":{}}]},"1":{"loc":{"start":{"line":47,"column":12},"end":{"line":47,"column":68}},"type":"binary-expr","locations":[{"start":{"line":47,"column":12},"end":{"line":47,"column":25}},{"start":{"line":47,"column":29},"end":{"line":47,"column":68}}]},"2":{"loc":{"start":{"line":16,"column":40},"end":{"line":16,"column":59}},"type":"cond-expr","locations":[{"start":{"line":16,"column":50},"end":{"line":16,"column":59}},{"start":{"line":16,"column":50},"end":{"line":16,"column":59}}]},"3":{"loc":{"start":{"line":16,"column":40},"end":{"line":16,"column":50}},"type":"binary-expr","locations":[{"start":{"line":16,"column":40},"end":{"line":16,"column":59}},{"start":{"line":16,"column":40},"end":{"line":16,"column":50}}]},"4":{"loc":{"start":{"line":16,"column":50},"end":{"line":18,"column":59}},"type":"cond-expr","locations":[{"start":{"line":18,"column":50},"end":{"line":18,"column":59}},{"start":{"line":18,"column":50},"end":{"line":18,"column":59}}]},"5":{"loc":{"start":{"line":16,"column":50},"end":{"line":18,"column":50}},"type":"binary-expr","locations":[{"start":{"line":16,"column":50},"end":{"line":18,"column":59}},{"start":{"line":18,"column":40},"end":{"line":18,"column":50}}]},"6":{"loc":{"start":{"line":18,"column":50},"end":{"line":19,"column":null}},"type":"cond-expr","locations":[{"start":{"line":19,"column":53},"end":{"line":19,"column":null}},{"start":{"line":19,"column":53},"end":{"line":19,"column":null}}]},"7":{"loc":{"start":{"line":18,"column":50},"end":{"line":19,"column":53}},"type":"binary-expr","locations":[{"start":{"line":18,"column":50},"end":{"line":19,"column":null}},{"start":{"line":19,"column":38},"end":{"line":19,"column":53}}]},"8":{"loc":{"start":{"line":19,"column":53},"end":{"line":20,"column":null}},"type":"cond-expr","locations":[{"start":{"line":20,"column":49},"end":{"line":20,"column":null}},{"start":{"line":20,"column":49},"end":{"line":20,"column":null}}]},"9":{"loc":{"start":{"line":19,"column":53},"end":{"line":20,"column":49}},"type":"binary-expr","locations":[{"start":{"line":19,"column":53},"end":{"line":20,"column":null}},{"start":{"line":20,"column":36},"end":{"line":20,"column":49}}]}},"s":{"0":0,"1":0,"2":0,"3":0,"4":0,"5":0,"6":0,"7":0,"8":0,"9":0,"10":0,"11":0,"12":0,"13":0,"14":0,"15":0,"16":0,"17":0,"18":0,"19":0,"20":0,"21":0,"22":0,"23":0,"24":0,"25":0,"26":0,"27":0,"28":0,"29":0,"30":0,"31":0,"32":0,"33":0,"34":0},"f":{"0":0,"1":0,"2":0},"b":{"0":[0,0],"1":[0,0],"2":[0,0],"3":[0,0],"4":[0,0],"5":[0,0],"6":[0,0],"7":[0,0],"8":[0,0],"9":[0,0]}}
,"E:\\Work\\shuja\\wizdaa_home_assesment\\src\\common\\decorators\\roles.decorator.ts": {"path":"E:\\Work\\shuja\\wizdaa_home_assesment\\src\\common\\decorators\\roles.decorator.ts","statementMap":{"0":{"start":{"line":1,"column":0},"end":{"line":1,"column":45}},"1":{"start":{"line":2,"column":0},"end":{"line":2,"column":49}},"2":{"start":{"line":4,"column":21},"end":{"line":4,"column":74}},"3":{"start":{"line":4,"column":45},"end":{"line":4,"column":74}},"4":{"start":{"line":4,"column":13},"end":{"line":4,"column":21}}},"fnMap":{"0":{"name":"(anonymous_0)","decl":{"start":{"line":4,"column":21},"end":{"line":4,"column":22}},"loc":{"start":{"line":4,"column":45},"end":{"line":4,"column":74}}}},"branchMap":{},"s":{"0":3,"1":3,"2":3,"3":9,"4":3},"f":{"0":9},"b":{}}
,"E:\\Work\\shuja\\wizdaa_home_assesment\\src\\common\\guards\\auth.guard.ts": {"path":"E:\\Work\\shuja\\wizdaa_home_assesment\\src\\common\\guards\\auth.guard.ts","statementMap":{"0":{"start":{"line":1,"column":0},"end":{"line":1,"column":null}},"1":{"start":{"line":8,"column":0},"end":{"line":8,"column":41}},"2":{"start":{"line":10,"column":0},"end":{"line":10,"column":41}},"3":{"start":{"line":12,"column":13},"end":{"line":12,"column":33}},"4":{"start":{"line":15,"column":7},"end":{"line":55,"column":null}},"5":{"start":{"line":17,"column":12},"end":{"line":17,"column":24}},"6":{"start":{"line":18,"column":12},"end":{"line":18,"column":23}},"7":{"start":{"line":22,"column":20},"end":{"line":22,"column":55}},"8":{"start":{"line":23,"column":18},"end":{"line":23,"column":54}},"9":{"start":{"line":25,"column":4},"end":{"line":27,"column":5}},"10":{"start":{"line":26,"column":6},"end":{"line":26,"column":40}},"11":{"start":{"line":29,"column":4},"end":{"line":47,"column":5}},"12":{"start":{"line":30,"column":22},"end":{"line":30,"column":62}},"13":{"start":{"line":31,"column":6},"end":{"line":31,"column":32}},"14":{"start":{"line":33,"column":28},"end":{"line":35,"column":null}},"15":{"start":{"line":38,"column":6},"end":{"line":42,"column":7}},"16":{"start":{"line":39,"column":8},"end":{"line":41,"column":10}},"17":{"start":{"line":44,"column":6},"end":{"line":44,"column":55}},"18":{"start":{"line":44,"column":45},"end":{"line":44,"column":55}},"19":{"start":{"line":45,"column":6},"end":{"line":45,"column":60}},"20":{"start":{"line":46,"column":6},"end":{"line":46,"column":40}},"21":{"start":{"line":48,"column":4},"end":{"line":48,"column":16}},"22":{"start":{"line":52,"column":26},"end":{"line":52,"column":73}},"23":{"start":{"line":53,"column":4},"end":{"line":53,"column":49}},"24":{"start":{"line":15,"column":13},"end":{"line":15,"column":22}},"25":{"start":{"line":15,"column":13},"end":{"line":55,"column":null}}},"fnMap":{"0":{"name":"(anonymous_2)","decl":{"start":{"line":16,"column":2},"end":{"line":16,"column":null}},"loc":{"start":{"line":18,"column":32},"end":{"line":19,"column":6}}},"1":{"name":"(anonymous_3)","decl":{"start":{"line":21,"column":2},"end":{"line":21,"column":7}},"loc":{"start":{"line":21,"column":45},"end":{"line":49,"column":3}}},"2":{"name":"(anonymous_4)","decl":{"start":{"line":51,"column":10},"end":{"line":51,"column":32}},"loc":{"start":{"line":51,"column":49},"end":{"line":54,"column":3}}}},"branchMap":{"0":{"loc":{"start":{"line":25,"column":4},"end":{"line":27,"column":5}},"type":"if","locations":[{"start":{"line":25,"column":4},"end":{"line":27,"column":5}},{"start":{},"end":{}}]},"1":{"loc":{"start":{"line":38,"column":6},"end":{"line":42,"column":7}},"type":"if","locations":[{"start":{"line":38,"column":6},"end":{"line":42,"column":7}},{"start":{},"end":{}}]},"2":{"loc":{"start":{"line":38,"column":10},"end":{"line":38,"column":64}},"type":"binary-expr","locations":[{"start":{"line":38,"column":10},"end":{"line":38,"column":23}},{"start":{"line":38,"column":27},"end":{"line":38,"column":64}}]},"3":{"loc":{"start":{"line":44,"column":6},"end":{"line":44,"column":55}},"type":"if","locations":[{"start":{"line":44,"column":6},"end":{"line":44,"column":55}},{"start":{},"end":{}}]},"4":{"loc":{"start":{"line":52,"column":26},"end":{"line":52,"column":73}},"type":"binary-expr","locations":[{"start":{"line":52,"column":26},"end":{"line":52,"column":67}},{"start":{"line":52,"column":71},"end":{"line":52,"column":73}}]},"5":{"loc":{"start":{"line":53,"column":11},"end":{"line":53,"column":48}},"type":"cond-expr","locations":[{"start":{"line":53,"column":31},"end":{"line":53,"column":36}},{"start":{"line":53,"column":39},"end":{"line":53,"column":48}}]},"6":{"loc":{"start":{"line":17,"column":24},"end":{"line":17,"column":null}},"type":"cond-expr","locations":[{"start":{"line":17,"column":34},"end":{"line":17,"column":null}},{"start":{"line":17,"column":34},"end":{"line":17,"column":null}}]},"7":{"loc":{"start":{"line":17,"column":24},"end":{"line":17,"column":34}},"type":"binary-expr","locations":[{"start":{"line":17,"column":24},"end":{"line":17,"column":null}},{"start":{"line":17,"column":24},"end":{"line":17,"column":34}}]},"8":{"loc":{"start":{"line":17,"column":34},"end":{"line":18,"column":null}},"type":"cond-expr","locations":[{"start":{"line":18,"column":32},"end":{"line":18,"column":null}},{"start":{"line":18,"column":32},"end":{"line":18,"column":null}}]},"9":{"loc":{"start":{"line":17,"column":34},"end":{"line":18,"column":32}},"type":"binary-expr","locations":[{"start":{"line":17,"column":34},"end":{"line":18,"column":null}},{"start":{"line":18,"column":23},"end":{"line":18,"column":32}}]}},"s":{"0":3,"1":3,"2":3,"3":3,"4":3,"5":0,"6":0,"7":0,"8":0,"9":0,"10":0,"11":0,"12":0,"13":0,"14":0,"15":0,"16":0,"17":0,"18":0,"19":0,"20":0,"21":0,"22":0,"23":0,"24":3,"25":3},"f":{"0":0,"1":0,"2":0},"b":{"0":[0,0],"1":[0,0],"2":[0,0],"3":[0,0],"4":[0,0],"5":[0,0],"6":[3,0],"7":[3,3],"8":[3,0],"9":[3,3]}}
,"E:\\Work\\shuja\\wizdaa_home_assesment\\src\\common\\guards\\employee-throttler.guard.ts": {"path":"E:\\Work\\shuja\\wizdaa_home_assesment\\src\\common\\guards\\employee-throttler.guard.ts","statementMap":{"0":{"start":{"line":1,"column":0},"end":{"line":1,"column":44}},"1":{"start":{"line":2,"column":0},"end":{"line":2,"column":51}},"2":{"start":{"line":5,"column":7},"end":{"line":12,"column":null}},"3":{"start":{"line":7,"column":4},"end":{"line":9,"column":5}},"4":{"start":{"line":8,"column":6},"end":{"line":8,"column":26}},"5":{"start":{"line":10,"column":4},"end":{"line":10,"column":48}},"6":{"start":{"line":5,"column":13},"end":{"line":5,"column":35}},"7":{"start":{"line":5,"column":13},"end":{"line":12,"column":null}}},"fnMap":{"0":{"name":"(anonymous_1)","decl":{"start":{"line":6,"column":12},"end":{"line":6,"column":22}},"loc":{"start":{"line":6,"column":47},"end":{"line":11,"column":3}}}},"branchMap":{"0":{"loc":{"start":{"line":7,"column":4},"end":{"line":9,"column":5}},"type":"if","locations":[{"start":{"line":7,"column":4},"end":{"line":9,"column":5}},{"start":{},"end":{}}]},"1":{"loc":{"start":{"line":7,"column":8},"end":{"line":7,"column":32}},"type":"binary-expr","locations":[{"start":{"line":7,"column":8},"end":{"line":7,"column":16}},{"start":{"line":7,"column":20},"end":{"line":7,"column":32}}]},"2":{"loc":{"start":{"line":10,"column":11},"end":{"line":10,"column":47}},"type":"cond-expr","locations":[{"start":{"line":10,"column":28},"end":{"line":10,"column":38}},{"start":{"line":10,"column":41},"end":{"line":10,"column":47}}]}},"s":{"0":2,"1":2,"2":2,"3":0,"4":0,"5":0,"6":2,"7":2},"f":{"0":0},"b":{"0":[0,0],"1":[0,0],"2":[0,0]}}
,"E:\\Work\\shuja\\wizdaa_home_assesment\\src\\common\\guards\\roles.guard.ts": {"path":"E:\\Work\\shuja\\wizdaa_home_assesment\\src\\common\\guards\\roles.guard.ts","statementMap":{"0":{"start":{"line":1,"column":0},"end":{"line":1,"column":75}},"1":{"start":{"line":2,"column":0},"end":{"line":2,"column":41}},"2":{"start":{"line":5,"column":7},"end":{"line":17,"column":null}},"3":{"start":{"line":6,"column":22},"end":{"line":6,"column":33}},"4":{"start":{"line":9,"column":18},"end":{"line":9,"column":77}},"5":{"start":{"line":10,"column":4},"end":{"line":12,"column":5}},"6":{"start":{"line":11,"column":6},"end":{"line":11,"column":18}},"7":{"start":{"line":13,"column":20},"end":{"line":13,"column":55}},"8":{"start":{"line":14,"column":17},"end":{"line":14,"column":29}},"9":{"start":{"line":15,"column":4},"end":{"line":15,"column":37}},"10":{"start":{"line":5,"column":13},"end":{"line":5,"column":23}},"11":{"start":{"line":5,"column":13},"end":{"line":17,"column":null}}},"fnMap":{"0":{"name":"(anonymous_2)","decl":{"start":{"line":6,"column":2},"end":{"line":6,"column":22}},"loc":{"start":{"line":6,"column":42},"end":{"line":6,"column":46}}},"1":{"name":"(anonymous_3)","decl":{"start":{"line":8,"column":2},"end":{"line":8,"column":13}},"loc":{"start":{"line":8,"column":39},"end":{"line":16,"column":3}}}},"branchMap":{"0":{"loc":{"start":{"line":10,"column":4},"end":{"line":12,"column":5}},"type":"if","locations":[{"start":{"line":10,"column":4},"end":{"line":12,"column":5}},{"start":{},"end":{}}]},"1":{"loc":{"start":{"line":6,"column":33},"end":{"line":6,"column":45}},"type":"cond-expr","locations":[{"start":{"line":6,"column":42},"end":{"line":6,"column":45}},{"start":{"line":6,"column":42},"end":{"line":6,"column":45}}]},"2":{"loc":{"start":{"line":6,"column":33},"end":{"line":6,"column":42}},"type":"binary-expr","locations":[{"start":{"line":6,"column":33},"end":{"line":6,"column":45}},{"start":{"line":6,"column":33},"end":{"line":6,"column":42}}]}},"s":{"0":3,"1":3,"2":3,"3":0,"4":0,"5":0,"6":0,"7":0,"8":0,"9":0,"10":3,"11":3},"f":{"0":0,"1":0},"b":{"0":[0,0],"1":[3,0],"2":[3,3]}}
,"E:\\Work\\shuja\\wizdaa_home_assesment\\src\\common\\utils\\date.utils.ts": {"path":"E:\\Work\\shuja\\wizdaa_home_assesment\\src\\common\\utils\\date.utils.ts","statementMap":{"0":{"start":{"line":4,"column":0},"end":{"line":4,"column":16}},"1":{"start":{"line":5,"column":2},"end":{"line":7,"column":3}},"2":{"start":{"line":6,"column":4},"end":{"line":6,"column":13}},"3":{"start":{"line":10,"column":16},"end":{"line":10,"column":35}},"4":{"start":{"line":11,"column":2},"end":{"line":11,"column":29}},"5":{"start":{"line":12,"column":14},"end":{"line":12,"column":31}},"6":{"start":{"line":13,"column":2},"end":{"line":13,"column":27}},"7":{"start":{"line":15,"column":14},"end":{"line":15,"column":15}},"8":{"start":{"line":16,"column":18},"end":{"line":16,"column":33}},"9":{"start":{"line":18,"column":2},"end":{"line":26,"column":3}},"10":{"start":{"line":19,"column":22},"end":{"line":19,"column":38}},"11":{"start":{"line":20,"column":22},"end":{"line":20,"column":56}},"12":{"start":{"line":22,"column":4},"end":{"line":24,"column":5}},"13":{"start":{"line":23,"column":6},"end":{"line":23,"column":14}},"14":{"start":{"line":25,"column":4},"end":{"line":25,"column":43}},"15":{"start":{"line":28,"column":2},"end":{"line":28,"column":15}}},"fnMap":{"0":{"name":"calculateBusinessDays","decl":{"start":{"line":4,"column":16},"end":{"line":4,"column":37}},"loc":{"start":{"line":4,"column":68},"end":{"line":29,"column":1}}}},"branchMap":{"0":{"loc":{"start":{"line":5,"column":2},"end":{"line":7,"column":3}},"type":"if","locations":[{"start":{"line":5,"column":2},"end":{"line":7,"column":3}},{"start":{},"end":{}}]},"1":{"loc":{"start":{"line":20,"column":22},"end":{"line":20,"column":56}},"type":"binary-expr","locations":[{"start":{"line":20,"column":22},"end":{"line":20,"column":37}},{"start":{"line":20,"column":41},"end":{"line":20,"column":56}}]},"2":{"loc":{"start":{"line":22,"column":4},"end":{"line":24,"column":5}},"type":"if","locations":[{"start":{"line":22,"column":4},"end":{"line":24,"column":5}},{"start":{},"end":{}}]}},"s":{"0":3,"1":9,"2":1,"3":8,"4":8,"5":8,"6":8,"7":8,"8":8,"9":8,"10":20,"11":20,"12":20,"13":14,"14":20,"15":8},"f":{"0":9},"b":{"0":[1,8],"1":[20,17],"2":[14,6]}}
,"E:\\Work\\shuja\\wizdaa_home_assesment\\src\\database\\entities\\balance.entity.ts": {"path":"E:\\Work\\shuja\\wizdaa_home_assesment\\src\\database\\entities\\balance.entity.ts","statementMap":{"0":{"start":{"line":1,"column":0},"end":{"line":1,"column":56}},"1":{"start":{"line":4,"column":7},"end":{"line":22,"column":null}},"2":{"start":{"line":4,"column":13},"end":{"line":4,"column":20}},"3":{"start":{"line":6,"column":2},"end":{"line":6,"column":null}},"4":{"start":{"line":9,"column":2},"end":{"line":9,"column":null}},"5":{"start":{"line":12,"column":2},"end":{"line":12,"column":null}},"6":{"start":{"line":15,"column":2},"end":{"line":15,"column":null}},"7":{"start":{"line":18,"column":2},"end":{"line":18,"column":null}},"8":{"start":{"line":21,"column":2},"end":{"line":21,"column":null}},"9":{"start":{"line":4,"column":13},"end":{"line":22,"column":null}}},"fnMap":{},"branchMap":{"0":{"loc":{"start":{"line":21,"column":16},"end":{"line":21,"column":21}},"type":"cond-expr","locations":[{"start":{"line":21,"column":20},"end":{"line":21,"column":21}},{"start":{"line":21,"column":20},"end":{"line":21,"column":21}}]},"1":{"loc":{"start":{"line":21,"column":16},"end":{"line":21,"column":20}},"type":"binary-expr","locations":[{"start":{"line":21,"column":16},"end":{"line":21,"column":21}},{"start":{"line":21,"column":16},"end":{"line":21,"column":20}}]}},"s":{"0":5,"1":5,"2":5,"3":5,"4":5,"5":5,"6":5,"7":5,"8":5,"9":5},"f":{},"b":{"0":[5,0],"1":[5,5]}}
,"E:\\Work\\shuja\\wizdaa_home_assesment\\src\\database\\entities\\sync-log.entity.ts": {"path":"E:\\Work\\shuja\\wizdaa_home_assesment\\src\\database\\entities\\sync-log.entity.ts","statementMap":{"0":{"start":{"line":1,"column":0},"end":{"line":1,"column":null}},"1":{"start":{"line":8,"column":0},"end":{"line":8,"column":null}},"2":{"start":{"line":9,"column":2},"end":{"line":9,"column":null}},"3":{"start":{"line":10,"column":2},"end":{"line":10,"column":null}},"4":{"start":{"line":11,"column":2},"end":{"line":11,"column":null}},"5":{"start":{"line":15,"column":7},"end":{"line":33,"column":null}},"6":{"start":{"line":15,"column":13},"end":{"line":15,"column":20}},"7":{"start":{"line":17,"column":2},"end":{"line":17,"column":null}},"8":{"start":{"line":20,"column":2},"end":{"line":20,"column":null}},"9":{"start":{"line":23,"column":2},"end":{"line":23,"column":23}},"10":{"start":{"line":26,"column":2},"end":{"line":26,"column":18}},"11":{"start":{"line":29,"column":2},"end":{"line":29,"column":18}},"12":{"start":{"line":32,"column":2},"end":{"line":32,"column":null}},"13":{"start":{"line":15,"column":13},"end":{"line":33,"column":null}}},"fnMap":{"0":{"name":"(anonymous_2)","decl":{"start":{"line":8,"column":0},"end":{"line":8,"column":12}},"loc":{"start":{"line":8,"column":23},"end":{"line":12,"column":1}}}},"branchMap":{"0":{"loc":{"start":{"line":8,"column":12},"end":{"line":8,"column":null}},"type":"binary-expr","locations":[{"start":{"line":8,"column":12},"end":{"line":8,"column":23}},{"start":{"line":8,"column":23},"end":{"line":8,"column":null}}]},"1":{"loc":{"start":{"line":32,"column":13},"end":{"line":32,"column":18}},"type":"cond-expr","locations":[{"start":{"line":32,"column":17},"end":{"line":32,"column":18}},{"start":{"line":32,"column":17},"end":{"line":32,"column":18}}]},"2":{"loc":{"start":{"line":32,"column":13},"end":{"line":32,"column":17}},"type":"binary-expr","locations":[{"start":{"line":32,"column":13},"end":{"line":32,"column":18}},{"start":{"line":32,"column":13},"end":{"line":32,"column":17}}]}},"s":{"0":5,"1":5,"2":5,"3":5,"4":5,"5":5,"6":5,"7":5,"8":5,"9":5,"10":5,"11":5,"12":5,"13":5},"f":{"0":5},"b":{"0":[5,5],"1":[5,0],"2":[5,5]}}
,"E:\\Work\\shuja\\wizdaa_home_assesment\\src\\database\\entities\\time-off-request.entity.ts": {"path":"E:\\Work\\shuja\\wizdaa_home_assesment\\src\\database\\entities\\time-off-request.entity.ts","statementMap":{"0":{"start":{"line":1,"column":0},"end":{"line":1,"column":null}},"1":{"start":{"line":8,"column":0},"end":{"line":8,"column":null}},"2":{"start":{"line":9,"column":2},"end":{"line":9,"column":null}},"3":{"start":{"line":10,"column":2},"end":{"line":10,"column":null}},"4":{"start":{"line":11,"column":2},"end":{"line":11,"column":null}},"5":{"start":{"line":12,"column":2},"end":{"line":12,"column":null}},"6":{"start":{"line":16,"column":7},"end":{"line":61,"column":null}},"7":{"start":{"line":16,"column":13},"end":{"line":16,"column":27}},"8":{"start":{"line":18,"column":2},"end":{"line":18,"column":null}},"9":{"start":{"line":21,"column":2},"end":{"line":21,"column":null}},"10":{"start":{"line":24,"column":2},"end":{"line":24,"column":null}},"11":{"start":{"line":27,"column":2},"end":{"line":27,"column":null}},"12":{"start":{"line":30,"column":2},"end":{"line":30,"column":null}},"13":{"start":{"line":33,"column":2},"end":{"line":33,"column":null}},"14":{"start":{"line":36,"column":2},"end":{"line":36,"column":null}},"15":{"start":{"line":42,"column":2},"end":{"line":42,"column":null}},"16":{"start":{"line":45,"column":2},"end":{"line":45,"column":null}},"17":{"start":{"line":48,"column":2},"end":{"line":48,"column":null}},"18":{"start":{"line":51,"column":2},"end":{"line":51,"column":null}},"19":{"start":{"line":54,"column":2},"end":{"line":54,"column":null}},"20":{"start":{"line":57,"column":2},"end":{"line":57,"column":null}},"21":{"start":{"line":60,"column":2},"end":{"line":60,"column":null}},"22":{"start":{"line":16,"column":13},"end":{"line":61,"column":null}}},"fnMap":{"0":{"name":"(anonymous_2)","decl":{"start":{"line":8,"column":0},"end":{"line":8,"column":12}},"loc":{"start":{"line":8,"column":25},"end":{"line":13,"column":1}}}},"branchMap":{"0":{"loc":{"start":{"line":8,"column":12},"end":{"line":8,"column":null}},"type":"binary-expr","locations":[{"start":{"line":8,"column":12},"end":{"line":8,"column":25}},{"start":{"line":8,"column":25},"end":{"line":8,"column":null}}]},"1":{"loc":{"start":{"line":45,"column":15},"end":{"line":45,"column":20}},"type":"cond-expr","locations":[{"start":{"line":45,"column":19},"end":{"line":45,"column":20}},{"start":{"line":45,"column":19},"end":{"line":45,"column":20}}]},"2":{"loc":{"start":{"line":45,"column":15},"end":{"line":45,"column":19}},"type":"binary-expr","locations":[{"start":{"line":45,"column":15},"end":{"line":45,"column":20}},{"start":{"line":45,"column":15},"end":{"line":45,"column":19}}]},"3":{"loc":{"start":{"line":48,"column":14},"end":{"line":48,"column":19}},"type":"cond-expr","locations":[{"start":{"line":48,"column":18},"end":{"line":48,"column":19}},{"start":{"line":48,"column":18},"end":{"line":48,"column":19}}]},"4":{"loc":{"start":{"line":48,"column":14},"end":{"line":48,"column":18}},"type":"binary-expr","locations":[{"start":{"line":48,"column":14},"end":{"line":48,"column":19}},{"start":{"line":48,"column":14},"end":{"line":48,"column":18}}]}},"s":{"0":5,"1":5,"2":5,"3":5,"4":5,"5":5,"6":5,"7":5,"8":5,"9":5,"10":5,"11":5,"12":5,"13":5,"14":5,"15":5,"16":5,"17":5,"18":5,"19":5,"20":5,"21":5,"22":5},"f":{"0":5},"b":{"0":[5,5],"1":[5,0],"2":[5,5],"3":[5,0],"4":[5,5]}}
,"E:\\Work\\shuja\\wizdaa_home_assesment\\src\\hcm\\hcm.adapter.ts": {"path":"E:\\Work\\shuja\\wizdaa_home_assesment\\src\\hcm\\hcm.adapter.ts","statementMap":{"0":{"start":{"line":1,"column":0},"end":{"line":1,"column":null}},"1":{"start":{"line":6,"column":0},"end":{"line":6,"column":47}},"2":{"start":{"line":9,"column":23},"end":{"line":103,"column":null}},"3":{"start":{"line":10,"column":28},"end":{"line":10,"column":55}},"4":{"start":{"line":13,"column":31},"end":{"line":13,"column":46}},"5":{"start":{"line":14,"column":4},"end":{"line":17,"column":6}},"6":{"start":{"line":21,"column":23},"end":{"line":21,"column":44}},"7":{"start":{"line":22,"column":15},"end":{"line":22,"column":62}},"8":{"start":{"line":22,"column":32},"end":{"line":22,"column":50}},"9":{"start":{"line":23,"column":4},"end":{"line":38,"column":5}},"10":{"start":{"line":24,"column":23},"end":{"line":27,"column":8}},"11":{"start":{"line":28,"column":6},"end":{"line":28,"column":23}},"12":{"start":{"line":29,"column":6},"end":{"line":29,"column":22}},"13":{"start":{"line":31,"column":6},"end":{"line":31,"column":23}},"14":{"start":{"line":32,"column":6},"end":{"line":34,"column":7}},"15":{"start":{"line":33,"column":8},"end":{"line":33,"column":68}},"16":{"start":{"line":35,"column":6},"end":{"line":37,"column":8}},"17":{"start":{"line":42,"column":4},"end":{"line":44,"column":6}},"18":{"start":{"line":45,"column":18},"end":{"line":45,"column":36}},"19":{"start":{"line":46,"column":27},"end":{"line":46,"column":29}},"20":{"start":{"line":47,"column":4},"end":{"line":56,"column":5}},"21":{"start":{"line":48,"column":18},"end":{"line":50,"column":null}},"22":{"start":{"line":52,"column":6},"end":{"line":55,"column":7}},"23":{"start":{"line":53,"column":21},"end":{"line":53,"column":37}},"24":{"start":{"line":54,"column":8},"end":{"line":54,"column":27}},"25":{"start":{"line":57,"column":4},"end":{"line":57,"column":19}},"26":{"start":{"line":66,"column":4},"end":{"line":66,"column":72}},"27":{"start":{"line":67,"column":16},"end":{"line":73,"column":null}},"28":{"start":{"line":75,"column":17},"end":{"line":75,"column":33}},"29":{"start":{"line":76,"column":4},"end":{"line":78,"column":5}},"30":{"start":{"line":77,"column":6},"end":{"line":77,"column":76}},"31":{"start":{"line":79,"column":4},"end":{"line":79,"column":16}},"32":{"start":{"line":88,"column":4},"end":{"line":88,"column":71}},"33":{"start":{"line":89,"column":16},"end":{"line":95,"column":null}},"34":{"start":{"line":97,"column":17},"end":{"line":97,"column":33}},"35":{"start":{"line":98,"column":4},"end":{"line":100,"column":5}},"36":{"start":{"line":99,"column":6},"end":{"line":99,"column":77}},"37":{"start":{"line":101,"column":4},"end":{"line":101,"column":16}},"38":{"start":{"line":9,"column":13},"end":{"line":9,"column":23}},"39":{"start":{"line":9,"column":13},"end":{"line":103,"column":null}}},"fnMap":{"0":{"name":"(anonymous_2)","decl":{"start":{"line":13,"column":2},"end":{"line":13,"column":31}},"loc":{"start":{"line":13,"column":59},"end":{"line":18,"column":3}}},"1":{"name":"(anonymous_3)","decl":{"start":{"line":20,"column":10},"end":{"line":20,"column":15}},"loc":{"start":{"line":20,"column":76},"end":{"line":39,"column":3}}},"2":{"name":"(anonymous_4)","decl":{"start":{"line":22,"column":26},"end":{"line":22,"column":29}},"loc":{"start":{"line":22,"column":32},"end":{"line":22,"column":50}}},"3":{"name":"(anonymous_5)","decl":{"start":{"line":41,"column":2},"end":{"line":41,"column":7}},"loc":{"start":{"line":41,"column":57},"end":{"line":58,"column":3}}},"4":{"name":"(anonymous_6)","decl":{"start":{"line":60,"column":2},"end":{"line":60,"column":7}},"loc":{"start":{"line":64,"column":16},"end":{"line":80,"column":3}}},"5":{"name":"(anonymous_7)","decl":{"start":{"line":82,"column":2},"end":{"line":82,"column":7}},"loc":{"start":{"line":86,"column":16},"end":{"line":102,"column":3}}}},"branchMap":{"0":{"loc":{"start":{"line":20,"column":60},"end":{"line":20,"column":76}},"type":"default-arg","locations":[{"start":{"line":20,"column":72},"end":{"line":20,"column":76}}]},"1":{"loc":{"start":{"line":32,"column":6},"end":{"line":34,"column":7}},"type":"if","locations":[{"start":{"line":32,"column":6},"end":{"line":34,"column":7}},{"start":{},"end":{}}]},"2":{"loc":{"start":{"line":52,"column":6},"end":{"line":55,"column":7}},"type":"if","locations":[{"start":{"line":52,"column":6},"end":{"line":55,"column":7}},{"start":{},"end":{}}]},"3":{"loc":{"start":{"line":76,"column":4},"end":{"line":78,"column":5}},"type":"if","locations":[{"start":{"line":76,"column":4},"end":{"line":78,"column":5}},{"start":{},"end":{}}]},"4":{"loc":{"start":{"line":76,"column":8},"end":{"line":76,"column":32}},"type":"binary-expr","locations":[{"start":{"line":76,"column":8},"end":{"line":76,"column":15}},{"start":{"line":76,"column":19},"end":{"line":76,"column":32}}]},"5":{"loc":{"start":{"line":77,"column":38},"end":{"line":77,"column":73}},"type":"binary-expr","locations":[{"start":{"line":77,"column":38},"end":{"line":77,"column":48}},{"start":{"line":77,"column":52},"end":{"line":77,"column":73}}]},"6":{"loc":{"start":{"line":98,"column":4},"end":{"line":100,"column":5}},"type":"if","locations":[{"start":{"line":98,"column":4},"end":{"line":100,"column":5}},{"start":{},"end":{}}]},"7":{"loc":{"start":{"line":98,"column":8},"end":{"line":98,"column":32}},"type":"binary-expr","locations":[{"start":{"line":98,"column":8},"end":{"line":98,"column":15}},{"start":{"line":98,"column":19},"end":{"line":98,"column":32}}]},"8":{"loc":{"start":{"line":99,"column":38},"end":{"line":99,"column":74}},"type":"binary-expr","locations":[{"start":{"line":99,"column":38},"end":{"line":99,"column":48}},{"start":{"line":99,"column":52},"end":{"line":99,"column":74}}]},"9":{"loc":{"start":{"line":13,"column":46},"end":{"line":13,"column":null}},"type":"cond-expr","locations":[{"start":{"line":13,"column":59},"end":{"line":13,"column":null}},{"start":{"line":13,"column":59},"end":{"line":13,"column":null}}]},"10":{"loc":{"start":{"line":13,"column":46},"end":{"line":13,"column":59}},"type":"binary-expr","locations":[{"start":{"line":13,"column":46},"end":{"line":13,"column":null}},{"start":{"line":13,"column":46},"end":{"line":13,"column":59}}]}},"s":{"0":6,"1":6,"2":6,"3":2,"4":2,"5":2,"6":2,"7":2,"8":0,"9":2,"10":2,"11":2,"12":2,"13":0,"14":0,"15":0,"16":0,"17":1,"18":1,"19":1,"20":1,"21":2,"22":2,"23":2,"24":2,"25":1,"26":0,"27":0,"28":0,"29":0,"30":0,"31":0,"32":0,"33":0,"34":0,"35":0,"36":0,"37":0,"38":6,"39":6},"f":{"0":2,"1":2,"2":0,"3":1,"4":0,"5":0},"b":{"0":[2],"1":[0,0],"2":[2,0],"3":[0,0],"4":[0,0],"5":[0,0],"6":[0,0],"7":[0,0],"8":[0,0],"9":[6,0],"10":[6,6]}}
,"E:\\Work\\shuja\\wizdaa_home_assesment\\src\\hcm\\hcm.module.ts": {"path":"E:\\Work\\shuja\\wizdaa_home_assesment\\src\\hcm\\hcm.module.ts","statementMap":{"0":{"start":{"line":1,"column":0},"end":{"line":1,"column":40}},"1":{"start":{"line":2,"column":0},"end":{"line":2,"column":43}},"2":{"start":{"line":8,"column":7},"end":{"line":8,"column":null}},"3":{"start":{"line":8,"column":13},"end":{"line":8,"column":22}},"4":{"start":{"line":8,"column":13},"end":{"line":8,"column":null}}},"fnMap":{},"branchMap":{},"s":{"0":0,"1":0,"2":0,"3":0,"4":0},"f":{},"b":{}}
,"E:\\Work\\shuja\\wizdaa_home_assesment\\src\\hcm\\dto\\hcm-batch.dto.ts": {"path":"E:\\Work\\shuja\\wizdaa_home_assesment\\src\\hcm\\dto\\hcm-batch.dto.ts","statementMap":{"0":{"start":{"line":1,"column":0},"end":{"line":1,"column":null}},"1":{"start":{"line":8,"column":0},"end":{"line":8,"column":41}},"2":{"start":{"line":10,"column":0},"end":{"line":10,"column":13}},"3":{"start":{"line":13,"column":2},"end":{"line":13,"column":null}},"4":{"start":{"line":17,"column":2},"end":{"line":17,"column":null}},"5":{"start":{"line":21,"column":2},"end":{"line":21,"column":null}},"6":{"start":{"line":24,"column":2},"end":{"line":24,"column":null}},"7":{"start":{"line":28,"column":2},"end":{"line":28,"column":null}},"8":{"start":{"line":31,"column":0},"end":{"line":31,"column":13}},"9":{"start":{"line":35,"column":2},"end":{"line":35,"column":null}},"10":{"start":{"line":34,"column":14},"end":{"line":34,"column":33}}},"fnMap":{"0":{"name":"(anonymous_2)","decl":{"start":{"line":34,"column":8},"end":{"line":34,"column":11}},"loc":{"start":{"line":34,"column":14},"end":{"line":34,"column":33}}}},"branchMap":{},"s":{"0":1,"1":1,"2":1,"3":1,"4":1,"5":1,"6":1,"7":1,"8":1,"9":1,"10":0},"f":{"0":0},"b":{}}
,"E:\\Work\\shuja\\wizdaa_home_assesment\\src\\requests\\requests.controller.ts": {"path":"E:\\Work\\shuja\\wizdaa_home_assesment\\src\\requests\\requests.controller.ts","statementMap":{"0":{"start":{"line":1,"column":0},"end":{"line":1,"column":null}},"1":{"start":{"line":13,"column":0},"end":{"line":13,"column":53}},"2":{"start":{"line":14,"column":0},"end":{"line":14,"column":60}},"3":{"start":{"line":15,"column":0},"end":{"line":15,"column":77}},"4":{"start":{"line":16,"column":0},"end":{"line":16,"column":56}},"5":{"start":{"line":17,"column":0},"end":{"line":17,"column":58}},"6":{"start":{"line":18,"column":0},"end":{"line":18,"column":61}},"7":{"start":{"line":19,"column":0},"end":{"line":19,"column":45}},"8":{"start":{"line":20,"column":0},"end":{"line":20,"column":83}},"9":{"start":{"line":24,"column":7},"end":{"line":82,"column":null}},"10":{"start":{"line":25,"column":31},"end":{"line":25,"column":48}},"11":{"start":{"line":35,"column":4},"end":{"line":39,"column":5}},"12":{"start":{"line":36,"column":6},"end":{"line":38,"column":8}},"13":{"start":{"line":40,"column":4},"end":{"line":40,"column":64}},"14":{"start":{"line":50,"column":4},"end":{"line":54,"column":5}},"15":{"start":{"line":51,"column":6},"end":{"line":53,"column":8}},"16":{"start":{"line":55,"column":4},"end":{"line":55,"column":60}},"17":{"start":{"line":61,"column":4},"end":{"line":61,"column":44}},"18":{"start":{"line":67,"column":4},"end":{"line":67,"column":62}},"19":{"start":{"line":73,"column":4},"end":{"line":73,"column":61}},"20":{"start":{"line":80,"column":4},"end":{"line":80,"column":50}},"21":{"start":{"line":24,"column":13},"end":{"line":24,"column":31}},"22":{"start":{"line":31,"column":8},"end":{"line":41,"column":null}},"23":{"start":{"line":45,"column":8},"end":{"line":56,"column":null}},"24":{"start":{"line":60,"column":8},"end":{"line":62,"column":null}},"25":{"start":{"line":66,"column":8},"end":{"line":68,"column":null}},"26":{"start":{"line":72,"column":8},"end":{"line":74,"column":null}},"27":{"start":{"line":78,"column":8},"end":{"line":81,"column":null}},"28":{"start":{"line":24,"column":13},"end":{"line":82,"column":null}}},"fnMap":{"0":{"name":"(anonymous_4)","decl":{"start":{"line":25,"column":2},"end":{"line":25,"column":31}},"loc":{"start":{"line":25,"column":63},"end":{"line":25,"column":67}}},"1":{"name":"(anonymous_5)","decl":{"start":{"line":31,"column":8},"end":{"line":31,"column":14}},"loc":{"start":{"line":33,"column":23},"end":{"line":41,"column":3}}},"2":{"name":"(anonymous_6)","decl":{"start":{"line":45,"column":8},"end":{"line":45,"column":15}},"loc":{"start":{"line":48,"column":24},"end":{"line":56,"column":3}}},"3":{"name":"(anonymous_7)","decl":{"start":{"line":60,"column":8},"end":{"line":60,"column":15}},"loc":{"start":{"line":60,"column":39},"end":{"line":62,"column":3}}},"4":{"name":"(anonymous_8)","decl":{"start":{"line":66,"column":8},"end":{"line":66,"column":15}},"loc":{"start":{"line":66,"column":77},"end":{"line":68,"column":3}}},"5":{"name":"(anonymous_9)","decl":{"start":{"line":72,"column":8},"end":{"line":72,"column":14}},"loc":{"start":{"line":72,"column":76},"end":{"line":74,"column":3}}},"6":{"name":"(anonymous_10)","decl":{"start":{"line":78,"column":8},"end":{"line":78,"column":14}},"loc":{"start":{"line":78,"column":38},"end":{"line":81,"column":3}}}},"branchMap":{"0":{"loc":{"start":{"line":35,"column":4},"end":{"line":39,"column":5}},"type":"if","locations":[{"start":{"line":35,"column":4},"end":{"line":39,"column":5}},{"start":{},"end":{}}]},"1":{"loc":{"start":{"line":50,"column":4},"end":{"line":54,"column":5}},"type":"if","locations":[{"start":{"line":50,"column":4},"end":{"line":54,"column":5}},{"start":{},"end":{}}]},"2":{"loc":{"start":{"line":50,"column":8},"end":{"line":50,"column":67}},"type":"binary-expr","locations":[{"start":{"line":50,"column":8},"end":{"line":50,"column":36}},{"start":{"line":50,"column":40},"end":{"line":50,"column":67}}]},"3":{"loc":{"start":{"line":32,"column":30},"end":{"line":32,"column":null}},"type":"cond-expr","locations":[{"start":{"line":32,"column":46},"end":{"line":32,"column":null}},{"start":{"line":32,"column":46},"end":{"line":32,"column":null}}]},"4":{"loc":{"start":{"line":32,"column":30},"end":{"line":32,"column":46}},"type":"binary-expr","locations":[{"start":{"line":32,"column":30},"end":{"line":32,"column":null}},{"start":{"line":32,"column":30},"end":{"line":32,"column":46}}]},"5":{"loc":{"start":{"line":47,"column":30},"end":{"line":47,"column":null}},"type":"cond-expr","locations":[{"start":{"line":47,"column":43},"end":{"line":47,"column":null}},{"start":{"line":47,"column":43},"end":{"line":47,"column":null}}]},"6":{"loc":{"start":{"line":47,"column":30},"end":{"line":47,"column":43}},"type":"binary-expr","locations":[{"start":{"line":47,"column":30},"end":{"line":47,"column":null}},{"start":{"line":47,"column":30},"end":{"line":47,"column":43}}]},"7":{"loc":{"start":{"line":25,"column":48},"end":{"line":25,"column":66}},"type":"cond-expr","locations":[{"start":{"line":25,"column":63},"end":{"line":25,"column":66}},{"start":{"line":25,"column":63},"end":{"line":25,"column":66}}]},"8":{"loc":{"start":{"line":25,"column":48},"end":{"line":25,"column":63}},"type":"binary-expr","locations":[{"start":{"line":25,"column":48},"end":{"line":25,"column":66}},{"start":{"line":25,"column":48},"end":{"line":25,"column":63}}]}},"s":{"0":1,"1":1,"2":1,"3":1,"4":1,"5":1,"6":1,"7":1,"8":1,"9":1,"10":2,"11":0,"12":0,"13":0,"14":1,"15":0,"16":1,"17":0,"18":1,"19":0,"20":0,"21":1,"22":1,"23":1,"24":1,"25":1,"26":1,"27":1,"28":1},"f":{"0":2,"1":0,"2":1,"3":0,"4":1,"5":0,"6":0},"b":{"0":[0,0],"1":[0,1],"2":[1,0],"3":[1,0],"4":[1,1],"5":[0,1],"6":[1,1],"7":[1,0],"8":[1,1]}}
,"E:\\Work\\shuja\\wizdaa_home_assesment\\src\\requests\\requests.module.ts": {"path":"E:\\Work\\shuja\\wizdaa_home_assesment\\src\\requests\\requests.module.ts","statementMap":{"0":{"start":{"line":1,"column":0},"end":{"line":1,"column":40}},"1":{"start":{"line":2,"column":0},"end":{"line":2,"column":48}},"2":{"start":{"line":3,"column":0},"end":{"line":3,"column":78}},"3":{"start":{"line":4,"column":0},"end":{"line":4,"column":53}},"4":{"start":{"line":5,"column":0},"end":{"line":5,"column":59}},"5":{"start":{"line":6,"column":0},"end":{"line":6,"column":61}},"6":{"start":{"line":14,"column":7},"end":{"line":14,"column":null}},"7":{"start":{"line":14,"column":13},"end":{"line":14,"column":27}},"8":{"start":{"line":14,"column":13},"end":{"line":14,"column":null}}},"fnMap":{},"branchMap":{},"s":{"0":0,"1":0,"2":0,"3":0,"4":0,"5":0,"6":0,"7":0,"8":0},"f":{},"b":{}}
,"E:\\Work\\shuja\\wizdaa_home_assesment\\src\\requests\\requests.service.ts": {"path":"E:\\Work\\shuja\\wizdaa_home_assesment\\src\\requests\\requests.service.ts","statementMap":{"0":{"start":{"line":1,"column":0},"end":{"line":1,"column":73}},"1":{"start":{"line":2,"column":0},"end":{"line":2,"column":51}},"2":{"start":{"line":3,"column":0},"end":{"line":3,"column":37}},"3":{"start":{"line":4,"column":0},"end":{"line":4,"column":null}},"4":{"start":{"line":9,"column":0},"end":{"line":9,"column":67}},"5":{"start":{"line":10,"column":0},"end":{"line":10,"column":63}},"6":{"start":{"line":13,"column":28},"end":{"line":194,"column":null}},"7":{"start":{"line":14,"column":28},"end":{"line":14,"column":60}},"8":{"start":{"line":18,"column":21},"end":{"line":18,"column":40}},"9":{"start":{"line":19,"column":21},"end":{"line":19,"column":38}},"10":{"start":{"line":23,"column":22},"end":{"line":23,"column":45}},"11":{"start":{"line":24,"column":20},"end":{"line":24,"column":41}},"12":{"start":{"line":26,"column":4},"end":{"line":28,"column":5}},"13":{"start":{"line":27,"column":6},"end":{"line":27,"column":75}},"14":{"start":{"line":30,"column":17},"end":{"line":30,"column":58}},"15":{"start":{"line":31,"column":4},"end":{"line":35,"column":5}},"16":{"start":{"line":32,"column":6},"end":{"line":34,"column":8}},"17":{"start":{"line":38,"column":21},"end":{"line":40,"column":null}},"18":{"start":{"line":42,"column":20},"end":{"line":42,"column":71}},"19":{"start":{"line":42,"column":41},"end":{"line":42,"column":70}},"20":{"start":{"line":44,"column":4},"end":{"line":48,"column":5}},"21":{"start":{"line":45,"column":6},"end":{"line":47,"column":8}},"22":{"start":{"line":50,"column":20},"end":{"line":54,"column":6}},"23":{"start":{"line":56,"column":4},"end":{"line":56,"column":48}},"24":{"start":{"line":63,"column":23},"end":{"line":63,"column":25}},"25":{"start":{"line":64,"column":4},"end":{"line":64,"column":50}},"26":{"start":{"line":64,"column":20},"end":{"line":64,"column":50}},"27":{"start":{"line":65,"column":4},"end":{"line":65,"column":38}},"28":{"start":{"line":65,"column":16},"end":{"line":65,"column":38}},"29":{"start":{"line":67,"column":4},"end":{"line":70,"column":7}},"30":{"start":{"line":74,"column":20},"end":{"line":74,"column":75}},"31":{"start":{"line":75,"column":4},"end":{"line":77,"column":5}},"32":{"start":{"line":76,"column":6},"end":{"line":76,"column":57}},"33":{"start":{"line":78,"column":4},"end":{"line":78,"column":19}},"34":{"start":{"line":82,"column":20},"end":{"line":82,"column":42}},"35":{"start":{"line":83,"column":4},"end":{"line":87,"column":5}},"36":{"start":{"line":84,"column":6},"end":{"line":86,"column":8}},"37":{"start":{"line":90,"column":21},"end":{"line":92,"column":null}},"38":{"start":{"line":94,"column":20},"end":{"line":94,"column":75}},"39":{"start":{"line":94,"column":41},"end":{"line":94,"column":74}},"40":{"start":{"line":97,"column":4},"end":{"line":101,"column":5}},"41":{"start":{"line":98,"column":6},"end":{"line":100,"column":8}},"42":{"start":{"line":104,"column":4},"end":{"line":125,"column":5}},"43":{"start":{"line":105,"column":24},"end":{"line":109,"column":null}},"44":{"start":{"line":112,"column":6},"end":{"line":120,"column":7}},"45":{"start":{"line":113,"column":8},"end":{"line":113,"column":48}},"46":{"start":{"line":114,"column":8},"end":{"line":114,"column":38}},"47":{"start":{"line":115,"column":8},"end":{"line":115,"column":40}},"48":{"start":{"line":116,"column":8},"end":{"line":116,"column":36}},"49":{"start":{"line":118,"column":8},"end":{"line":118,"column":65}},"50":{"start":{"line":119,"column":8},"end":{"line":119,"column":56}},"51":{"start":{"line":122,"column":6},"end":{"line":122,"column":39}},"52":{"start":{"line":123,"column":6},"end":{"line":123,"column":49}},"53":{"start":{"line":124,"column":6},"end":{"line":124,"column":18}},"54":{"start":{"line":127,"column":4},"end":{"line":127,"column":48}},"55":{"start":{"line":131,"column":20},"end":{"line":131,"column":42}},"56":{"start":{"line":132,"column":4},"end":{"line":136,"column":5}},"57":{"start":{"line":133,"column":6},"end":{"line":135,"column":8}},"58":{"start":{"line":138,"column":4},"end":{"line":138,"column":44}},"59":{"start":{"line":139,"column":4},"end":{"line":139,"column":34}},"60":{"start":{"line":140,"column":4},"end":{"line":140,"column":36}},"61":{"start":{"line":142,"column":4},"end":{"line":142,"column":48}},"62":{"start":{"line":146,"column":20},"end":{"line":146,"column":42}},"63":{"start":{"line":148,"column":4},"end":{"line":150,"column":5}},"64":{"start":{"line":149,"column":6},"end":{"line":149,"column":21}},"65":{"start":{"line":152,"column":4},"end":{"line":154,"column":5}},"66":{"start":{"line":153,"column":6},"end":{"line":153,"column":72}},"67":{"start":{"line":156,"column":4},"end":{"line":189,"column":5}},"68":{"start":{"line":158,"column":25},"end":{"line":158,"column":27}},"69":{"start":{"line":160,"column":8},"end":{"line":161,"column":24}},"70":{"start":{"line":163,"column":6},"end":{"line":167,"column":7}},"71":{"start":{"line":164,"column":8},"end":{"line":166,"column":10}},"72":{"start":{"line":170,"column":6},"end":{"line":188,"column":7}},"73":{"start":{"line":171,"column":26},"end":{"line":175,"column":null}},"74":{"start":{"line":178,"column":8},"end":{"line":183,"column":9}},"75":{"start":{"line":179,"column":10},"end":{"line":181,"column":12}},"76":{"start":{"line":185,"column":8},"end":{"line":187,"column":10}},"77":{"start":{"line":191,"column":4},"end":{"line":191,"column":45}},"78":{"start":{"line":192,"column":4},"end":{"line":192,"column":48}},"79":{"start":{"line":13,"column":13},"end":{"line":13,"column":28}},"80":{"start":{"line":13,"column":13},"end":{"line":194,"column":null}}},"fnMap":{"0":{"name":"(anonymous_4)","decl":{"start":{"line":16,"column":2},"end":{"line":16,"column":null}},"loc":{"start":{"line":19,"column":53},"end":{"line":20,"column":6}}},"1":{"name":"(anonymous_5)","decl":{"start":{"line":22,"column":2},"end":{"line":22,"column":7}},"loc":{"start":{"line":22,"column":43},"end":{"line":57,"column":3}}},"2":{"name":"(anonymous_6)","decl":{"start":{"line":42,"column":34},"end":{"line":42,"column":35}},"loc":{"start":{"line":42,"column":41},"end":{"line":42,"column":70}}},"3":{"name":"(anonymous_7)","decl":{"start":{"line":59,"column":2},"end":{"line":59,"column":7}},"loc":{"start":{"line":61,"column":26},"end":{"line":71,"column":3}}},"4":{"name":"(anonymous_8)","decl":{"start":{"line":73,"column":2},"end":{"line":73,"column":7}},"loc":{"start":{"line":73,"column":26},"end":{"line":79,"column":3}}},"5":{"name":"(anonymous_9)","decl":{"start":{"line":81,"column":2},"end":{"line":81,"column":7}},"loc":{"start":{"line":81,"column":52},"end":{"line":128,"column":3}}},"6":{"name":"(anonymous_10)","decl":{"start":{"line":94,"column":34},"end":{"line":94,"column":35}},"loc":{"start":{"line":94,"column":41},"end":{"line":94,"column":74}}},"7":{"name":"(anonymous_11)","decl":{"start":{"line":130,"column":2},"end":{"line":130,"column":7}},"loc":{"start":{"line":130,"column":51},"end":{"line":143,"column":3}}},"8":{"name":"(anonymous_12)","decl":{"start":{"line":145,"column":2},"end":{"line":145,"column":7}},"loc":{"start":{"line":145,"column":32},"end":{"line":193,"column":3}}}},"branchMap":{"0":{"loc":{"start":{"line":26,"column":4},"end":{"line":28,"column":5}},"type":"if","locations":[{"start":{"line":26,"column":4},"end":{"line":28,"column":5}},{"start":{},"end":{}}]},"1":{"loc":{"start":{"line":31,"column":4},"end":{"line":35,"column":5}},"type":"if","locations":[{"start":{"line":31,"column":4},"end":{"line":35,"column":5}},{"start":{},"end":{}}]},"2":{"loc":{"start":{"line":44,"column":4},"end":{"line":48,"column":5}},"type":"if","locations":[{"start":{"line":44,"column":4},"end":{"line":48,"column":5}},{"start":{},"end":{}}]},"3":{"loc":{"start":{"line":44,"column":8},"end":{"line":44,"column":42}},"type":"binary-expr","locations":[{"start":{"line":44,"column":8},"end":{"line":44,"column":16}},{"start":{"line":44,"column":20},"end":{"line":44,"column":42}}]},"4":{"loc":{"start":{"line":46,"column":80},"end":{"line":46,"column":101}},"type":"binary-expr","locations":[{"start":{"line":46,"column":80},"end":{"line":46,"column":96}},{"start":{"line":46,"column":100},"end":{"line":46,"column":101}}]},"5":{"loc":{"start":{"line":64,"column":4},"end":{"line":64,"column":50}},"type":"if","locations":[{"start":{"line":64,"column":4},"end":{"line":64,"column":50}},{"start":{},"end":{}}]},"6":{"loc":{"start":{"line":65,"column":4},"end":{"line":65,"column":38}},"type":"if","locations":[{"start":{"line":65,"column":4},"end":{"line":65,"column":38}},{"start":{},"end":{}}]},"7":{"loc":{"start":{"line":75,"column":4},"end":{"line":77,"column":5}},"type":"if","locations":[{"start":{"line":75,"column":4},"end":{"line":77,"column":5}},{"start":{},"end":{}}]},"8":{"loc":{"start":{"line":83,"column":4},"end":{"line":87,"column":5}},"type":"if","locations":[{"start":{"line":83,"column":4},"end":{"line":87,"column":5}},{"start":{},"end":{}}]},"9":{"loc":{"start":{"line":97,"column":4},"end":{"line":101,"column":5}},"type":"if","locations":[{"start":{"line":97,"column":4},"end":{"line":101,"column":5}},{"start":{},"end":{}}]},"10":{"loc":{"start":{"line":97,"column":8},"end":{"line":97,"column":50}},"type":"binary-expr","locations":[{"start":{"line":97,"column":8},"end":{"line":97,"column":16}},{"start":{"line":97,"column":20},"end":{"line":97,"column":50}}]},"11":{"loc":{"start":{"line":99,"column":72},"end":{"line":99,"column":93}},"type":"binary-expr","locations":[{"start":{"line":99,"column":72},"end":{"line":99,"column":88}},{"start":{"line":99,"column":92},"end":{"line":99,"column":93}}]},"12":{"loc":{"start":{"line":112,"column":6},"end":{"line":120,"column":7}},"type":"if","locations":[{"start":{"line":112,"column":6},"end":{"line":120,"column":7}},{"start":{"line":117,"column":13},"end":{"line":120,"column":7}}]},"13":{"loc":{"start":{"line":132,"column":4},"end":{"line":136,"column":5}},"type":"if","locations":[{"start":{"line":132,"column":4},"end":{"line":136,"column":5}},{"start":{},"end":{}}]},"14":{"loc":{"start":{"line":148,"column":4},"end":{"line":150,"column":5}},"type":"if","locations":[{"start":{"line":148,"column":4},"end":{"line":150,"column":5}},{"start":{},"end":{}}]},"15":{"loc":{"start":{"line":152,"column":4},"end":{"line":154,"column":5}},"type":"if","locations":[{"start":{"line":152,"column":4},"end":{"line":154,"column":5}},{"start":{},"end":{}}]},"16":{"loc":{"start":{"line":156,"column":4},"end":{"line":189,"column":5}},"type":"if","locations":[{"start":{"line":156,"column":4},"end":{"line":189,"column":5}},{"start":{},"end":{}}]},"17":{"loc":{"start":{"line":163,"column":6},"end":{"line":167,"column":7}},"type":"if","locations":[{"start":{"line":163,"column":6},"end":{"line":167,"column":7}},{"start":{},"end":{}}]},"18":{"loc":{"start":{"line":178,"column":8},"end":{"line":183,"column":9}},"type":"if","locations":[{"start":{"line":178,"column":8},"end":{"line":183,"column":9}},{"start":{},"end":{}}]},"19":{"loc":{"start":{"line":18,"column":40},"end":{"line":18,"column":66}},"type":"cond-expr","locations":[{"start":{"line":18,"column":50},"end":{"line":18,"column":66}},{"start":{"line":18,"column":50},"end":{"line":18,"column":66}}]},"20":{"loc":{"start":{"line":18,"column":40},"end":{"line":18,"column":50}},"type":"binary-expr","locations":[{"start":{"line":18,"column":40},"end":{"line":18,"column":66}},{"start":{"line":18,"column":40},"end":{"line":18,"column":50}}]},"21":{"loc":{"start":{"line":18,"column":50},"end":{"line":19,"column":null}},"type":"cond-expr","locations":[{"start":{"line":19,"column":53},"end":{"line":19,"column":null}},{"start":{"line":19,"column":53},"end":{"line":19,"column":null}}]},"22":{"loc":{"start":{"line":18,"column":50},"end":{"line":19,"column":53}},"type":"binary-expr","locations":[{"start":{"line":18,"column":50},"end":{"line":19,"column":null}},{"start":{"line":19,"column":38},"end":{"line":19,"column":53}}]}},"s":{"0":2,"1":2,"2":2,"3":2,"4":2,"5":2,"6":2,"7":10,"8":10,"9":10,"10":4,"11":4,"12":4,"13":0,"14":4,"15":4,"16":1,"17":3,"18":3,"19":3,"20":3,"21":1,"22":2,"23":2,"24":1,"25":1,"26":1,"27":1,"28":0,"29":1,"30":5,"31":5,"32":0,"33":5,"34":3,"35":3,"36":1,"37":2,"38":2,"39":2,"40":2,"41":1,"42":1,"43":1,"44":1,"45":1,"46":1,"47":1,"48":1,"49":0,"50":0,"51":0,"52":0,"53":0,"54":1,"55":1,"56":1,"57":0,"58":1,"59":1,"60":1,"61":1,"62":1,"63":1,"64":0,"65":1,"66":0,"67":1,"68":1,"69":1,"70":1,"71":1,"72":0,"73":0,"74":0,"75":0,"76":0,"77":0,"78":0,"79":2,"80":2},"f":{"0":10,"1":4,"2":3,"3":1,"4":5,"5":3,"6":2,"7":1,"8":1},"b":{"0":[0,4],"1":[1,3],"2":[1,2],"3":[3,3],"4":[1,0],"5":[1,0],"6":[0,1],"7":[0,5],"8":[1,2],"9":[1,1],"10":[2,1],"11":[1,1],"12":[1,0],"13":[0,1],"14":[0,1],"15":[0,1],"16":[1,0],"17":[1,0],"18":[0,0],"19":[2,0],"20":[2,2],"21":[2,0],"22":[2,2]}}
,"E:\\Work\\shuja\\wizdaa_home_assesment\\src\\requests\\dto\\create-request.dto.ts": {"path":"E:\\Work\\shuja\\wizdaa_home_assesment\\src\\requests\\dto\\create-request.dto.ts","statementMap":{"0":{"start":{"line":1,"column":0},"end":{"line":1,"column":77}},"1":{"start":{"line":3,"column":0},"end":{"line":3,"column":13}},"2":{"start":{"line":6,"column":2},"end":{"line":6,"column":null}},"3":{"start":{"line":10,"column":2},"end":{"line":10,"column":null}},"4":{"start":{"line":14,"column":2},"end":{"line":14,"column":null}},"5":{"start":{"line":18,"column":2},"end":{"line":18,"column":null}},"6":{"start":{"line":22,"column":2},"end":{"line":22,"column":null}}},"fnMap":{},"branchMap":{},"s":{"0":2,"1":2,"2":2,"3":2,"4":2,"5":2,"6":2},"f":{},"b":{}}
}
