TN:
SF:src\app.controller.ts
FN:6,(anonymous_2)
FN:9,(anonymous_3)
FNF:2
FNH:2
FNDA:1,(anonymous_2)
FNDA:1,(anonymous_3)
DA:1,1
DA:2,1
DA:5,1
DA:6,1
DA:9,1
DA:10,1
LF:6
LH:6
BRDA:6,0,0,1
BRDA:6,0,1,0
BRDA:6,1,0,1
BRDA:6,1,1,1
BRF:4
BRH:3
end_of_record
TN:
SF:src\app.module.ts
FN:62,(anonymous_1)
FN:79,(anonymous_2)
FNF:2
FNH:0
FNDA:0,(anonymous_1)
FNDA:0,(anonymous_2)
DA:1,0
DA:2,0
DA:3,0
DA:4,0
DA:5,0
DA:6,0
DA:7,0
DA:8,0
DA:9,0
DA:10,0
DA:11,0
DA:12,0
DA:13,0
DA:14,0
DA:15,0
DA:16,0
DA:62,0
DA:79,0
DA:101,0
LF:19
LH:0
BRF:0
BRH:0
end_of_record
TN:
SF:src\app.service.ts
FN:5,(anonymous_1)
FNF:1
FNH:1
FNDA:1,(anonymous_1)
DA:1,1
DA:4,1
DA:6,1
LF:3
LH:3
BRF:0
BRH:0
end_of_record
TN:
SF:src\main.ts
FN:10,bootstrap
FN:32,(anonymous_1)
FNF:2
FNH:0
FNDA:0,bootstrap
FNDA:0,(anonymous_1)
DA:1,0
DA:2,0
DA:3,0
DA:4,0
DA:13,0
DA:16,0
DA:19,0
DA:22,0
DA:25,0
DA:28,0
DA:32,0
DA:33,0
DA:34,0
LF:13
LH:0
BRDA:22,0,0,0
BRDA:22,0,1,0
BRF:2
BRH:0
end_of_record
TN:
SF:src\balances\balances.controller.ts
FN:21,(anonymous_4)
FN:29,(anonymous_5)
FN:47,(anonymous_6)
FNF:3
FNH:2
FNDA:2,(anonymous_4)
FNDA:2,(anonymous_5)
FNDA:0,(anonymous_6)
DA:1,1
DA:10,1
DA:11,1
DA:12,1
DA:20,1
DA:21,2
DA:29,1
DA:35,2
DA:36,1
DA:38,1
DA:47,1
DA:51,0
LF:12
LH:11
BRDA:35,0,0,1
BRDA:35,0,1,1
BRDA:35,1,0,2
BRDA:35,1,1,2
BRDA:21,2,0,1
BRDA:21,2,1,0
BRDA:21,3,0,1
BRDA:21,3,1,1
BRF:8
BRH:7
end_of_record
TN:
SF:src\balances\balances.module.ts
FNF:0
FNH:0
DA:1,0
DA:2,0
DA:3,0
DA:4,0
DA:5,0
DA:6,0
DA:7,0
DA:8,0
DA:9,0
DA:10,0
DA:11,0
DA:22,0
LF:12
LH:0
BRF:0
BRH:0
end_of_record
TN:
SF:src\balances\balances.service.ts
FN:23,(anonymous_4)
FN:48,(anonymous_5)
FN:74,(anonymous_6)
FN:112,(anonymous_7)
FN:122,(anonymous_8)
FN:143,(anonymous_9)
FN:148,(anonymous_10)
FN:168,(anonymous_11)
FN:188,(anonymous_12)
FN:193,(anonymous_13)
FN:214,(anonymous_14)
FNF:11
FNH:5
FNDA:4,(anonymous_4)
FNDA:2,(anonymous_5)
FNDA:1,(anonymous_6)
FNDA:1,(anonymous_7)
FNDA:0,(anonymous_8)
FNDA:0,(anonymous_9)
FNDA:0,(anonymous_10)
FNDA:0,(anonymous_11)
FNDA:0,(anonymous_12)
FNDA:0,(anonymous_13)
FNDA:2,(anonymous_14)
DA:1,5
DA:2,5
DA:3,5
DA:4,5
DA:5,5
DA:9,5
DA:10,5
DA:11,5
DA:19,5
DA:20,4
DA:25,4
DA:27,4
DA:29,4
DA:30,4
DA:31,4
DA:34,4
DA:52,2
DA:57,2
DA:59,2
DA:60,1
DA:63,1
DA:66,1
DA:67,1
DA:78,1
DA:83,1
DA:84,1
DA:86,1
DA:87,1
DA:91,1
DA:92,1
DA:99,1
DA:100,1
DA:101,1
DA:103,1
DA:106,1
DA:113,1
DA:114,1
DA:115,1
DA:128,0
DA:134,0
DA:135,0
DA:139,0
DA:140,0
DA:143,0
DA:144,0
DA:148,0
DA:149,0
DA:152,0
DA:153,0
DA:162,0
DA:174,0
DA:180,0
DA:181,0
DA:184,0
DA:185,0
DA:188,0
DA:189,0
DA:193,0
DA:194,0
DA:197,0
DA:198,0
DA:207,0
DA:215,2
DA:216,2
DA:217,2
DA:219,2
DA:220,2
DA:228,2
DA:229,0
DA:235,0
DA:236,0
DA:240,2
DA:241,0
DA:249,0
DA:253,2
DA:262,2
DA:264,1
DA:265,1
DA:266,1
DA:268,1
DA:271,1
DA:283,1
DA:288,2
DA:301,2
LF:84
LH:55
BRDA:57,0,0,2
BRDA:57,0,1,1
BRDA:59,1,0,1
BRDA:59,1,1,1
BRDA:91,2,0,1
BRDA:91,2,1,0
BRDA:134,3,0,0
BRDA:134,3,1,0
BRDA:139,4,0,0
BRDA:139,4,1,0
BRDA:152,5,0,0
BRDA:152,5,1,0
BRDA:180,6,0,0
BRDA:180,6,1,0
BRDA:184,7,0,0
BRDA:184,7,1,0
BRDA:197,8,0,0
BRDA:197,8,1,0
BRDA:228,9,0,0
BRDA:228,9,1,2
BRDA:240,10,0,0
BRDA:240,10,1,2
BRDA:262,11,0,1
BRDA:262,11,1,1
BRDA:25,12,0,5
BRDA:25,12,1,0
BRDA:25,13,0,5
BRDA:25,13,1,5
BRDA:25,14,0,5
BRDA:25,14,1,0
BRDA:25,15,0,5
BRDA:25,15,1,5
BRDA:27,16,0,5
BRDA:27,16,1,0
BRDA:27,17,0,5
BRDA:27,17,1,5
BRDA:29,18,0,5
BRDA:29,18,1,0
BRDA:29,19,0,5
BRDA:29,19,1,5
BRDA:30,20,0,5
BRDA:30,20,1,0
BRDA:30,21,0,5
BRDA:30,21,1,5
BRF:44
BRH:24
end_of_record
TN:
SF:src\balances\sync.controller.ts
FN:29,(anonymous_4)
FN:43,(anonymous_5)
FN:63,(anonymous_6)
FNF:3
FNH:3
FNDA:3,(anonymous_4)
FNDA:2,(anonymous_5)
FNDA:1,(anonymous_6)
DA:1,1
DA:10,1
DA:11,1
DA:12,1
DA:13,1
DA:14,1
DA:15,1
DA:16,1
DA:17,1
DA:18,1
DA:28,1
DA:30,3
DA:31,3
DA:33,3
DA:35,3
DA:43,1
DA:47,2
DA:48,2
DA:49,1
DA:52,1
DA:63,1
DA:64,1
DA:69,1
DA:74,1
DA:78,1
DA:85,1
LF:26
LH:26
BRDA:48,0,0,1
BRDA:48,0,1,1
BRDA:48,1,0,2
BRDA:48,1,1,2
BRDA:81,2,0,1
BRDA:81,2,1,0
BRDA:86,3,0,1
BRDA:86,3,1,0
BRDA:87,4,0,1
BRDA:87,4,1,0
BRDA:44,5,0,1
BRDA:44,5,1,0
BRDA:44,6,0,1
BRDA:44,6,1,1
BRDA:30,7,0,1
BRDA:30,7,1,0
BRDA:30,8,0,1
BRDA:30,8,1,1
BRDA:30,9,0,1
BRDA:30,9,1,0
BRDA:30,10,0,1
BRDA:30,10,1,1
BRDA:31,11,0,1
BRDA:31,11,1,0
BRDA:31,12,0,1
BRDA:31,12,1,1
BRDA:33,13,0,1
BRDA:33,13,1,0
BRDA:33,14,0,1
BRDA:33,14,1,1
BRF:30
BRH:22
end_of_record
TN:
SF:src\balances\sync.service.ts
FN:25,(anonymous_4)
FN:44,(anonymous_5)
FN:60,(anonymous_6)
FNF:3
FNH:0
FNDA:0,(anonymous_4)
FNDA:0,(anonymous_5)
FNDA:0,(anonymous_6)
DA:1,0
DA:2,0
DA:3,0
DA:4,0
DA:5,0
DA:6,0
DA:7,0
DA:8,0
DA:9,0
DA:10,0
DA:19,0
DA:22,0
DA:23,0
DA:27,0
DA:29,0
DA:31,0
DA:32,0
DA:33,0
DA:34,0
DA:35,0
DA:44,0
DA:45,0
DA:48,0
DA:49,0
DA:51,0
DA:52,0
DA:54,0
DA:59,0
DA:60,0
DA:64,0
DA:68,0
DA:69,0
DA:72,0
DA:73,0
DA:74,0
DA:75,0
DA:78,0
DA:87,0
DA:96,0
DA:97,0
DA:103,0
DA:120,0
DA:126,0
LF:43
LH:0
BRDA:64,0,0,0
BRDA:64,0,1,0
BRDA:65,1,0,0
BRDA:65,1,1,0
BRDA:96,2,0,0
BRDA:96,2,1,0
BRDA:27,3,0,0
BRDA:27,3,1,0
BRDA:27,4,0,0
BRDA:27,4,1,0
BRDA:27,5,0,0
BRDA:27,5,1,0
BRDA:27,6,0,0
BRDA:27,6,1,0
BRDA:29,7,0,0
BRDA:29,7,1,0
BRDA:29,8,0,0
BRDA:29,8,1,0
BRDA:31,9,0,0
BRDA:31,9,1,0
BRDA:31,10,0,0
BRDA:31,10,1,0
BRDA:32,11,0,0
BRDA:32,11,1,0
BRDA:32,12,0,0
BRDA:32,12,1,0
BRDA:33,13,0,0
BRDA:33,13,1,0
BRDA:33,14,0,0
BRDA:33,14,1,0
BRDA:34,15,0,0
BRDA:34,15,1,0
BRDA:34,16,0,0
BRDA:34,16,1,0
BRF:34
BRH:0
end_of_record
TN:
SF:src\common\decorators\roles.decorator.ts
FN:10,(anonymous_0)
FNF:1
FNH:1
FNDA:9,(anonymous_0)
DA:1,3
DA:4,3
DA:10,9
LF:3
LH:3
BRF:0
BRH:0
end_of_record
TN:
SF:src\common\guards\auth.guard.ts
FN:19,(anonymous_2)
FN:24,(anonymous_3)
FN:63,(anonymous_4)
FNF:3
FNH:0
FNDA:0,(anonymous_2)
FNDA:0,(anonymous_3)
FNDA:0,(anonymous_4)
DA:1,3
DA:8,3
DA:9,3
DA:10,3
DA:18,3
DA:20,0
DA:21,0
DA:25,0
DA:26,0
DA:28,0
DA:29,0
DA:32,0
DA:34,0
DA:35,0
DA:37,0
DA:41,0
DA:46,0
DA:47,0
DA:50,0
DA:51,0
DA:52,0
DA:57,0
DA:64,0
DA:65,0
LF:24
LH:5
BRDA:28,0,0,0
BRDA:28,0,1,0
BRDA:46,1,0,0
BRDA:46,1,1,0
BRDA:51,2,0,0
BRDA:51,2,1,0
BRDA:64,3,0,0
BRDA:64,3,1,0
BRDA:65,4,0,0
BRDA:65,4,1,0
BRDA:20,5,0,3
BRDA:20,5,1,0
BRDA:20,6,0,3
BRDA:20,6,1,3
BRDA:20,7,0,3
BRDA:20,7,1,0
BRDA:20,8,0,3
BRDA:20,8,1,3
BRF:18
BRH:6
end_of_record
TN:
SF:src\common\guards\employee-throttler.guard.ts
FN:14,(anonymous_1)
FNF:1
FNH:0
FNDA:0,(anonymous_1)
DA:1,2
DA:2,2
DA:9,2
DA:15,0
DA:16,0
DA:18,0
LF:6
LH:3
BRDA:15,0,0,0
BRDA:15,0,1,0
BRDA:15,1,0,0
BRDA:15,1,1,0
BRDA:18,2,0,0
BRDA:18,2,1,0
BRF:6
BRH:0
end_of_record
TN:
SF:src\common\utils\date.utils.ts
FN:9,calculateBusinessDays
FNF:1
FNH:1
FNDA:9,calculateBusinessDays
DA:9,3
DA:10,9
DA:11,1
DA:15,8
DA:16,8
DA:17,8
DA:18,8
DA:20,8
DA:21,8
DA:23,8
DA:24,20
DA:25,20
DA:27,20
DA:28,14
DA:31,20
DA:34,8
LF:16
LH:16
BRDA:10,0,0,1
BRDA:10,0,1,8
BRDA:25,1,0,20
BRDA:25,1,1,17
BRDA:27,2,0,14
BRDA:27,2,1,6
BRF:6
BRH:6
end_of_record
TN:
SF:src\common\utils\mutex.service.ts
FN:18,(anonymous_1)
FN:22,(anonymous_2)
FN:26,(anonymous_3)
FN:30,(anonymous_4)
FNF:4
FNH:0
FNDA:0,(anonymous_1)
FNDA:0,(anonymous_2)
FNDA:0,(anonymous_3)
FNDA:0,(anonymous_4)
DA:1,2
DA:11,2
DA:12,0
DA:19,0
DA:22,0
DA:23,0
DA:26,0
DA:28,0
DA:30,0
DA:31,0
DA:33,0
DA:34,0
LF:12
LH:2
BRDA:19,0,0,0
BRDA:19,0,1,0
BRDA:33,1,0,0
BRDA:33,1,1,0
BRF:4
BRH:0
end_of_record
TN:
SF:src\database\entities\balance.entity.ts
FNF:0
FNH:0
DA:1,5
DA:16,5
DA:18,5
DA:22,5
DA:26,5
DA:30,5
DA:34,5
DA:41,5
DA:45,5
DA:48,5
DA:51,5
LF:11
LH:11
BRDA:45,0,0,5
BRDA:45,0,1,0
BRDA:45,1,0,5
BRDA:45,1,1,5
BRDA:48,2,0,5
BRDA:48,2,1,0
BRDA:48,3,0,5
BRDA:48,3,1,5
BRDA:51,4,0,5
BRDA:51,4,1,0
BRDA:51,5,0,5
BRDA:51,5,1,5
BRF:12
BRH:9
end_of_record
TN:
SF:src\database\entities\sync-log.entity.ts
FN:9,(anonymous_2)
FNF:1
FNH:1
FNDA:5,(anonymous_2)
DA:1,5
DA:9,5
DA:11,5
DA:13,5
DA:15,5
DA:23,5
DA:25,5
DA:29,5
DA:33,5
DA:37,5
DA:41,5
DA:44,5
LF:12
LH:12
BRDA:9,0,0,5
BRDA:9,0,1,5
BRDA:44,1,0,5
BRDA:44,1,1,0
BRDA:44,2,0,5
BRDA:44,2,1,5
BRF:6
BRH:5
end_of_record
TN:
SF:src\database\entities\time-off-request.entity.ts
FN:11,(anonymous_2)
FNF:1
FNH:1
FNDA:5,(anonymous_2)
DA:1,5
DA:11,5
DA:12,5
DA:13,5
DA:14,5
DA:15,5
DA:23,5
DA:25,5
DA:30,5
DA:34,5
DA:38,5
DA:41,5
DA:44,5
DA:48,5
DA:55,5
DA:59,5
DA:63,5
DA:67,5
DA:71,5
DA:75,5
DA:78,5
DA:82,5
DA:85,5
LF:23
LH:23
BRDA:11,0,0,5
BRDA:11,0,1,5
BRDA:41,1,0,5
BRDA:41,1,1,0
BRDA:41,2,0,5
BRDA:41,2,1,5
BRDA:44,3,0,5
BRDA:44,3,1,0
BRDA:44,4,0,5
BRDA:44,4,1,5
BRDA:78,5,0,5
BRDA:78,5,1,0
BRDA:78,6,0,5
BRDA:78,6,1,5
BRDA:82,7,0,5
BRDA:82,7,1,0
BRDA:82,8,0,5
BRDA:82,8,1,5
BRDA:85,9,0,5
BRDA:85,9,1,0
BRDA:85,10,0,5
BRDA:85,10,1,5
BRF:22
BRH:17
end_of_record
TN:
SF:src\hcm\hcm.adapter.ts
FN:18,(anonymous_2)
FN:28,(anonymous_3)
FN:30,(anonymous_4)
FN:53,(anonymous_5)
FN:85,(anonymous_6)
FN:110,(anonymous_7)
FNF:6
FNH:3
FNDA:2,(anonymous_2)
FNDA:2,(anonymous_3)
FNDA:0,(anonymous_4)
FNDA:1,(anonymous_5)
FNDA:0,(anonymous_6)
FNDA:0,(anonymous_7)
DA:1,6
DA:6,6
DA:14,6
DA:15,2
DA:18,2
DA:19,2
DA:29,2
DA:30,2
DA:31,2
DA:32,2
DA:36,2
DA:37,2
DA:39,0
DA:40,0
DA:41,0
DA:43,0
DA:54,1
DA:57,1
DA:58,1
DA:59,1
DA:60,2
DA:61,2
DA:65,2
DA:66,2
DA:67,2
DA:70,0
DA:72,0
DA:73,0
DA:78,1
DA:91,0
DA:92,0
DA:100,0
DA:101,0
DA:102,0
DA:104,0
DA:116,0
DA:117,0
DA:125,0
DA:126,0
DA:127,0
DA:129,0
LF:41
LH:22
BRDA:28,0,0,2
BRDA:40,1,0,0
BRDA:40,1,1,0
BRDA:65,2,0,2
BRDA:65,2,1,0
BRDA:72,3,0,0
BRDA:72,3,1,0
BRDA:101,4,0,0
BRDA:101,4,1,0
BRDA:101,5,0,0
BRDA:101,5,1,0
BRDA:102,6,0,0
BRDA:102,6,1,0
BRDA:126,7,0,0
BRDA:126,7,1,0
BRDA:126,8,0,0
BRDA:126,8,1,0
BRDA:127,9,0,0
BRDA:127,9,1,0
BRDA:18,10,0,6
BRDA:18,10,1,0
BRDA:18,11,0,6
BRDA:18,11,1,6
BRF:23
BRH:5
end_of_record
TN:
SF:src\hcm\hcm.module.ts
FNF:0
FNH:0
DA:1,0
DA:2,0
DA:8,0
LF:3
LH:0
BRF:0
BRH:0
end_of_record
TN:
SF:src\hcm\dto\hcm-batch.dto.ts
FN:33,(anonymous_2)
FNF:1
FNH:0
FNDA:0,(anonymous_2)
DA:1,1
DA:8,1
DA:10,1
DA:13,1
DA:17,1
DA:21,1
DA:24,1
DA:27,1
DA:30,1
DA:33,0
DA:34,1
LF:11
LH:10
BRF:0
BRH:0
end_of_record
TN:
SF:src\requests\requests.controller.ts
FN:27,(anonymous_4)
FN:36,(anonymous_5)
FN:52,(anonymous_6)
FN:69,(anonymous_7)
FN:85,(anonymous_8)
FN:94,(anonymous_9)
FN:103,(anonymous_10)
FNF:7
FNH:5
FNDA:4,(anonymous_4)
FNDA:0,(anonymous_5)
FNDA:1,(anonymous_6)
FNDA:1,(anonymous_7)
FNDA:1,(anonymous_8)
FNDA:0,(anonymous_9)
FNDA:1,(anonymous_10)
DA:1,1
DA:13,1
DA:14,1
DA:15,1
DA:16,1
DA:17,1
DA:18,1
DA:26,1
DA:27,4
DA:36,1
DA:38,0
DA:39,0
DA:43,0
DA:52,1
DA:58,1
DA:59,0
DA:61,1
DA:69,1
DA:70,1
DA:72,1
DA:73,1
DA:77,0
DA:85,1
DA:86,1
DA:94,1
DA:95,0
DA:103,1
DA:104,1
DA:106,1
DA:107,1
DA:111,0
LF:31
LH:24
BRDA:38,0,0,0
BRDA:38,0,1,0
BRDA:58,1,0,0
BRDA:58,1,1,1
BRDA:72,2,0,1
BRDA:72,2,1,0
BRDA:72,3,0,1
BRDA:72,3,1,1
BRDA:106,4,0,1
BRDA:106,4,1,0
BRDA:36,5,0,1
BRDA:36,5,1,0
BRDA:36,6,0,1
BRDA:36,6,1,1
BRDA:54,7,0,0
BRDA:54,7,1,1
BRDA:54,8,0,1
BRDA:54,8,1,1
BRDA:27,9,0,1
BRDA:27,9,1,0
BRDA:27,10,0,1
BRDA:27,10,1,1
BRF:22
BRH:14
end_of_record
TN:
SF:src\requests\requests.module.ts
FNF:0
FNH:0
DA:1,0
DA:2,0
DA:3,0
DA:4,0
DA:5,0
DA:6,0
DA:14,0
LF:7
LH:0
BRF:0
BRH:0
end_of_record
TN:
SF:src\requests\requests.service.ts
FN:21,(anonymous_4)
FN:32,(anonymous_5)
FN:54,(anonymous_6)
FN:74,(anonymous_7)
FN:91,(anonymous_8)
FN:106,(anonymous_9)
FN:123,(anonymous_10)
FN:166,(anonymous_11)
FN:185,(anonymous_12)
FNF:9
FNH:9
FNDA:10,(anonymous_4)
FNDA:4,(anonymous_5)
FNDA:3,(anonymous_6)
FNDA:1,(anonymous_7)
FNDA:5,(anonymous_8)
FNDA:3,(anonymous_9)
FNDA:2,(anonymous_10)
FNDA:1,(anonymous_11)
FNDA:1,(anonymous_12)
DA:1,2
DA:2,2
DA:3,2
DA:4,2
DA:9,2
DA:10,2
DA:11,2
DA:18,2
DA:19,10
DA:23,10
DA:24,10
DA:25,10
DA:33,4
DA:34,4
DA:37,4
DA:38,0
DA:42,4
DA:43,4
DA:44,1
DA:50,3
DA:54,3
DA:56,3
DA:57,1
DA:62,2
DA:68,2
DA:78,1
DA:79,1
DA:80,1
DA:82,1
DA:92,5
DA:93,5
DA:94,0
DA:96,5
DA:107,3
DA:110,3
DA:111,3
DA:112,3
DA:113,1
DA:119,2
DA:123,2
DA:126,2
DA:127,1
DA:133,1
DA:134,1
DA:141,1
DA:142,1
DA:143,1
DA:144,1
DA:145,1
DA:147,0
DA:148,0
DA:152,0
DA:153,0
DA:154,0
DA:157,1
DA:159,3
DA:167,1
DA:168,1
DA:169,0
DA:174,1
DA:175,1
DA:176,1
DA:178,1
DA:186,1
DA:188,1
DA:189,0
DA:192,1
DA:193,0
DA:196,1
DA:197,1
DA:198,1
DA:200,1
DA:202,1
DA:205,1
DA:206,1
DA:212,0
DA:213,0
DA:220,0
DA:221,0
DA:226,0
DA:232,0
DA:233,0
DA:235,1
LF:83
LH:66
BRDA:37,0,0,0
BRDA:37,0,1,4
BRDA:43,1,0,1
BRDA:43,1,1,3
BRDA:56,2,0,1
BRDA:56,2,1,2
BRDA:56,3,0,3
BRDA:56,3,1,3
BRDA:58,4,0,1
BRDA:58,4,1,0
BRDA:79,5,0,1
BRDA:79,5,1,0
BRDA:80,6,0,0
BRDA:80,6,1,1
BRDA:93,7,0,0
BRDA:93,7,1,5
BRDA:112,8,0,1
BRDA:112,8,1,2
BRDA:126,9,0,1
BRDA:126,9,1,1
BRDA:126,10,0,2
BRDA:126,10,1,1
BRDA:128,11,0,1
BRDA:128,11,1,1
BRDA:141,12,0,1
BRDA:141,12,1,0
BRDA:168,13,0,0
BRDA:168,13,1,1
BRDA:188,14,0,0
BRDA:188,14,1,1
BRDA:192,15,0,0
BRDA:192,15,1,1
BRDA:198,16,0,1
BRDA:198,16,1,0
BRDA:205,17,0,1
BRDA:205,17,1,0
BRDA:220,18,0,0
BRDA:220,18,1,0
BRDA:23,19,0,2
BRDA:23,19,1,0
BRDA:23,20,0,2
BRDA:23,20,1,2
BRDA:23,21,0,2
BRDA:23,21,1,0
BRDA:23,22,0,2
BRDA:23,22,1,2
BRDA:24,23,0,2
BRDA:24,23,1,0
BRDA:24,24,0,2
BRDA:24,24,1,2
BRF:50
BRH:34
end_of_record
TN:
SF:src\requests\dto\create-request.dto.ts
FNF:0
FNH:0
DA:1,2
DA:13,2
DA:17,2
DA:22,2
DA:28,2
DA:33,2
DA:38,2
DA:43,2
LF:8
LH:8
BRF:0
BRH:0
end_of_record
