TN:
SF:src\app.controller.ts
FN:6,(anonymous_2)
FN:9,(anonymous_3)
FNF:2
FNH:2
FNDA:1,(anonymous_2)
FNDA:1,(anonymous_3)
DA:1,1
DA:2,1
DA:5,1
DA:6,1
DA:9,1
DA:10,1
LF:6
LH:6
BRDA:6,0,0,1
BRDA:6,0,1,0
BRDA:6,1,0,1
BRDA:6,1,1,1
BRF:4
BRH:3
end_of_record
TN:
SF:src\app.module.ts
FN:41,(anonymous_1)
FN:52,(anonymous_2)
FNF:2
FNH:0
FNDA:0,(anonymous_1)
FNDA:0,(anonymous_2)
DA:1,0
DA:2,0
DA:3,0
DA:4,0
DA:5,0
DA:6,0
DA:7,0
DA:8,0
DA:9,0
DA:10,0
DA:11,0
DA:12,0
DA:13,0
DA:14,0
DA:15,0
DA:41,0
DA:52,0
DA:70,0
LF:18
LH:0
BRF:0
BRH:0
end_of_record
TN:
SF:src\app.service.ts
FN:5,(anonymous_1)
FNF:1
FNH:1
FNDA:1,(anonymous_1)
DA:1,1
DA:4,1
DA:6,1
LF:3
LH:3
BRF:0
BRH:0
end_of_record
TN:
SF:src\main.ts
FN:5,bootstrap
FN:12,(anonymous_1)
FNF:2
FNH:0
FNDA:0,bootstrap
FNDA:0,(anonymous_1)
DA:1,0
DA:2,0
DA:3,0
DA:6,0
DA:7,0
DA:8,0
DA:9,0
DA:10,0
DA:12,0
DA:13,0
DA:14,0
LF:11
LH:0
BRDA:8,0,0,0
BRDA:8,0,1,0
BRF:2
BRH:0
end_of_record
TN:
SF:src\balances\balances.controller.ts
FN:18,(anonymous_4)
FN:22,(anonymous_5)
FN:37,(anonymous_6)
FNF:3
FNH:2
FNDA:2,(anonymous_4)
FNDA:2,(anonymous_5)
FNDA:0,(anonymous_6)
DA:1,1
DA:10,1
DA:11,1
DA:12,1
DA:13,1
DA:17,1
DA:18,2
DA:22,1
DA:27,2
DA:28,1
DA:32,1
DA:37,1
DA:41,0
LF:13
LH:12
BRDA:27,0,0,1
BRDA:27,0,1,1
BRDA:27,1,0,2
BRDA:27,1,1,2
BRDA:18,2,0,1
BRDA:18,2,1,0
BRDA:18,3,0,1
BRDA:18,3,1,1
BRF:8
BRH:7
end_of_record
TN:
SF:src\balances\balances.module.ts
FNF:0
FNH:0
DA:1,0
DA:2,0
DA:3,0
DA:4,0
DA:5,0
DA:6,0
DA:7,0
DA:8,0
DA:9,0
DA:10,0
DA:21,0
LF:11
LH:0
BRF:0
BRH:0
end_of_record
TN:
SF:src\balances\balances.service.ts
FN:19,(anonymous_4)
FN:39,(anonymous_5)
FN:64,(anonymous_6)
FN:99,(anonymous_7)
FN:105,(anonymous_8)
FN:129,(anonymous_9)
FN:153,(anonymous_10)
FNF:7
FNH:5
FNDA:4,(anonymous_4)
FNDA:2,(anonymous_5)
FNDA:1,(anonymous_6)
FNDA:1,(anonymous_7)
FNDA:0,(anonymous_8)
FNDA:0,(anonymous_9)
FNDA:2,(anonymous_10)
DA:1,5
DA:2,5
DA:3,5
DA:4,5
DA:5,5
DA:9,5
DA:10,5
DA:11,5
DA:15,5
DA:16,4
DA:21,4
DA:23,4
DA:25,4
DA:26,4
DA:27,4
DA:29,4
DA:43,2
DA:48,2
DA:50,2
DA:51,1
DA:54,1
DA:57,1
DA:58,1
DA:68,1
DA:73,1
DA:74,1
DA:76,1
DA:77,1
DA:81,1
DA:82,1
DA:89,1
DA:90,1
DA:91,1
DA:93,1
DA:96,1
DA:100,1
DA:101,1
DA:102,1
DA:111,0
DA:117,0
DA:118,0
DA:126,0
DA:135,0
DA:141,0
DA:142,0
DA:150,0
DA:154,2
DA:155,2
DA:156,2
DA:158,2
DA:160,2
DA:169,2
DA:170,0
DA:176,0
DA:177,0
DA:181,2
DA:183,0
DA:191,0
DA:195,2
DA:204,2
DA:206,1
DA:207,1
DA:208,1
DA:210,1
DA:213,1
DA:225,1
DA:230,2
DA:243,2
LF:68
LH:55
BRDA:48,0,0,2
BRDA:48,0,1,1
BRDA:50,1,0,1
BRDA:50,1,1,1
BRDA:81,2,0,1
BRDA:81,2,1,0
BRDA:117,3,0,0
BRDA:117,3,1,0
BRDA:141,4,0,0
BRDA:141,4,1,0
BRDA:169,5,0,0
BRDA:169,5,1,2
BRDA:181,6,0,0
BRDA:181,6,1,2
BRDA:204,7,0,1
BRDA:204,7,1,1
BRDA:21,8,0,5
BRDA:21,8,1,0
BRDA:21,9,0,5
BRDA:21,9,1,5
BRDA:21,10,0,5
BRDA:21,10,1,0
BRDA:21,11,0,5
BRDA:21,11,1,5
BRDA:23,12,0,5
BRDA:23,12,1,0
BRDA:23,13,0,5
BRDA:23,13,1,5
BRDA:25,14,0,5
BRDA:25,14,1,0
BRDA:25,15,0,5
BRDA:25,15,1,5
BRDA:26,16,0,5
BRDA:26,16,1,0
BRDA:26,17,0,5
BRDA:26,17,1,5
BRF:36
BRH:24
end_of_record
TN:
SF:src\balances\sync.controller.ts
FN:22,(anonymous_4)
FN:30,(anonymous_5)
FN:45,(anonymous_6)
FNF:3
FNH:3
FNDA:3,(anonymous_4)
FNDA:2,(anonymous_5)
FNDA:1,(anonymous_6)
DA:1,1
DA:10,1
DA:11,1
DA:12,1
DA:13,1
DA:14,1
DA:15,1
DA:16,1
DA:17,1
DA:18,1
DA:21,1
DA:23,3
DA:24,3
DA:26,3
DA:30,1
DA:34,2
DA:35,2
DA:36,1
DA:39,1
DA:45,1
DA:46,1
DA:50,1
LF:22
LH:22
BRDA:35,0,0,1
BRDA:35,0,1,1
BRDA:35,1,0,2
BRDA:35,1,1,2
BRDA:31,2,0,1
BRDA:31,2,1,0
BRDA:31,3,0,1
BRDA:31,3,1,1
BRDA:23,4,0,1
BRDA:23,4,1,0
BRDA:23,5,0,1
BRDA:23,5,1,1
BRDA:23,6,0,1
BRDA:23,6,1,0
BRDA:23,7,0,1
BRDA:23,7,1,1
BRDA:24,8,0,1
BRDA:24,8,1,0
BRDA:24,9,0,1
BRDA:24,9,1,1
BRF:20
BRH:16
end_of_record
TN:
SF:src\balances\sync.service.ts
FN:14,(anonymous_4)
FN:24,(anonymous_5)
FN:44,(anonymous_6)
FNF:3
FNH:0
FNDA:0,(anonymous_4)
FNDA:0,(anonymous_5)
FNDA:0,(anonymous_6)
DA:1,0
DA:2,0
DA:3,0
DA:4,0
DA:5,0
DA:6,0
DA:7,0
DA:8,0
DA:11,0
DA:12,0
DA:16,0
DA:18,0
DA:19,0
DA:20,0
DA:24,0
DA:25,0
DA:28,0
DA:29,0
DA:31,0
DA:32,0
DA:38,0
DA:43,0
DA:44,0
DA:47,0
DA:48,0
DA:49,0
DA:52,0
DA:53,0
DA:54,0
DA:55,0
DA:58,0
DA:74,0
DA:80,0
LF:33
LH:0
BRDA:47,0,0,0
BRDA:47,0,1,0
BRDA:47,1,0,0
BRDA:47,1,1,0
BRDA:16,2,0,0
BRDA:16,2,1,0
BRDA:16,3,0,0
BRDA:16,3,1,0
BRDA:16,4,0,0
BRDA:16,4,1,0
BRDA:16,5,0,0
BRDA:16,5,1,0
BRDA:18,6,0,0
BRDA:18,6,1,0
BRDA:18,7,0,0
BRDA:18,7,1,0
BRDA:19,8,0,0
BRDA:19,8,1,0
BRDA:19,9,0,0
BRDA:19,9,1,0
BRF:20
BRH:0
end_of_record
TN:
SF:src\common\decorators\roles.decorator.ts
FN:4,(anonymous_0)
FNF:1
FNH:1
FNDA:9,(anonymous_0)
DA:1,3
DA:2,3
DA:4,9
LF:3
LH:3
BRF:0
BRH:0
end_of_record
TN:
SF:src\common\guards\auth.guard.ts
FN:16,(anonymous_2)
FN:21,(anonymous_3)
FN:51,(anonymous_4)
FNF:3
FNH:0
FNDA:0,(anonymous_2)
FNDA:0,(anonymous_3)
FNDA:0,(anonymous_4)
DA:1,3
DA:8,3
DA:10,3
DA:12,3
DA:15,3
DA:17,0
DA:18,0
DA:22,0
DA:23,0
DA:25,0
DA:26,0
DA:29,0
DA:30,0
DA:31,0
DA:33,0
DA:38,0
DA:39,0
DA:44,0
DA:45,0
DA:46,0
DA:48,0
DA:52,0
DA:53,0
LF:23
LH:5
BRDA:25,0,0,0
BRDA:25,0,1,0
BRDA:38,1,0,0
BRDA:38,1,1,0
BRDA:38,2,0,0
BRDA:38,2,1,0
BRDA:44,3,0,0
BRDA:44,3,1,0
BRDA:52,4,0,0
BRDA:52,4,1,0
BRDA:53,5,0,0
BRDA:53,5,1,0
BRDA:17,6,0,3
BRDA:17,6,1,0
BRDA:17,7,0,3
BRDA:17,7,1,3
BRDA:17,8,0,3
BRDA:17,8,1,0
BRDA:17,9,0,3
BRDA:17,9,1,3
BRF:20
BRH:6
end_of_record
TN:
SF:src\common\guards\employee-throttler.guard.ts
FN:6,(anonymous_1)
FNF:1
FNH:0
FNDA:0,(anonymous_1)
DA:1,2
DA:2,2
DA:5,2
DA:7,0
DA:8,0
DA:10,0
LF:6
LH:3
BRDA:7,0,0,0
BRDA:7,0,1,0
BRDA:7,1,0,0
BRDA:7,1,1,0
BRDA:10,2,0,0
BRDA:10,2,1,0
BRF:6
BRH:0
end_of_record
TN:
SF:src\common\guards\roles.guard.ts
FN:6,(anonymous_2)
FN:8,(anonymous_3)
FNF:2
FNH:0
FNDA:0,(anonymous_2)
FNDA:0,(anonymous_3)
DA:1,3
DA:2,3
DA:5,3
DA:6,0
DA:9,0
DA:10,0
DA:11,0
DA:13,0
DA:14,0
DA:15,0
LF:10
LH:3
BRDA:10,0,0,0
BRDA:10,0,1,0
BRDA:6,1,0,3
BRDA:6,1,1,0
BRDA:6,2,0,3
BRDA:6,2,1,3
BRF:6
BRH:3
end_of_record
TN:
SF:src\common\utils\date.utils.ts
FN:4,calculateBusinessDays
FNF:1
FNH:1
FNDA:9,calculateBusinessDays
DA:4,3
DA:5,9
DA:6,1
DA:10,8
DA:11,8
DA:12,8
DA:13,8
DA:15,8
DA:16,8
DA:18,8
DA:19,20
DA:20,20
DA:22,20
DA:23,14
DA:25,20
DA:28,8
LF:16
LH:16
BRDA:5,0,0,1
BRDA:5,0,1,8
BRDA:20,1,0,20
BRDA:20,1,1,17
BRDA:22,2,0,14
BRDA:22,2,1,6
BRF:6
BRH:6
end_of_record
TN:
SF:src\database\entities\balance.entity.ts
FNF:0
FNH:0
DA:1,5
DA:4,5
DA:6,5
DA:9,5
DA:12,5
DA:15,5
DA:18,5
DA:21,5
LF:8
LH:8
BRDA:21,0,0,5
BRDA:21,0,1,0
BRDA:21,1,0,5
BRDA:21,1,1,5
BRF:4
BRH:3
end_of_record
TN:
SF:src\database\entities\sync-log.entity.ts
FN:8,(anonymous_2)
FNF:1
FNH:1
FNDA:5,(anonymous_2)
DA:1,5
DA:8,5
DA:9,5
DA:10,5
DA:11,5
DA:15,5
DA:17,5
DA:20,5
DA:23,5
DA:26,5
DA:29,5
DA:32,5
LF:12
LH:12
BRDA:8,0,0,5
BRDA:8,0,1,5
BRDA:32,1,0,5
BRDA:32,1,1,0
BRDA:32,2,0,5
BRDA:32,2,1,5
BRF:6
BRH:5
end_of_record
TN:
SF:src\database\entities\time-off-request.entity.ts
FN:8,(anonymous_2)
FNF:1
FNH:1
FNDA:5,(anonymous_2)
DA:1,5
DA:8,5
DA:9,5
DA:10,5
DA:11,5
DA:12,5
DA:16,5
DA:18,5
DA:21,5
DA:24,5
DA:27,5
DA:30,5
DA:33,5
DA:36,5
DA:42,5
DA:45,5
DA:48,5
DA:51,5
DA:54,5
DA:57,5
DA:60,5
LF:21
LH:21
BRDA:8,0,0,5
BRDA:8,0,1,5
BRDA:45,1,0,5
BRDA:45,1,1,0
BRDA:45,2,0,5
BRDA:45,2,1,5
BRDA:48,3,0,5
BRDA:48,3,1,0
BRDA:48,4,0,5
BRDA:48,4,1,5
BRF:10
BRH:8
end_of_record
TN:
SF:src\hcm\hcm.adapter.ts
FN:13,(anonymous_2)
FN:20,(anonymous_3)
FN:22,(anonymous_4)
FN:41,(anonymous_5)
FN:60,(anonymous_6)
FN:82,(anonymous_7)
FNF:6
FNH:3
FNDA:2,(anonymous_2)
FNDA:2,(anonymous_3)
FNDA:0,(anonymous_4)
FNDA:1,(anonymous_5)
FNDA:0,(anonymous_6)
FNDA:0,(anonymous_7)
DA:1,6
DA:6,6
DA:9,6
DA:10,2
DA:13,2
DA:14,2
DA:21,2
DA:22,2
DA:23,2
DA:24,2
DA:28,2
DA:29,2
DA:31,0
DA:32,0
DA:33,0
DA:35,0
DA:42,1
DA:45,1
DA:46,1
DA:47,1
DA:48,2
DA:52,2
DA:53,2
DA:54,2
DA:57,1
DA:66,0
DA:67,0
DA:75,0
DA:76,0
DA:77,0
DA:79,0
DA:88,0
DA:89,0
DA:97,0
DA:98,0
DA:99,0
DA:101,0
LF:37
LH:21
BRDA:20,0,0,2
BRDA:32,1,0,0
BRDA:32,1,1,0
BRDA:52,2,0,2
BRDA:52,2,1,0
BRDA:76,3,0,0
BRDA:76,3,1,0
BRDA:76,4,0,0
BRDA:76,4,1,0
BRDA:77,5,0,0
BRDA:77,5,1,0
BRDA:98,6,0,0
BRDA:98,6,1,0
BRDA:98,7,0,0
BRDA:98,7,1,0
BRDA:99,8,0,0
BRDA:99,8,1,0
BRDA:13,9,0,6
BRDA:13,9,1,0
BRDA:13,10,0,6
BRDA:13,10,1,6
BRF:21
BRH:5
end_of_record
TN:
SF:src\hcm\hcm.module.ts
FNF:0
FNH:0
DA:1,0
DA:2,0
DA:8,0
LF:3
LH:0
BRF:0
BRH:0
end_of_record
TN:
SF:src\hcm\dto\hcm-batch.dto.ts
FN:34,(anonymous_2)
FNF:1
FNH:0
FNDA:0,(anonymous_2)
DA:1,1
DA:8,1
DA:10,1
DA:13,1
DA:17,1
DA:21,1
DA:24,1
DA:28,1
DA:31,1
DA:34,0
DA:35,1
LF:11
LH:10
BRF:0
BRH:0
end_of_record
TN:
SF:src\requests\requests.controller.ts
FN:25,(anonymous_4)
FN:31,(anonymous_5)
FN:45,(anonymous_6)
FN:60,(anonymous_7)
FN:66,(anonymous_8)
FN:72,(anonymous_9)
FN:78,(anonymous_10)
FNF:7
FNH:3
FNDA:2,(anonymous_4)
FNDA:0,(anonymous_5)
FNDA:1,(anonymous_6)
FNDA:0,(anonymous_7)
FNDA:1,(anonymous_8)
FNDA:0,(anonymous_9)
FNDA:0,(anonymous_10)
DA:1,1
DA:13,1
DA:14,1
DA:15,1
DA:16,1
DA:17,1
DA:18,1
DA:19,1
DA:20,1
DA:24,1
DA:25,2
DA:31,1
DA:35,0
DA:36,0
DA:40,0
DA:45,1
DA:50,1
DA:51,0
DA:55,1
DA:60,1
DA:61,0
DA:66,1
DA:67,1
DA:72,1
DA:73,0
DA:78,1
DA:80,0
LF:27
LH:20
BRDA:35,0,0,0
BRDA:35,0,1,0
BRDA:50,1,0,0
BRDA:50,1,1,1
BRDA:50,2,0,1
BRDA:50,2,1,0
BRDA:32,3,0,1
BRDA:32,3,1,0
BRDA:32,4,0,1
BRDA:32,4,1,1
BRDA:47,5,0,0
BRDA:47,5,1,1
BRDA:47,6,0,1
BRDA:47,6,1,1
BRDA:25,7,0,1
BRDA:25,7,1,0
BRDA:25,8,0,1
BRDA:25,8,1,1
BRF:18
BRH:11
end_of_record
TN:
SF:src\requests\requests.module.ts
FNF:0
FNH:0
DA:1,0
DA:2,0
DA:3,0
DA:4,0
DA:5,0
DA:6,0
DA:14,0
LF:7
LH:0
BRF:0
BRH:0
end_of_record
TN:
SF:src\requests\requests.service.ts
FN:16,(anonymous_4)
FN:22,(anonymous_5)
FN:42,(anonymous_6)
FN:59,(anonymous_7)
FN:73,(anonymous_8)
FN:81,(anonymous_9)
FN:94,(anonymous_10)
FN:130,(anonymous_11)
FN:145,(anonymous_12)
FNF:9
FNH:9
FNDA:10,(anonymous_4)
FNDA:4,(anonymous_5)
FNDA:3,(anonymous_6)
FNDA:1,(anonymous_7)
FNDA:5,(anonymous_8)
FNDA:3,(anonymous_9)
FNDA:2,(anonymous_10)
FNDA:1,(anonymous_11)
FNDA:1,(anonymous_12)
DA:1,2
DA:2,2
DA:3,2
DA:4,2
DA:9,2
DA:10,2
DA:13,2
DA:14,10
DA:18,10
DA:19,10
DA:23,4
DA:24,4
DA:26,4
DA:27,0
DA:30,4
DA:31,4
DA:32,1
DA:38,3
DA:42,3
DA:44,3
DA:45,1
DA:50,2
DA:56,2
DA:63,1
DA:64,1
DA:65,1
DA:67,1
DA:74,5
DA:75,5
DA:76,0
DA:78,5
DA:82,3
DA:83,3
DA:84,1
DA:90,2
DA:94,2
DA:97,2
DA:98,1
DA:104,1
DA:105,1
DA:112,1
DA:113,1
DA:114,1
DA:115,1
DA:116,1
DA:118,0
DA:119,0
DA:122,0
DA:123,0
DA:124,0
DA:127,1
DA:131,1
DA:132,1
DA:133,0
DA:138,1
DA:139,1
DA:140,1
DA:142,1
DA:146,1
DA:148,1
DA:149,0
DA:152,1
DA:153,0
DA:156,1
DA:158,1
DA:160,1
DA:163,1
DA:164,1
DA:170,0
DA:171,0
DA:178,0
DA:179,0
DA:185,0
DA:191,0
DA:192,0
LF:75
LH:58
BRDA:26,0,0,0
BRDA:26,0,1,4
BRDA:31,1,0,1
BRDA:31,1,1,3
BRDA:44,2,0,1
BRDA:44,2,1,2
BRDA:44,3,0,3
BRDA:44,3,1,3
BRDA:46,4,0,1
BRDA:46,4,1,0
BRDA:64,5,0,1
BRDA:64,5,1,0
BRDA:65,6,0,0
BRDA:65,6,1,1
BRDA:75,7,0,0
BRDA:75,7,1,5
BRDA:83,8,0,1
BRDA:83,8,1,2
BRDA:97,9,0,1
BRDA:97,9,1,1
BRDA:97,10,0,2
BRDA:97,10,1,1
BRDA:99,11,0,1
BRDA:99,11,1,1
BRDA:112,12,0,1
BRDA:112,12,1,0
BRDA:132,13,0,0
BRDA:132,13,1,1
BRDA:148,14,0,0
BRDA:148,14,1,1
BRDA:152,15,0,0
BRDA:152,15,1,1
BRDA:156,16,0,1
BRDA:156,16,1,0
BRDA:163,17,0,1
BRDA:163,17,1,0
BRDA:178,18,0,0
BRDA:178,18,1,0
BRDA:18,19,0,2
BRDA:18,19,1,0
BRDA:18,20,0,2
BRDA:18,20,1,2
BRDA:18,21,0,2
BRDA:18,21,1,0
BRDA:18,22,0,2
BRDA:18,22,1,2
BRF:46
BRH:31
end_of_record
TN:
SF:src\requests\dto\create-request.dto.ts
FNF:0
FNH:0
DA:1,2
DA:3,2
DA:6,2
DA:10,2
DA:14,2
DA:18,2
DA:22,2
LF:7
LH:7
BRF:0
BRH:0
end_of_record
